<?xml version="1.0" encoding="utf-8"?><testsuites name="pytest tests"><testsuite name="pytest" errors="0" failures="0" skipped="0" tests="27" time="5.986" timestamp="2026-02-14T05:50:59.160220+00:00" hostname="agent-env-ba410d6c-0b87-45bf-8f22-1c6b3e757d42"><testcase classname="backend.tests.test_admin_token_security.TestGetClientsEndpoint" name="test_get_clients_without_token_returns_422" time="0.651" /><testcase classname="backend.tests.test_admin_token_security.TestGetClientsEndpoint" name="test_get_clients_with_invalid_token_returns_401" time="0.059" /><testcase classname="backend.tests.test_admin_token_security.TestGetClientsEndpoint" name="test_get_clients_with_valid_token_returns_200" time="0.965" /><testcase classname="backend.tests.test_admin_token_security.TestGetSingleClientEndpoint" name="test_get_client_without_token_returns_422" time="0.237" /><testcase classname="backend.tests.test_admin_token_security.TestGetSingleClientEndpoint" name="test_get_client_with_invalid_token_returns_401" time="0.070" /><testcase classname="backend.tests.test_admin_token_security.TestGetSingleClientEndpoint" name="test_get_client_with_valid_token_returns_200" time="0.148" /><testcase classname="backend.tests.test_admin_token_security.TestUpdateClientEndpoint" name="test_update_client_without_token_returns_422" time="0.054" /><testcase classname="backend.tests.test_admin_token_security.TestUpdateClientEndpoint" name="test_update_client_with_invalid_token_returns_401" time="0.232" /><testcase classname="backend.tests.test_admin_token_security.TestUpdateClientEndpoint" name="test_update_client_with_valid_token_returns_200" time="0.071" /><testcase classname="backend.tests.test_admin_token_security.TestLockUnlockEndpoints" name="test_lock_without_token_returns_422" time="0.174" /><testcase classname="backend.tests.test_admin_token_security.TestLockUnlockEndpoints" name="test_lock_with_invalid_token_returns_401" time="0.062" /><testcase classname="backend.tests.test_admin_token_security.TestLockUnlockEndpoints" name="test_lock_with_valid_token_returns_200" time="0.143" /><testcase classname="backend.tests.test_admin_token_security.TestLockUnlockEndpoints" name="test_unlock_without_token_returns_422" time="0.060" /><testcase classname="backend.tests.test_admin_token_security.TestLockUnlockEndpoints" name="test_unlock_with_invalid_token_returns_401" time="0.162" /><testcase classname="backend.tests.test_admin_token_security.TestLockUnlockEndpoints" name="test_unlock_with_valid_token_returns_200" time="0.079" /><testcase classname="backend.tests.test_admin_token_security.TestWarningEndpoint" name="test_warning_without_token_returns_422" time="0.272" /><testcase classname="backend.tests.test_admin_token_security.TestWarningEndpoint" name="test_warning_with_invalid_token_returns_401" time="0.056" /><testcase classname="backend.tests.test_admin_token_security.TestWarningEndpoint" name="test_warning_with_valid_token_returns_200" time="0.087" /><testcase classname="backend.tests.test_admin_token_security.TestAllowUninstallEndpoint" name="test_allow_uninstall_without_token_returns_422" time="0.070" /><testcase classname="backend.tests.test_admin_token_security.TestAllowUninstallEndpoint" name="test_allow_uninstall_with_invalid_token_returns_401" time="0.057" /><testcase classname="backend.tests.test_admin_token_security.TestAllowUninstallEndpoint" name="test_allow_uninstall_with_valid_token_returns_200" time="0.375" /><testcase classname="backend.tests.test_admin_token_security.TestDeleteClientEndpoint" name="test_delete_without_token_returns_422" time="0.069" /><testcase classname="backend.tests.test_admin_token_security.TestDeleteClientEndpoint" name="test_delete_with_invalid_token_returns_401" time="0.178" /><testcase classname="backend.tests.test_admin_token_security.TestDeleteClientEndpoint" name="test_delete_with_valid_token_deletes_client" time="0.628" /><testcase classname="backend.tests.test_admin_token_security.TestGenerateCodeEndpoint" name="test_generate_code_without_token_returns_422" time="0.130" /><testcase classname="backend.tests.test_admin_token_security.TestGenerateCodeEndpoint" name="test_generate_code_with_invalid_token_returns_401" time="0.230" /><testcase classname="backend.tests.test_admin_token_security.TestGenerateCodeEndpoint" name="test_generate_code_with_valid_token_returns_200" time="0.324" /></testsuite></testsuites>