<?xml version="1.0" encoding="utf-8"?><testsuites name="pytest tests"><testsuite name="pytest" errors="0" failures="0" skipped="0" tests="12" time="3.237" timestamp="2026-02-15T15:36:15.842866+00:00" hostname="agent-env-b26394e1-7c04-4566-ba8c-232942346bcf"><testcase classname="backend.tests.test_admin_settings.TestAdminSettingsEndpoints" name="test_get_admin_settings" time="0.709" /><testcase classname="backend.tests.test_admin_settings.TestAdminSettingsEndpoints" name="test_update_admin_settings" time="0.130" /><testcase classname="backend.tests.test_admin_settings.TestAdminSettingsEndpoints" name="test_get_settings_verify_update" time="0.300" /><testcase classname="backend.tests.test_admin_settings.TestAdminSettingsEndpoints" name="test_apply_settings_to_all_clients" time="0.149" /><testcase classname="backend.tests.test_admin_settings.TestAdminSettingsValidation" name="test_late_fee_percent_validation_min" time="0.339" /><testcase classname="backend.tests.test_admin_settings.TestAdminSettingsValidation" name="test_late_fee_percent_validation_max" time="0.250" /><testcase classname="backend.tests.test_admin_settings.TestAdminSettingsValidation" name="test_grace_days_validation_min" time="0.227" /><testcase classname="backend.tests.test_admin_settings.TestAdminSettingsValidation" name="test_grace_days_validation_max" time="0.378" /><testcase classname="backend.tests.test_admin_settings.TestAdminSettingsAuth" name="test_get_settings_without_token" time="0.202" /><testcase classname="backend.tests.test_admin_settings.TestAdminSettingsAuth" name="test_update_settings_without_token" time="0.123" /><testcase classname="backend.tests.test_admin_settings.TestAdminSettingsAuth" name="test_apply_settings_without_token" time="0.132" /><testcase classname="backend.tests.test_admin_settings.TestAdminSettingsAuth" name="test_invalid_token" time="0.162" /></testsuite></testsuites>