<?xml version="1.0" encoding="utf-8"?><testsuites name="pytest tests"><testsuite name="pytest" errors="0" failures="0" skipped="0" tests="24" time="7.985" timestamp="2026-02-15T16:45:16.182223+00:00" hostname="agent-env-7d106c08-e787-46dc-9d9a-67e558ad9ae3"><testcase classname="backend.tests.test_audit_credit_score.TestSetup" name="test_api_health" time="0.194" /><testcase classname="backend.tests.test_audit_credit_score.TestSetup" name="test_superadmin_login" time="0.297" /><testcase classname="backend.tests.test_audit_credit_score.TestAuditLogLoginCreation" name="test_login_creates_audit_log" time="0.503" /><testcase classname="backend.tests.test_audit_credit_score.TestAuditLogsEndpoints" name="test_get_audit_logs" time="0.439" /><testcase classname="backend.tests.test_audit_credit_score.TestAuditLogsEndpoints" name="test_get_audit_logs_with_pagination" time="0.113" /><testcase classname="backend.tests.test_audit_credit_score.TestAuditLogsEndpoints" name="test_get_audit_logs_with_action_type_filter" time="0.129" /><testcase classname="backend.tests.test_audit_credit_score.TestAuditLogsEndpoints" name="test_get_audit_logs_action_types" time="0.150" /><testcase classname="backend.tests.test_audit_credit_score.TestAuditLogsEndpoints" name="test_get_audit_logs_summary" time="0.153" /><testcase classname="backend.tests.test_audit_credit_score.TestAuditLogsEndpoints" name="test_get_audit_logs_requires_token" time="0.150" /><testcase classname="backend.tests.test_audit_credit_score.TestCreditScoreEndpoints" name="test_get_client_credit_score" time="0.512" /><testcase classname="backend.tests.test_audit_credit_score.TestCreditScoreEndpoints" name="test_get_credit_score_nonexistent_client" time="0.169" /><testcase classname="backend.tests.test_audit_credit_score.TestCreditScoreEndpoints" name="test_update_client_credit_score" time="0.443" /><testcase classname="backend.tests.test_audit_credit_score.TestCreditScoreEndpoints" name="test_update_credit_score_creates_audit_log" time="0.309" /><testcase classname="backend.tests.test_audit_credit_score.TestCreditScoreEndpoints" name="test_update_credit_score_validation" time="0.149" /><testcase classname="backend.tests.test_audit_credit_score.TestCreditScoreEndpoints" name="test_get_credit_score_history" time="0.158" /><testcase classname="backend.tests.test_audit_credit_score.TestCreditScoreEndpoints" name="test_get_credit_score_history_nonexistent_client" time="0.137" /><testcase classname="backend.tests.test_audit_credit_score.TestCreditScoreOverview" name="test_get_credit_scores_overview" time="0.524" /><testcase classname="backend.tests.test_audit_credit_score.TestCreditScoreOverview" name="test_overview_requires_token" time="0.133" /><testcase classname="backend.tests.test_audit_credit_score.TestCreditScoreRatings" name="test_excellent_rating" time="1.310" /><testcase classname="backend.tests.test_audit_credit_score.TestCreditScoreRatings" name="test_good_rating" time="0.664" /><testcase classname="backend.tests.test_audit_credit_score.TestCreditScoreRatings" name="test_fair_rating" time="0.278" /><testcase classname="backend.tests.test_audit_credit_score.TestCreditScoreRatings" name="test_poor_rating" time="0.273" /><testcase classname="backend.tests.test_audit_credit_score.TestCreditScoreRatings" name="test_very_poor_rating" time="0.260" /><testcase classname="backend.tests.test_audit_credit_score.TestCreditScoreRatings" name="test_restore_default_score" time="0.300" /></testsuite></testsuites>