<?xml version="1.0" encoding="utf-8"?><testsuites name="pytest tests"><testsuite name="pytest" errors="0" failures="2" skipped="0" tests="24" time="6.737" timestamp="2026-02-15T16:44:27.560438+00:00" hostname="agent-env-7d106c08-e787-46dc-9d9a-67e558ad9ae3"><testcase classname="backend.tests.test_audit_credit_score.TestSetup" name="test_api_health" time="0.263" /><testcase classname="backend.tests.test_audit_credit_score.TestSetup" name="test_superadmin_login" time="0.286" /><testcase classname="backend.tests.test_audit_credit_score.TestAuditLogLoginCreation" name="test_login_creates_audit_log" time="0.736" /><testcase classname="backend.tests.test_audit_credit_score.TestAuditLogsEndpoints" name="test_get_audit_logs" time="0.385" /><testcase classname="backend.tests.test_audit_credit_score.TestAuditLogsEndpoints" name="test_get_audit_logs_with_pagination" time="0.143" /><testcase classname="backend.tests.test_audit_credit_score.TestAuditLogsEndpoints" name="test_get_audit_logs_with_action_type_filter" time="0.133" /><testcase classname="backend.tests.test_audit_credit_score.TestAuditLogsEndpoints" name="test_get_audit_logs_action_types" time="0.126" /><testcase classname="backend.tests.test_audit_credit_score.TestAuditLogsEndpoints" name="test_get_audit_logs_summary" time="0.120" /><testcase classname="backend.tests.test_audit_credit_score.TestAuditLogsEndpoints" name="test_get_audit_logs_requires_token" time="0.188" /><testcase classname="backend.tests.test_audit_credit_score.TestCreditScoreEndpoints" name="test_get_client_credit_score" time="0.395" /><testcase classname="backend.tests.test_audit_credit_score.TestCreditScoreEndpoints" name="test_get_credit_score_nonexistent_client" time="0.151"><failure message="AssertionError: Expected 404, got 520&#10;assert 520 == 404&#10; +  where 520 = &lt;Response [520]&gt;.status_code">backend/tests/test_audit_credit_score.py:237: in test_get_credit_score_nonexistent_client
    assert response.status_code == 404, f"Expected 404, got {response.status_code}"
E   AssertionError: Expected 404, got 520
E   assert 520 == 404
E    +  where 520 = &lt;Response [520]&gt;.status_code</failure></testcase><testcase classname="backend.tests.test_audit_credit_score.TestCreditScoreEndpoints" name="test_update_client_credit_score" time="0.383" /><testcase classname="backend.tests.test_audit_credit_score.TestCreditScoreEndpoints" name="test_update_credit_score_creates_audit_log" time="0.313" /><testcase classname="backend.tests.test_audit_credit_score.TestCreditScoreEndpoints" name="test_update_credit_score_validation" time="0.122" /><testcase classname="backend.tests.test_audit_credit_score.TestCreditScoreEndpoints" name="test_get_credit_score_history" time="0.158" /><testcase classname="backend.tests.test_audit_credit_score.TestCreditScoreEndpoints" name="test_get_credit_score_history_nonexistent_client" time="0.129"><failure message="AssertionError: Expected 404, got 520&#10;assert 520 == 404&#10; +  where 520 = &lt;Response [520]&gt;.status_code">backend/tests/test_audit_credit_score.py:348: in test_get_credit_score_history_nonexistent_client
    assert response.status_code == 404, f"Expected 404, got {response.status_code}"
E   AssertionError: Expected 404, got 520
E   assert 520 == 404
E    +  where 520 = &lt;Response [520]&gt;.status_code</failure></testcase><testcase classname="backend.tests.test_audit_credit_score.TestCreditScoreOverview" name="test_get_credit_scores_overview" time="0.485" /><testcase classname="backend.tests.test_audit_credit_score.TestCreditScoreOverview" name="test_overview_requires_token" time="0.123" /><testcase classname="backend.tests.test_audit_credit_score.TestCreditScoreRatings" name="test_excellent_rating" time="0.524" /><testcase classname="backend.tests.test_audit_credit_score.TestCreditScoreRatings" name="test_good_rating" time="0.297" /><testcase classname="backend.tests.test_audit_credit_score.TestCreditScoreRatings" name="test_fair_rating" time="0.285" /><testcase classname="backend.tests.test_audit_credit_score.TestCreditScoreRatings" name="test_poor_rating" time="0.264" /><testcase classname="backend.tests.test_audit_credit_score.TestCreditScoreRatings" name="test_very_poor_rating" time="0.254" /><testcase classname="backend.tests.test_audit_credit_score.TestCreditScoreRatings" name="test_restore_default_score" time="0.267" /></testsuite></testsuites>