<?xml version="1.0" encoding="utf-8"?><testsuites name="pytest tests"><testsuite name="pytest" errors="0" failures="0" skipped="0" tests="10" time="6.872" timestamp="2026-02-15T15:15:47.283804+00:00" hostname="agent-env-b26394e1-7c04-4566-ba8c-232942346bcf"><testcase classname="backend.tests.test_auto_lock.TestAutoLockEndpoints" name="test_auto_lock_process_endpoint" time="0.603" /><testcase classname="backend.tests.test_auto_lock.TestAutoLockEndpoints" name="test_auto_lock_pending_endpoint" time="0.603" /><testcase classname="backend.tests.test_auto_lock.TestAutoLockEndpoints" name="test_calculate_all_with_auto_lock_enabled" time="0.561" /><testcase classname="backend.tests.test_auto_lock.TestAutoLockEndpoints" name="test_calculate_all_with_auto_lock_disabled" time="0.566" /><testcase classname="backend.tests.test_auto_lock.TestAutoLockEndpoints" name="test_auto_lock_without_auth" time="0.729" /><testcase classname="backend.tests.test_auto_lock.TestAutoLockWorkflow" name="test_pending_then_process_workflow" time="0.631" /><testcase classname="backend.tests.test_auto_lock.TestAutoLockWorkflow" name="test_calculate_all_then_verify_pending" time="0.928" /><testcase classname="backend.tests.test_auto_lock.TestAutoLockNotifications" name="test_notifications_endpoint_exists" time="0.602" /><testcase classname="backend.tests.test_auto_lock.TestLoanSettings" name="test_update_loan_settings" time="0.781" /><testcase classname="backend.tests.test_auto_lock.TestLoanSettings" name="test_disable_auto_lock" time="0.691" /></testsuite></testsuites>