<?xml version="1.0" encoding="utf-8"?><testsuites name="pytest tests"><testsuite name="pytest" errors="0" failures="1" skipped="2" tests="10" time="6.948" timestamp="2026-02-15T15:14:31.006840+00:00" hostname="agent-env-b26394e1-7c04-4566-ba8c-232942346bcf"><testcase classname="backend.tests.test_auto_lock.TestAutoLockEndpoints" name="test_auto_lock_process_endpoint" time="0.815" /><testcase classname="backend.tests.test_auto_lock.TestAutoLockEndpoints" name="test_auto_lock_pending_endpoint" time="0.542" /><testcase classname="backend.tests.test_auto_lock.TestAutoLockEndpoints" name="test_calculate_all_with_auto_lock_enabled" time="0.577" /><testcase classname="backend.tests.test_auto_lock.TestAutoLockEndpoints" name="test_calculate_all_with_auto_lock_disabled" time="0.518" /><testcase classname="backend.tests.test_auto_lock.TestAutoLockEndpoints" name="test_auto_lock_without_auth" time="0.726" /><testcase classname="backend.tests.test_auto_lock.TestAutoLockWorkflow" name="test_pending_then_process_workflow" time="0.628" /><testcase classname="backend.tests.test_auto_lock.TestAutoLockWorkflow" name="test_calculate_all_then_verify_pending" time="1.321" /><testcase classname="backend.tests.test_auto_lock.TestAutoLockNotifications" name="test_notifications_endpoint_exists" time="0.826"><failure message="AssertionError: Notifications should be a list&#10;assert False&#10; +  where False = isinstance({'notifications': [{'admin_id': 'a8c52e87-f8c8-44b3-9371-57393881db18', 'client_id': '338fcce1-402d-4841-81eb-2f313f1cc144', 'client_name': 'Bdbd', 'created_at': '2026-02-14T06:37:15.343000', ...}, {'admin_id': 'a8c52e87-f8c8-44b3-9371-57393881db18', 'client_id': '338fcce1-402d-4841-81eb-2f313f1cc144', 'client_name': 'Bdbd', 'created_at': '2026-02-14T06:36:21.178000', ...}, {'admin_id': 'a8c52e87-f8c8-44b3-9371-57393881db18', 'client_id': '338fcce1-402d-4841-81eb-2f313f1cc144', 'client_name': 'Bdbd', 'created_at': '2026-02-14T06:21:59.997000', ...}], 'unread_count': 1}, list)">backend/tests/test_auto_lock.py:300: in test_notifications_endpoint_exists
    assert isinstance(data, list), "Notifications should be a list"
E   AssertionError: Notifications should be a list
E   assert False
E    +  where False = isinstance({'notifications': [{'admin_id': 'a8c52e87-f8c8-44b3-9371-57393881db18', 'client_id': '338fcce1-402d-4841-81eb-2f313f1cc144', 'client_name': 'Bdbd', 'created_at': '2026-02-14T06:37:15.343000', ...}, {'admin_id': 'a8c52e87-f8c8-44b3-9371-57393881db18', 'client_id': '338fcce1-402d-4841-81eb-2f313f1cc144', 'client_name': 'Bdbd', 'created_at': '2026-02-14T06:36:21.178000', ...}, {'admin_id': 'a8c52e87-f8c8-44b3-9371-57393881db18', 'client_id': '338fcce1-402d-4841-81eb-2f313f1cc144', 'client_name': 'Bdbd', 'created_at': '2026-02-14T06:21:59.997000', ...}], 'unread_count': 1}, list)</failure></testcase><testcase classname="backend.tests.test_auto_lock.TestLoanSettings" name="test_update_loan_settings" time="0.379"><skipped type="pytest.skip" message="No test client available">/app/backend/tests/test_auto_lock.py:346: No test client available</skipped></testcase><testcase classname="backend.tests.test_auto_lock.TestLoanSettings" name="test_disable_auto_lock" time="0.391"><skipped type="pytest.skip" message="No test client available">/app/backend/tests/test_auto_lock.py:382: No test client available</skipped></testcase></testsuite></testsuites>