<?xml version="1.0" encoding="utf-8"?><testsuites name="pytest tests"><testsuite name="pytest" errors="0" failures="0" skipped="0" tests="24" time="8.192" timestamp="2026-02-25T06:25:51.681432+00:00" hostname="agent-env-d0646c97-626e-4741-a4db-1ffe3b341191"><testcase classname="tests.test_backup_provisioning_iteration53.TestAdminLogin" name="test_health_check" time="0.193" /><testcase classname="tests.test_backup_provisioning_iteration53.TestAdminLogin" name="test_admin_login_success" time="1.008" /><testcase classname="tests.test_backup_provisioning_iteration53.TestBackupCreate" name="test_create_backup_success" time="0.939" /><testcase classname="tests.test_backup_provisioning_iteration53.TestBackupCreate" name="test_create_backup_without_token_fails" time="0.149" /><testcase classname="tests.test_backup_provisioning_iteration53.TestBackupCreate" name="test_create_backup_invalid_token_fails" time="0.173" /><testcase classname="tests.test_backup_provisioning_iteration53.TestBackupList" name="test_list_backups_success" time="0.124" /><testcase classname="tests.test_backup_provisioning_iteration53.TestBackupList" name="test_list_backups_without_token_fails" time="0.147" /><testcase classname="tests.test_backup_provisioning_iteration53.TestBackupGetRestore" name="test_get_backup_success" time="0.301" /><testcase classname="tests.test_backup_provisioning_iteration53.TestBackupGetRestore" name="test_get_backup_not_found" time="0.131" /><testcase classname="tests.test_backup_provisioning_iteration53.TestBackupGetRestore" name="test_restore_backup_success" time="0.295" /><testcase classname="tests.test_backup_provisioning_iteration53.TestBackupGetRestore" name="test_restore_backup_not_found" time="0.117" /><testcase classname="tests.test_backup_provisioning_iteration53.TestBackupDelete" name="test_delete_backup_success" time="0.489" /><testcase classname="tests.test_backup_provisioning_iteration53.TestBackupDelete" name="test_delete_backup_not_found" time="0.237" /><testcase classname="tests.test_backup_provisioning_iteration53.TestProvisioningQRCode" name="test_generate_qr_code_basic" time="0.194" /><testcase classname="tests.test_backup_provisioning_iteration53.TestProvisioningQRCode" name="test_generate_qr_code_with_wifi" time="0.199" /><testcase classname="tests.test_backup_provisioning_iteration53.TestProvisioningQRCode" name="test_generate_qr_code_without_token_fails" time="0.120" /><testcase classname="tests.test_backup_provisioning_iteration53.TestProvisioningQRCode" name="test_generate_qr_code_invalid_token_fails" time="0.135" /><testcase classname="tests.test_backup_provisioning_iteration53.TestDeviceOwnerGenerateCode" name="test_generate_code_device_owner_9_char" time="0.265" /><testcase classname="tests.test_backup_provisioning_iteration53.TestDeviceOwnerGenerateCode" name="test_generate_code_device_admin_8_char" time="0.141" /><testcase classname="tests.test_backup_provisioning_iteration53.TestDeviceOwnerGenerateCode" name="test_generate_code_invalid_lock_mode_fails" time="0.118" /><testcase classname="tests.test_backup_provisioning_iteration53.TestDeviceRegisterLockMode" name="test_register_9_digit_sets_device_owner" time="0.536" /><testcase classname="tests.test_backup_provisioning_iteration53.TestDeviceRegisterLockMode" name="test_register_8_digit_sets_device_admin" time="0.559" /><testcase classname="tests.test_backup_provisioning_iteration53.TestDeviceStatusFields" name="test_status_returns_required_fields" time="0.780" /><testcase classname="tests.test_backup_provisioning_iteration53.TestDeviceStatusFields" name="test_status_not_found_for_invalid_client" time="0.286" /></testsuite></testsuites>