<?xml version="1.0" encoding="utf-8"?><testsuites name="pytest tests"><testsuite name="pytest" errors="0" failures="0" skipped="0" tests="18" time="35.556" timestamp="2026-03-16T09:25:27.618401+00:00" hostname="agent-env-30dd9c63-91e1-4a50-859e-ff50eb759a5e"><testcase classname="backend.tests.test_bank_statement_reconciliation.TestBankStatementReconciliation" name="test_csv_with_standard_column_names" time="2.257" /><testcase classname="backend.tests.test_bank_statement_reconciliation.TestBankStatementReconciliation" name="test_csv_with_alternative_column_names" time="1.823" /><testcase classname="backend.tests.test_bank_statement_reconciliation.TestBankStatementReconciliation" name="test_csv_with_partner_column" time="1.546" /><testcase classname="backend.tests.test_bank_statement_reconciliation.TestBankStatementReconciliation" name="test_ignores_bank_fees_teenustasu" time="1.543" /><testcase classname="backend.tests.test_bank_statement_reconciliation.TestBankStatementReconciliation" name="test_ignores_service_fees" time="1.525" /><testcase classname="backend.tests.test_bank_statement_reconciliation.TestBankStatementReconciliation" name="test_ignores_card_payments_kaardimakse" time="1.550" /><testcase classname="backend.tests.test_bank_statement_reconciliation.TestBankStatementReconciliation" name="test_ignores_pos_transactions" time="1.582" /><testcase classname="backend.tests.test_bank_statement_reconciliation.TestBankStatementReconciliation" name="test_ignores_visa_mastercard_transactions" time="1.535" /><testcase classname="backend.tests.test_bank_statement_reconciliation.TestBankStatementReconciliation" name="test_unmatched_transactions_reported" time="1.556" /><testcase classname="backend.tests.test_bank_statement_reconciliation.TestBankStatementReconciliation" name="test_unsupported_file_type_rejected" time="1.446" /><testcase classname="backend.tests.test_bank_statement_reconciliation.TestBankStatementReconciliation" name="test_empty_file_rejected" time="1.400" /><testcase classname="backend.tests.test_bank_statement_reconciliation.TestClientNameMatching" name="test_exact_name_match" time="2.609" /><testcase classname="backend.tests.test_bank_statement_reconciliation.TestClientNameMatching" name="test_partial_name_match" time="2.326" /><testcase classname="backend.tests.test_bank_statement_reconciliation.TestPaymentReconciliation" name="test_payment_records_correctly" time="2.597" /><testcase classname="backend.tests.test_bank_statement_reconciliation.TestPaymentReconciliation" name="test_full_payment_marks_loan_paid" time="2.567" /><testcase classname="backend.tests.test_bank_statement_reconciliation.TestPaymentReconciliation" name="test_overpayment_records_extra_interest" time="3.413" /><testcase classname="backend.tests.test_bank_statement_reconciliation.TestLoanCreation" name="test_negative_amount_creates_loan" time="2.456" /><testcase classname="backend.tests.test_bank_statement_reconciliation.TestMixedTransactions" name="test_mixed_transactions_file" time="1.637" /></testsuite></testsuites>