<?xml version="1.0" encoding="utf-8"?><testsuites name="pytest tests"><testsuite name="pytest" errors="0" failures="0" skipped="0" tests="9" time="22.580" timestamp="2026-03-16T09:45:21.747787+00:00" hostname="agent-env-30dd9c63-91e1-4a50-859e-ff50eb759a5e"><testcase classname="backend.tests.test_bank_statement_new_client_creation.TestNewClientCreationFromUnmatchedTransactions" name="test_negative_unmatched_transaction_creates_new_client" time="2.502" /><testcase classname="backend.tests.test_bank_statement_new_client_creation.TestNewClientCreationFromUnmatchedTransactions" name="test_multiple_new_clients_from_multiple_negative_transactions" time="1.844" /><testcase classname="backend.tests.test_bank_statement_new_client_creation.TestNewClientCreationFromUnmatchedTransactions" name="test_positive_unmatched_transaction_not_creates_client" time="1.542" /><testcase classname="backend.tests.test_bank_statement_new_client_creation.TestNewClientCreationFromUnmatchedTransactions" name="test_new_client_has_zero_interest_rate" time="2.188" /><testcase classname="backend.tests.test_bank_statement_new_client_creation.TestAutoArchiveOnFullPayment" name="test_full_payment_auto_archives_loan" time="5.011" /><testcase classname="backend.tests.test_bank_statement_new_client_creation.TestAutoArchiveOnFullPayment" name="test_partial_payment_does_not_archive" time="3.212" /><testcase classname="backend.tests.test_bank_statement_new_client_creation.TestSummaryNewClientsCreatedCount" name="test_summary_new_clients_created_matches_details" time="1.976" /><testcase classname="backend.tests.test_bank_statement_new_client_creation.TestSummaryNewClientsCreatedCount" name="test_summary_totals_are_consistent" time="1.670" /><testcase classname="backend.tests.test_bank_statement_new_client_creation.TestImportNeedsReviewFlag" name="test_new_client_from_statement_has_review_flags" time="2.466" /></testsuite></testsuites>