<?xml version="1.0" encoding="utf-8"?><testsuites name="pytest tests"><testsuite name="pytest" errors="0" failures="0" skipped="0" tests="8" time="6.367" timestamp="2026-02-16T11:53:14.161598+00:00" hostname="agent-env-6210c3c5-a325-4ae3-9d87-30a06927ddb7"><testcase classname="backend.tests.test_bank_statement_analyzer.TestBankStatementAnalyzerEndpoints" name="test_analyze_endpoint_exists" time="0.681" /><testcase classname="backend.tests.test_bank_statement_analyzer.TestBankStatementAnalyzerEndpoints" name="test_analyze_rejects_unsupported_file_type" time="0.241" /><testcase classname="backend.tests.test_bank_statement_analyzer.TestBankStatementAnalyzerEndpoints" name="test_analyze_rejects_empty_file" time="0.230" /><testcase classname="backend.tests.test_bank_statement_analyzer.TestBankStatementAnalyzerEndpoints" name="test_analyze_with_valid_pdf" time="3.457" /><testcase classname="backend.tests.test_bank_statement_analyzer.TestBankStatementAnalyzerEndpoints" name="test_analyze_requires_auth" time="0.365" /><testcase classname="backend.tests.test_bank_statement_analyzer.TestBankStatementAnalyzerEndpoints" name="test_history_endpoint_works" time="0.142" /><testcase classname="backend.tests.test_bank_statement_analyzer.TestBankStatementAnalyzerEndpoints" name="test_history_requires_auth" time="0.185" /><testcase classname="backend.tests.test_bank_statement_analyzer.TestAdminLogin" name="test_admin_login_success" time="0.352" /></testsuite></testsuites>