<?xml version="1.0" encoding="utf-8"?><testsuites name="pytest tests"><testsuite name="pytest" errors="0" failures="2" skipped="1" tests="8" time="9.113" timestamp="2026-02-25T03:59:39.816855+00:00" hostname="agent-env-7f757599-4f8a-4528-b8c6-3b738c79ba6e"><testcase classname="tests.test_branding_iteration49.TestBrandingAndAPI" name="test_health_check" time="1.507" /><testcase classname="tests.test_branding_iteration49.TestBrandingAndAPI" name="test_admin_login" time="1.301" /><testcase classname="tests.test_branding_iteration49.TestBrandingAndAPI" name="test_admin_login_invalid_credentials" time="1.199" /><testcase classname="tests.test_branding_iteration49.TestBrandingAndAPI" name="test_client_listing_excludes_soft_deleted" time="0.830"><failure message="AttributeError: 'str' object has no attribute 'get'">tests/test_branding_iteration49.py:75: in test_client_listing_excludes_soft_deleted
    client_ids = [c.get("id") for c in clients]
                 ^^^^^^^^^^^^^^^^^^^^^^^^^^^^^^
tests/test_branding_iteration49.py:75: in &lt;listcomp&gt;
    client_ids = [c.get("id") for c in clients]
                  ^^^^^
E   AttributeError: 'str' object has no attribute 'get'</failure></testcase><testcase classname="tests.test_branding_iteration49.TestBrandingAndAPI" name="test_pdf_contract_preview_requires_loan" time="1.197"><failure message="AttributeError: 'str' object has no attribute 'get'">tests/test_branding_iteration49.py:101: in test_pdf_contract_preview_requires_loan
    if client.get("loan_amount") and client.get("loan_amount") &gt; 0:
       ^^^^^^^^^^
E   AttributeError: 'str' object has no attribute 'get'</failure></testcase><testcase classname="tests.test_branding_iteration49.TestBrandingAndAPI" name="test_pdf_contract_without_loan_returns_error" time="0.794"><skipped type="pytest.skip" message="Could not create test client: 422">/app/backend/tests/test_branding_iteration49.py:167: Could not create test client: 422</skipped></testcase><testcase classname="tests.test_branding_iteration49.TestBrandingAndAPI" name="test_admin_verify_token" time="1.344" /><testcase classname="tests.test_branding_iteration49.TestBrandingAndAPI" name="test_invalid_token_rejected" time="0.710" /></testsuite></testsuites>