<?xml version="1.0" encoding="utf-8"?><testsuites name="pytest tests"><testsuite name="pytest" errors="0" failures="0" skipped="0" tests="8" time="4.419" timestamp="2026-02-14T11:44:58.375346+00:00" hostname="agent-env-a97e2e23-ecfe-469d-a237-b37005004c27"><testcase classname="tests.test_bug_fixes_iteration14.TestLogin" name="test_login_success" time="0.496" /><testcase classname="tests.test_bug_fixes_iteration14.TestReportsEndpoints" name="test_reports_collection_with_admin_token" time="0.430" /><testcase classname="tests.test_bug_fixes_iteration14.TestReportsEndpoints" name="test_reports_clients_with_admin_token" time="0.172" /><testcase classname="tests.test_bug_fixes_iteration14.TestReportsEndpoints" name="test_reports_financial_with_admin_token" time="0.146" /><testcase classname="tests.test_bug_fixes_iteration14.TestLoanPlansEndpoint" name="test_loan_plans_with_admin_token" time="0.464" /><testcase classname="tests.test_bug_fixes_iteration14.TestClientsEndpoint" name="test_clients_list_with_admin_token" time="0.427" /><testcase classname="tests.test_bug_fixes_iteration14.TestCreditsAdditive" name="test_credits_assignment_is_additive" time="1.342" /><testcase classname="tests.test_bug_fixes_iteration14.TestDashboardAnalytics" name="test_dashboard_analytics_with_admin_token" time="0.709" /></testsuite></testsuites>