<?xml version="1.0" encoding="utf-8"?><testsuites name="pytest tests"><testsuite name="pytest" errors="0" failures="0" skipped="0" tests="14" time="27.252" timestamp="2026-03-14T05:55:59.853478+00:00" hostname="agent-env-7b086249-e207-44c6-b105-9e640879021b"><testcase classname="backend.tests.test_bug_fixes_iteration75.TestSessionManagement" name="test_login_creates_session" time="1.673" /><testcase classname="backend.tests.test_bug_fixes_iteration75.TestSessionManagement" name="test_new_login_creates_new_session" time="1.538" /><testcase classname="backend.tests.test_bug_fixes_iteration75.TestDocumentVault" name="test_document_upload" time="2.758" /><testcase classname="backend.tests.test_bug_fixes_iteration75.TestDocumentVault" name="test_list_documents" time="0.663" /><testcase classname="backend.tests.test_bug_fixes_iteration75.TestDocumentVault" name="test_list_documents_by_type" time="0.638" /><testcase classname="backend.tests.test_bug_fixes_iteration75.TestTeamMemberCreation" name="test_super_admin_creates_admin_role" time="1.758" /><testcase classname="backend.tests.test_bug_fixes_iteration75.TestTeamMemberCreation" name="test_super_admin_creates_user_role" time="0.880" /><testcase classname="backend.tests.test_bug_fixes_iteration75.TestTeamMemberCreation" name="test_full_admin_creates_user_role" time="2.710" /><testcase classname="backend.tests.test_bug_fixes_iteration75.TestTeamMemberCreation" name="test_full_admin_cannot_create_admin_role" time="0.528" /><testcase classname="backend.tests.test_bug_fixes_iteration75.TestTeamMemberCreation" name="test_viewer_cannot_create_team_members" time="2.294" /><testcase classname="backend.tests.test_bug_fixes_iteration75.TestPlanManagement" name="test_super_admin_updates_user_plan" time="2.580" /><testcase classname="backend.tests.test_bug_fixes_iteration75.TestPlanManagement" name="test_full_admin_updates_user_plan" time="3.753" /><testcase classname="backend.tests.test_bug_fixes_iteration75.TestRolesEndpoint" name="test_super_admin_sees_all_roles" time="1.553" /><testcase classname="backend.tests.test_bug_fixes_iteration75.TestRolesEndpoint" name="test_non_super_admin_sees_user_roles_only" time="3.672" /></testsuite></testsuites>