<?xml version="1.0" encoding="utf-8"?><testsuites name="pytest tests"><testsuite name="pytest" errors="0" failures="1" skipped="1" tests="10" time="2.237" timestamp="2026-02-15T08:54:29.726686+00:00" hostname="agent-env-b717aaea-1390-444e-9d70-a1afda74e2a9"><testcase classname="backend.tests.test_bug_fixes_iteration18.TestReportsAPI" name="test_collection_report_returns_200" time="0.557" /><testcase classname="backend.tests.test_bug_fixes_iteration18.TestReportsAPI" name="test_clients_report_returns_200" time="0.124"><failure message="AssertionError: assert ('summary' in [{'days_overdue': 0, 'id': 'ea9e7b06-6da7-43cb-846d-850038d0ef07', 'is_locked': False, 'is_registered': True, ...}, {'days_overdue': 0, 'id': '5041e532-2b15-4d1b-8107-00b3be312c95', 'is_locked': False, 'is_registered': True, ...}, {'days_overdue': 0, 'id': '5511392a-8414-4639-b542-56b9327c3540', 'is_locked': False, 'is_registered': True, ...}] or False)&#10; +  where False = isinstance([{'days_overdue': 0, 'id': 'ea9e7b06-6da7-43cb-846d-850038d0ef07', 'is_locked': False, 'is_registered': True, ...}, {'days_overdue': 0, 'id': '5041e532-2b15-4d1b-8107-00b3be312c95', 'is_locked': False, 'is_registered': True, ...}, {'days_overdue': 0, 'id': '5511392a-8414-4639-b542-56b9327c3540', 'is_locked': False, 'is_registered': True, ...}], dict)">backend/tests/test_bug_fixes_iteration18.py:92: in test_clients_report_returns_200
    assert "summary" in data or isinstance(data, dict)
E   AssertionError: assert ('summary' in [{'days_overdue': 0, 'id': 'ea9e7b06-6da7-43cb-846d-850038d0ef07', 'is_locked': False, 'is_registered': True, ...}, {'days_overdue': 0, 'id': '5041e532-2b15-4d1b-8107-00b3be312c95', 'is_locked': False, 'is_registered': True, ...}, {'days_overdue': 0, 'id': '5511392a-8414-4639-b542-56b9327c3540', 'is_locked': False, 'is_registered': True, ...}] or False)
E    +  where False = isinstance([{'days_overdue': 0, 'id': 'ea9e7b06-6da7-43cb-846d-850038d0ef07', 'is_locked': False, 'is_registered': True, ...}, {'days_overdue': 0, 'id': '5041e532-2b15-4d1b-8107-00b3be312c95', 'is_locked': False, 'is_registered': True, ...}, {'days_overdue': 0, 'id': '5511392a-8414-4639-b542-56b9327c3540', 'is_locked': False, 'is_registered': True, ...}], dict)</failure></testcase><testcase classname="backend.tests.test_bug_fixes_iteration18.TestReportsAPI" name="test_financial_report_returns_200" time="0.129" /><testcase classname="backend.tests.test_bug_fixes_iteration18.TestLoansTabClientListing" name="test_clients_api_returns_loan_fields" time="0.138" /><testcase classname="backend.tests.test_bug_fixes_iteration18.TestFetchDevicePrice" name="test_fetch_price_endpoint_exists" time="0.286" /><testcase classname="backend.tests.test_bug_fixes_iteration18.TestFetchDevicePrice" name="test_fetch_price_returns_price_for_registered_device" time="0.223" /><testcase classname="backend.tests.test_bug_fixes_iteration18.TestAddPayment" name="test_add_payment_endpoint_works" time="0.111"><skipped type="pytest.skip" message="No client with outstanding balance found">/app/backend/tests/test_bug_fixes_iteration18.py:204: No client with outstanding balance found</skipped></testcase><testcase classname="backend.tests.test_bug_fixes_iteration18.TestEditClientDetails" name="test_client_update_endpoint_works" time="0.118" /><testcase classname="backend.tests.test_bug_fixes_iteration18.TestEditClientDetails" name="test_client_get_returns_all_editable_fields" time="0.120" /><testcase classname="backend.tests.test_bug_fixes_iteration18.TestAutoGenerateRegistrationCode" name="test_create_client_generates_registration_code" time="0.291" /></testsuite></testsuites>