<?xml version="1.0" encoding="utf-8"?><testsuites name="pytest tests"><testsuite name="pytest" errors="0" failures="0" skipped="0" tests="11" time="10.558" timestamp="2026-02-14T23:02:02.148955+00:00" hostname="agent-env-dd717f1b-2f2e-4809-82d2-47435abcc780"><testcase classname="backend.tests.test_bug_fixes_iteration17.TestLoginAndAuth" name="test_login_returns_correct_fields" time="1.770" /><testcase classname="backend.tests.test_bug_fixes_iteration17.TestLoginAndAuth" name="test_invalid_login_returns_401" time="0.897" /><testcase classname="backend.tests.test_bug_fixes_iteration17.TestReportsAPI" name="test_collection_report_returns_200" time="1.291" /><testcase classname="backend.tests.test_bug_fixes_iteration17.TestReportsAPI" name="test_collection_report_without_token_returns_401" time="0.473" /><testcase classname="backend.tests.test_bug_fixes_iteration17.TestEMIAmountDisplay" name="test_client_has_monthly_emi_field" time="1.467" /><testcase classname="backend.tests.test_bug_fixes_iteration17.TestEMIAmountDisplay" name="test_client_details_includes_emi_fields" time="0.544" /><testcase classname="backend.tests.test_bug_fixes_iteration17.TestProfileUpdateWithAddress" name="test_update_profile_with_address" time="1.203" /><testcase classname="backend.tests.test_bug_fixes_iteration17.TestProfileUpdateWithAddress" name="test_profile_update_persists_address" time="0.283" /><testcase classname="backend.tests.test_bug_fixes_iteration17.TestAuthFailureHandling" name="test_invalid_token_returns_401" time="0.242" /><testcase classname="backend.tests.test_bug_fixes_iteration17.TestAuthFailureHandling" name="test_expired_token_handling" time="0.284" /><testcase classname="backend.tests.test_bug_fixes_iteration17.TestClientDetailsPage" name="test_client_details_loads_without_errors" time="1.557" /></testsuite></testsuites>