<?xml version="1.0" encoding="utf-8"?><testsuites name="pytest tests"><testsuite name="pytest" errors="0" failures="0" skipped="0" tests="10" time="3.159" timestamp="2026-02-15T08:55:29.210013+00:00" hostname="agent-env-b717aaea-1390-444e-9d70-a1afda74e2a9"><testcase classname="backend.tests.test_bug_fixes_iteration18.TestReportsAPI" name="test_collection_report_returns_200" time="0.348" /><testcase classname="backend.tests.test_bug_fixes_iteration18.TestReportsAPI" name="test_clients_report_returns_200" time="0.123" /><testcase classname="backend.tests.test_bug_fixes_iteration18.TestReportsAPI" name="test_financial_report_returns_200" time="0.120" /><testcase classname="backend.tests.test_bug_fixes_iteration18.TestLoansTabClientListing" name="test_clients_api_returns_loan_fields" time="0.156" /><testcase classname="backend.tests.test_bug_fixes_iteration18.TestFetchDevicePrice" name="test_fetch_price_endpoint_exists" time="1.267" /><testcase classname="backend.tests.test_bug_fixes_iteration18.TestFetchDevicePrice" name="test_fetch_price_returns_price_for_registered_device" time="0.321" /><testcase classname="backend.tests.test_bug_fixes_iteration18.TestAddPayment" name="test_add_payment_endpoint_works" time="0.252" /><testcase classname="backend.tests.test_bug_fixes_iteration18.TestEditClientDetails" name="test_client_update_endpoint_works" time="0.125" /><testcase classname="backend.tests.test_bug_fixes_iteration18.TestEditClientDetails" name="test_client_get_returns_all_editable_fields" time="0.116" /><testcase classname="backend.tests.test_bug_fixes_iteration18.TestAutoGenerateRegistrationCode" name="test_create_client_generates_registration_code" time="0.224" /></testsuite></testsuites>