<?xml version="1.0" encoding="utf-8"?><testsuites name="pytest tests"><testsuite name="pytest" errors="0" failures="0" skipped="0" tests="15" time="6.336" timestamp="2026-02-15T13:47:00.570076+00:00" hostname="agent-env-d92a22fa-8f47-440e-826c-fef048adeb41"><testcase classname="tests.test_bug_fixes_iteration20.TestAuthAndSession" name="test_login_returns_token" time="0.690" /><testcase classname="tests.test_bug_fixes_iteration20.TestAuthAndSession" name="test_login_invalid_credentials" time="0.352" /><testcase classname="tests.test_bug_fixes_iteration20.TestDashboardAPI" name="test_dashboard_stats_with_admin_token" time="0.395" /><testcase classname="tests.test_bug_fixes_iteration20.TestDashboardAPI" name="test_dashboard_stats_without_token_fails" time="0.413" /><testcase classname="tests.test_bug_fixes_iteration20.TestLoansTabAPI" name="test_clients_list_with_admin_token" time="0.617" /><testcase classname="tests.test_bug_fixes_iteration20.TestLoansTabAPI" name="test_clients_have_loan_progress_data" time="0.392" /><testcase classname="tests.test_bug_fixes_iteration20.TestTransactionsTabAPI" name="test_clients_have_payment_history" time="0.418" /><testcase classname="tests.test_bug_fixes_iteration20.TestReportsAPI" name="test_collection_report_with_admin_token" time="0.436" /><testcase classname="tests.test_bug_fixes_iteration20.TestReportsAPI" name="test_clients_report_with_admin_token" time="0.383" /><testcase classname="tests.test_bug_fixes_iteration20.TestReportsAPI" name="test_financial_report_with_admin_token" time="0.375" /><testcase classname="tests.test_bug_fixes_iteration20.TestDeviceManagementAPI" name="test_stats_with_admin_id" time="0.342" /><testcase classname="tests.test_bug_fixes_iteration20.TestDeviceManagementAPI" name="test_stats_without_admin_id" time="0.421" /><testcase classname="tests.test_bug_fixes_iteration20.TestSettingsAPI" name="test_admin_credits_with_token" time="0.482" /><testcase classname="tests.test_bug_fixes_iteration20.TestSettingsAPI" name="test_admin_list_with_token" time="0.353" /><testcase classname="tests.test_bug_fixes_iteration20.TestHealthCheck" name="test_health_endpoint" time="0.115" /></testsuite></testsuites>