<?xml version="1.0" encoding="utf-8"?><testsuites name="pytest tests"><testsuite name="pytest" errors="0" failures="0" skipped="0" tests="6" time="2.495" timestamp="2026-02-24T05:20:24.173006+00:00" hostname="agent-env-41418ccc-1aaa-4918-a1d4-7d1e2fe2491a"><testcase classname="tests.test_bug_fixes_iteration45.TestAdminAuth" name="test_login_returns_first_name" time="0.402" /><testcase classname="tests.test_bug_fixes_iteration45.TestCreditScoreFeature" name="test_clients_endpoint_returns_credit_score" time="0.470" /><testcase classname="tests.test_bug_fixes_iteration45.TestCreditScoreFeature" name="test_credit_score_api_endpoint" time="0.302" /><testcase classname="tests.test_bug_fixes_iteration45.TestPaymentsFeature" name="test_payments_endpoint_exists" time="0.491" /><testcase classname="tests.test_bug_fixes_iteration45.TestPaymentsFeature" name="test_payments_for_all_clients_with_loans" time="0.587" /><testcase classname="tests.test_bug_fixes_iteration45.TestHealthCheck" name="test_api_health" time="0.120" /></testsuite></testsuites>