<?xml version="1.0" encoding="utf-8"?><testsuites name="pytest tests"><testsuite name="pytest" errors="0" failures="0" skipped="0" tests="7" time="8.621" timestamp="2026-02-14T04:03:26.448483+00:00" hostname="agent-env-959cca64-ce75-4327-9303-fa2819e2cf4d"><testcase classname="backend.tests.test_client_delete_flow.TestAdminLogin" name="test_admin_login_with_valid_credentials" time="0.926" /><testcase classname="backend.tests.test_client_delete_flow.TestAdminLogin" name="test_admin_login_with_invalid_credentials" time="0.146" /><testcase classname="backend.tests.test_client_delete_flow.TestClientDeleteFlow" name="test_delete_client_without_allow_uninstall_should_fail_400" time="1.118" /><testcase classname="backend.tests.test_client_delete_flow.TestClientDeleteFlow" name="test_allow_uninstall_marks_client_for_uninstall" time="1.491" /><testcase classname="backend.tests.test_client_delete_flow.TestClientDeleteFlow" name="test_delete_client_succeeds_after_allow_uninstall" time="1.784" /><testcase classname="backend.tests.test_client_delete_flow.TestClientDeleteFlow" name="test_full_chain_login_create_allow_uninstall_delete" time="1.222" /><testcase classname="backend.tests.test_client_delete_flow.TestClientIsRegisteredField" name="test_get_client_returns_is_registered_field" time="0.909" /></testsuite></testsuites>