<?xml version="1.0" encoding="utf-8"?><testsuites name="pytest tests"><testsuite name="pytest" errors="0" failures="0" skipped="0" tests="12" time="1.257" timestamp="2026-02-23T21:18:41.141918+00:00" hostname="agent-env-c42b9494-e0c2-4cf4-95c2-3e4b67bca83c"><testcase classname="backend.tests.test_client_bug_fixes_iteration40.TestBackendHealthAndDeviceAPIs" name="test_health_endpoint" time="0.191" /><testcase classname="backend.tests.test_client_bug_fixes_iteration40.TestBackendHealthAndDeviceAPIs" name="test_device_status_nonexistent_client" time="0.187" /><testcase classname="backend.tests.test_client_bug_fixes_iteration40.TestBackendHealthAndDeviceAPIs" name="test_device_register_invalid_code" time="0.179" /><testcase classname="backend.tests.test_client_bug_fixes_iteration40.TestBackendHealthAndDeviceAPIs" name="test_device_register_endpoint_exists" time="0.128" /><testcase classname="backend.tests.test_client_bug_fixes_iteration40.TestCodeBugFixVerification" name="test_bug1_uninstall_guard_exists" time="0.001" /><testcase classname="backend.tests.test_client_bug_fixes_iteration40.TestCodeBugFixVerification" name="test_bug2_hasinitialized_reset_on_unmount" time="0.001" /><testcase classname="backend.tests.test_client_bug_fixes_iteration40.TestCodeBugFixVerification" name="test_bug3_fresh_registration_calls_fetchstatus" time="0.001" /><testcase classname="backend.tests.test_client_bug_fixes_iteration40.TestCodeBugFixVerification" name="test_bug4_error_fallback_keeps_null_status" time="0.001" /><testcase classname="backend.tests.test_client_bug_fixes_iteration40.TestCodeBugFixVerification" name="test_bug5_checkandsetupdeviceprotection_in_initializeprotection" time="0.001" /><testcase classname="backend.tests.test_client_bug_fixes_iteration40.TestAPIResponseStructure" name="test_health_response_structure" time="0.149" /><testcase classname="backend.tests.test_client_bug_fixes_iteration40.TestAPIResponseStructure" name="test_device_status_404_response_structure" time="0.133" /><testcase classname="backend.tests.test_client_bug_fixes_iteration40.TestAPIResponseStructure" name="test_device_register_error_response_structure" time="0.174" /></testsuite></testsuites>