<?xml version="1.0" encoding="utf-8"?><testsuites name="pytest tests"><testsuite name="pytest" errors="0" failures="0" skipped="26" tests="32" time="4.343" timestamp="2026-02-20T13:42:41.977712+00:00" hostname="agent-env-e15eb274-2bf7-43af-8c97-35230b758280"><testcase classname="backend.tests.test_comprehensive_backend.TestHealthAndRoot" name="test_health_check" time="0.378" /><testcase classname="backend.tests.test_comprehensive_backend.TestHealthAndRoot" name="test_root_endpoint" time="0.161" /><testcase classname="backend.tests.test_comprehensive_backend.TestAdminAuth" name="test_admin_registration" time="0.199" /><testcase classname="backend.tests.test_comprehensive_backend.TestAdminAuth" name="test_admin_login_invalid_credentials" time="0.119" /><testcase classname="backend.tests.test_comprehensive_backend.TestAdminLoginAndOperations" name="test_admin_credits" time="1.548"><skipped type="pytest.skip" message="Could not obtain admin token - skipping authenticated tests">/app/backend/tests/test_comprehensive_backend.py:110: Could not obtain admin token - skipping authenticated tests</skipped></testcase><testcase classname="backend.tests.test_comprehensive_backend.TestAdminLoginAndOperations" name="test_admin_settings" time="0.000"><skipped type="pytest.skip" message="Could not obtain admin token - skipping authenticated tests">/app/backend/tests/test_comprehensive_backend.py:118: Could not obtain admin token - skipping authenticated tests</skipped></testcase><testcase classname="backend.tests.test_comprehensive_backend.TestClientCRUD" name="test_create_client" time="0.499"><skipped type="pytest.skip" message="Could not obtain admin token">/app/backend/tests/test_comprehensive_backend.py:183: Could not obtain admin token</skipped></testcase><testcase classname="backend.tests.test_comprehensive_backend.TestClientCRUD" name="test_list_clients" time="0.004"><skipped type="pytest.skip" message="Could not obtain admin token">/app/backend/tests/test_comprehensive_backend.py:206: Could not obtain admin token</skipped></testcase><testcase classname="backend.tests.test_comprehensive_backend.TestClientCRUD" name="test_get_client" time="0.000"><skipped type="pytest.skip" message="Could not obtain admin token">/app/backend/tests/test_comprehensive_backend.py:214: Could not obtain admin token</skipped></testcase><testcase classname="backend.tests.test_comprehensive_backend.TestClientCRUD" name="test_update_client" time="0.000"><skipped type="pytest.skip" message="Could not obtain admin token">/app/backend/tests/test_comprehensive_backend.py:225: Could not obtain admin token</skipped></testcase><testcase classname="backend.tests.test_comprehensive_backend.TestClientCRUD" name="test_delete_client" time="0.000"><skipped type="pytest.skip" message="Could not obtain admin token">/app/backend/tests/test_comprehensive_backend.py:238: Could not obtain admin token</skipped></testcase><testcase classname="backend.tests.test_comprehensive_backend.TestDeviceRegistrationAndStatus" name="test_device_registration" time="0.137"><skipped type="pytest.skip" message="Could not create admin for device tests">/app/backend/tests/test_comprehensive_backend.py:303: Could not create admin for device tests</skipped></testcase><testcase classname="backend.tests.test_comprehensive_backend.TestDeviceRegistrationAndStatus" name="test_device_status_returns_loan_amount_with_interest" time="0.007"><skipped type="pytest.skip" message="Could not create admin for device tests">/app/backend/tests/test_comprehensive_backend.py:316: Could not create admin for device tests</skipped></testcase><testcase classname="backend.tests.test_comprehensive_backend.TestLoanPlanCRUD" name="test_create_loan_plan" time="0.125"><skipped type="pytest.skip" message="Could not create admin for loan plan tests">/app/backend/tests/test_comprehensive_backend.py:357: Could not create admin for loan plan tests</skipped></testcase><testcase classname="backend.tests.test_comprehensive_backend.TestLoanPlanCRUD" name="test_list_loan_plans" time="0.000"><skipped type="pytest.skip" message="Could not create admin for loan plan tests">/app/backend/tests/test_comprehensive_backend.py:383: Could not create admin for loan plan tests</skipped></testcase><testcase classname="backend.tests.test_comprehensive_backend.TestLoanSetupAndPayments" name="test_loan_setup" time="0.126"><skipped type="pytest.skip" message="Could not create admin">/app/backend/tests/test_comprehensive_backend.py:422: Could not create admin</skipped></testcase><testcase classname="backend.tests.test_comprehensive_backend.TestLoanSetupAndPayments" name="test_record_payment" time="0.000"><skipped type="pytest.skip" message="Could not create admin">/app/backend/tests/test_comprehensive_backend.py:445: Could not create admin</skipped></testcase><testcase classname="backend.tests.test_comprehensive_backend.TestLoanSetupAndPayments" name="test_get_payments" time="0.003"><skipped type="pytest.skip" message="Could not create admin">/app/backend/tests/test_comprehensive_backend.py:467: Could not create admin</skipped></testcase><testcase classname="backend.tests.test_comprehensive_backend.TestBankStatementAnalyzer" name="test_bank_statement_analyze_endpoint_exists" time="0.118"><skipped type="pytest.skip" message="Could not create admin for bank statement tests">/app/backend/tests/test_comprehensive_backend.py:496: Could not create admin for bank statement tests</skipped></testcase><testcase classname="backend.tests.test_comprehensive_backend.TestBankStatementAnalyzer" name="test_bank_statement_analyze_with_pdf" time="0.000"><skipped type="pytest.skip" message="Could not create admin for bank statement tests">/app/backend/tests/test_comprehensive_backend.py:508: Could not create admin for bank statement tests</skipped></testcase><testcase classname="backend.tests.test_comprehensive_backend.TestBankStatementAnalyzer" name="test_bank_statement_history" time="0.000"><skipped type="pytest.skip" message="Could not create admin for bank statement tests">/app/backend/tests/test_comprehensive_backend.py:554: Could not create admin for bank statement tests</skipped></testcase><testcase classname="backend.tests.test_comprehensive_backend.TestContractEndpoints" name="test_contract_preview" time="0.128"><skipped type="pytest.skip" message="Could not create admin">/app/backend/tests/test_comprehensive_backend.py:602: Could not create admin</skipped></testcase><testcase classname="backend.tests.test_comprehensive_backend.TestContractEndpoints" name="test_contract_download" time="0.000"><skipped type="pytest.skip" message="Could not create admin">/app/backend/tests/test_comprehensive_backend.py:619: Could not create admin</skipped></testcase><testcase classname="backend.tests.test_comprehensive_backend.TestReportsEndpoints" name="test_collection_report" time="0.131"><skipped type="pytest.skip" message="Could not create admin for reports tests">/app/backend/tests/test_comprehensive_backend.py:648: Could not create admin for reports tests</skipped></testcase><testcase classname="backend.tests.test_comprehensive_backend.TestReportsEndpoints" name="test_financial_report" time="0.000"><skipped type="pytest.skip" message="Could not create admin for reports tests">/app/backend/tests/test_comprehensive_backend.py:658: Could not create admin for reports tests</skipped></testcase><testcase classname="backend.tests.test_comprehensive_backend.TestReportsEndpoints" name="test_clients_report" time="0.000"><skipped type="pytest.skip" message="Could not create admin for reports tests">/app/backend/tests/test_comprehensive_backend.py:667: Could not create admin for reports tests</skipped></testcase><testcase classname="backend.tests.test_comprehensive_backend.TestReportsEndpoints" name="test_dashboard_analytics" time="0.000"><skipped type="pytest.skip" message="Could not create admin for reports tests">/app/backend/tests/test_comprehensive_backend.py:675: Could not create admin for reports tests</skipped></testcase><testcase classname="backend.tests.test_comprehensive_backend.TestReportsEndpoints" name="test_heartbeat_summary" time="0.000"><skipped type="pytest.skip" message="Could not create admin for reports tests">/app/backend/tests/test_comprehensive_backend.py:684: Could not create admin for reports tests</skipped></testcase><testcase classname="backend.tests.test_comprehensive_backend.TestInterestCalculation" name="test_calculator_compare" time="0.152" /><testcase classname="backend.tests.test_comprehensive_backend.TestInterestCalculation" name="test_amortization_schedule" time="0.126" /><testcase classname="backend.tests.test_comprehensive_backend.TestLateFees" name="test_late_fees_summary" time="0.154"><skipped type="pytest.skip" message="Could not create admin">/app/backend/tests/test_comprehensive_backend.py:766: Could not create admin</skipped></testcase><testcase classname="backend.tests.test_comprehensive_backend.TestLateFees" name="test_calculate_all_late_fees" time="0.000"><skipped type="pytest.skip" message="Could not create admin">/app/backend/tests/test_comprehensive_backend.py:775: Could not create admin</skipped></testcase></testsuite></testsuites>