<?xml version="1.0" encoding="utf-8"?><testsuites name="pytest tests"><testsuite name="pytest" errors="0" failures="0" skipped="0" tests="15" time="3.135" timestamp="2026-02-14T14:02:12.569710+00:00" hostname="agent-env-8acaacc1-6fba-4205-aa5b-db76790f4e1d"><testcase classname="backend.tests.test_contract_features.TestAdminLogin" name="test_admin_login_success" time="0.445" /><testcase classname="backend.tests.test_contract_features.TestAdminLogin" name="test_admin_login_invalid_credentials" time="0.202" /><testcase classname="backend.tests.test_contract_features.TestClientsList" name="test_list_clients" time="0.393" /><testcase classname="backend.tests.test_contract_features.TestClientsList" name="test_list_clients_no_token" time="0.243" /><testcase classname="backend.tests.test_contract_features.TestSingleClient" name="test_get_client_by_id" time="0.055" /><testcase classname="backend.tests.test_contract_features.TestSingleClient" name="test_get_client_not_found" time="0.057" /><testcase classname="backend.tests.test_contract_features.TestAdminCredits" name="test_get_admin_credits" time="0.054" /><testcase classname="backend.tests.test_contract_features.TestAdminCredits" name="test_credits_without_token" time="0.152" /><testcase classname="backend.tests.test_contract_features.TestGenerateCode" name="test_generate_code_for_client" time="0.157" /><testcase classname="backend.tests.test_contract_features.TestGenerateCode" name="test_generate_code_nonexistent_client" time="0.054" /><testcase classname="backend.tests.test_contract_features.TestContractPreview" name="test_contract_preview_returns_pdf" time="0.171" /><testcase classname="backend.tests.test_contract_features.TestContractPreview" name="test_contract_preview_nonexistent_client" time="0.066" /><testcase classname="backend.tests.test_contract_features.TestContractEmail" name="test_send_contract_email_sandbox_error" time="0.421" /><testcase classname="backend.tests.test_contract_features.TestContractEmail" name="test_send_email_no_email_client" time="0.177" /><testcase classname="backend.tests.test_contract_features.TestContractDownload" name="test_contract_download" time="0.246" /></testsuite></testsuites>