<?xml version="1.0" encoding="utf-8"?><testsuites name="pytest tests"><testsuite name="pytest" errors="9" failures="0" skipped="0" tests="10" time="1.064" timestamp="2026-02-26T02:06:36.608216+00:00" hostname="agent-env-8677fa2c-d09a-4ab4-af67-fbefc7e1ae31"><testcase classname="backend.tests.test_contract_language_section6_iteration57.TestContractLanguageAndSection6" name="test_contract_preview_estonian" time="0.635"><error message="failed on setup with &quot;AssertionError: Failed to get clients: {&quot;detail&quot;:[{&quot;type&quot;:&quot;missing&quot;,&quot;loc&quot;:[&quot;query&quot;,&quot;admin_token&quot;],&quot;msg&quot;:&quot;Field required&quot;,&quot;input&quot;:null,&quot;url&quot;:&quot;https://errors.pydantic.dev/2.12/v/missing&quot;}]}&#10;assert 422 == 200&#10; +  where 422 = &lt;Response [422]&gt;.status_code&quot;">backend/tests/test_contract_language_section6_iteration57.py:49: in client_with_loan
    assert response.status_code == 200, f"Failed to get clients: {response.text}"
E   AssertionError: Failed to get clients: {"detail":[{"type":"missing","loc":["query","admin_token"],"msg":"Field required","input":null,"url":"https://errors.pydantic.dev/2.12/v/missing"}]}
E   assert 422 == 200
E    +  where 422 = &lt;Response [422]&gt;.status_code</error></testcase><testcase classname="backend.tests.test_contract_language_section6_iteration57.TestContractLanguageAndSection6" name="test_contract_preview_english" time="0.001"><error message="failed on setup with &quot;AssertionError: Failed to get clients: {&quot;detail&quot;:[{&quot;type&quot;:&quot;missing&quot;,&quot;loc&quot;:[&quot;query&quot;,&quot;admin_token&quot;],&quot;msg&quot;:&quot;Field required&quot;,&quot;input&quot;:null,&quot;url&quot;:&quot;https://errors.pydantic.dev/2.12/v/missing&quot;}]}&#10;assert 422 == 200&#10; +  where 422 = &lt;Response [422]&gt;.status_code&quot;">backend/tests/test_contract_language_section6_iteration57.py:49: in client_with_loan
    assert response.status_code == 200, f"Failed to get clients: {response.text}"
E   AssertionError: Failed to get clients: {"detail":[{"type":"missing","loc":["query","admin_token"],"msg":"Field required","input":null,"url":"https://errors.pydantic.dev/2.12/v/missing"}]}
E   assert 422 == 200
E    +  where 422 = &lt;Response [422]&gt;.status_code</error></testcase><testcase classname="backend.tests.test_contract_language_section6_iteration57.TestContractLanguageAndSection6" name="test_contract_preview_default_estonian" time="0.000"><error message="failed on setup with &quot;AssertionError: Failed to get clients: {&quot;detail&quot;:[{&quot;type&quot;:&quot;missing&quot;,&quot;loc&quot;:[&quot;query&quot;,&quot;admin_token&quot;],&quot;msg&quot;:&quot;Field required&quot;,&quot;input&quot;:null,&quot;url&quot;:&quot;https://errors.pydantic.dev/2.12/v/missing&quot;}]}&#10;assert 422 == 200&#10; +  where 422 = &lt;Response [422]&gt;.status_code&quot;">backend/tests/test_contract_language_section6_iteration57.py:49: in client_with_loan
    assert response.status_code == 200, f"Failed to get clients: {response.text}"
E   AssertionError: Failed to get clients: {"detail":[{"type":"missing","loc":["query","admin_token"],"msg":"Field required","input":null,"url":"https://errors.pydantic.dev/2.12/v/missing"}]}
E   assert 422 == 200
E    +  where 422 = &lt;Response [422]&gt;.status_code</error></testcase><testcase classname="backend.tests.test_contract_language_section6_iteration57.TestContractLanguageAndSection6" name="test_contract_download_estonian" time="0.000"><error message="failed on setup with &quot;AssertionError: Failed to get clients: {&quot;detail&quot;:[{&quot;type&quot;:&quot;missing&quot;,&quot;loc&quot;:[&quot;query&quot;,&quot;admin_token&quot;],&quot;msg&quot;:&quot;Field required&quot;,&quot;input&quot;:null,&quot;url&quot;:&quot;https://errors.pydantic.dev/2.12/v/missing&quot;}]}&#10;assert 422 == 200&#10; +  where 422 = &lt;Response [422]&gt;.status_code&quot;">backend/tests/test_contract_language_section6_iteration57.py:49: in client_with_loan
    assert response.status_code == 200, f"Failed to get clients: {response.text}"
E   AssertionError: Failed to get clients: {"detail":[{"type":"missing","loc":["query","admin_token"],"msg":"Field required","input":null,"url":"https://errors.pydantic.dev/2.12/v/missing"}]}
E   assert 422 == 200
E    +  where 422 = &lt;Response [422]&gt;.status_code</error></testcase><testcase classname="backend.tests.test_contract_language_section6_iteration57.TestContractLanguageAndSection6" name="test_contract_download_english" time="0.000"><error message="failed on setup with &quot;AssertionError: Failed to get clients: {&quot;detail&quot;:[{&quot;type&quot;:&quot;missing&quot;,&quot;loc&quot;:[&quot;query&quot;,&quot;admin_token&quot;],&quot;msg&quot;:&quot;Field required&quot;,&quot;input&quot;:null,&quot;url&quot;:&quot;https://errors.pydantic.dev/2.12/v/missing&quot;}]}&#10;assert 422 == 200&#10; +  where 422 = &lt;Response [422]&gt;.status_code&quot;">backend/tests/test_contract_language_section6_iteration57.py:49: in client_with_loan
    assert response.status_code == 200, f"Failed to get clients: {response.text}"
E   AssertionError: Failed to get clients: {"detail":[{"type":"missing","loc":["query","admin_token"],"msg":"Field required","input":null,"url":"https://errors.pydantic.dev/2.12/v/missing"}]}
E   assert 422 == 200
E    +  where 422 = &lt;Response [422]&gt;.status_code</error></testcase><testcase classname="backend.tests.test_contract_language_section6_iteration57.TestContractLanguageAndSection6" name="test_estonian_pdf_content_title_and_section6" time="0.000"><error message="failed on setup with &quot;AssertionError: Failed to get clients: {&quot;detail&quot;:[{&quot;type&quot;:&quot;missing&quot;,&quot;loc&quot;:[&quot;query&quot;,&quot;admin_token&quot;],&quot;msg&quot;:&quot;Field required&quot;,&quot;input&quot;:null,&quot;url&quot;:&quot;https://errors.pydantic.dev/2.12/v/missing&quot;}]}&#10;assert 422 == 200&#10; +  where 422 = &lt;Response [422]&gt;.status_code&quot;">backend/tests/test_contract_language_section6_iteration57.py:49: in client_with_loan
    assert response.status_code == 200, f"Failed to get clients: {response.text}"
E   AssertionError: Failed to get clients: {"detail":[{"type":"missing","loc":["query","admin_token"],"msg":"Field required","input":null,"url":"https://errors.pydantic.dev/2.12/v/missing"}]}
E   assert 422 == 200
E    +  where 422 = &lt;Response [422]&gt;.status_code</error></testcase><testcase classname="backend.tests.test_contract_language_section6_iteration57.TestContractLanguageAndSection6" name="test_english_pdf_content_title_and_section6" time="0.000"><error message="failed on setup with &quot;AssertionError: Failed to get clients: {&quot;detail&quot;:[{&quot;type&quot;:&quot;missing&quot;,&quot;loc&quot;:[&quot;query&quot;,&quot;admin_token&quot;],&quot;msg&quot;:&quot;Field required&quot;,&quot;input&quot;:null,&quot;url&quot;:&quot;https://errors.pydantic.dev/2.12/v/missing&quot;}]}&#10;assert 422 == 200&#10; +  where 422 = &lt;Response [422]&gt;.status_code&quot;">backend/tests/test_contract_language_section6_iteration57.py:49: in client_with_loan
    assert response.status_code == 200, f"Failed to get clients: {response.text}"
E   AssertionError: Failed to get clients: {"detail":[{"type":"missing","loc":["query","admin_token"],"msg":"Field required","input":null,"url":"https://errors.pydantic.dev/2.12/v/missing"}]}
E   assert 422 == 200
E    +  where 422 = &lt;Response [422]&gt;.status_code</error></testcase><testcase classname="backend.tests.test_contract_language_section6_iteration57.TestContractLanguageAndSection6" name="test_default_language_is_estonian" time="0.000"><error message="failed on setup with &quot;AssertionError: Failed to get clients: {&quot;detail&quot;:[{&quot;type&quot;:&quot;missing&quot;,&quot;loc&quot;:[&quot;query&quot;,&quot;admin_token&quot;],&quot;msg&quot;:&quot;Field required&quot;,&quot;input&quot;:null,&quot;url&quot;:&quot;https://errors.pydantic.dev/2.12/v/missing&quot;}]}&#10;assert 422 == 200&#10; +  where 422 = &lt;Response [422]&gt;.status_code&quot;">backend/tests/test_contract_language_section6_iteration57.py:49: in client_with_loan
    assert response.status_code == 200, f"Failed to get clients: {response.text}"
E   AssertionError: Failed to get clients: {"detail":[{"type":"missing","loc":["query","admin_token"],"msg":"Field required","input":null,"url":"https://errors.pydantic.dev/2.12/v/missing"}]}
E   assert 422 == 200
E    +  where 422 = &lt;Response [422]&gt;.status_code</error></testcase><testcase classname="backend.tests.test_contract_language_section6_iteration57.TestContractLanguageAndSection6" name="test_invalid_client_id" time="0.190" /><testcase classname="backend.tests.test_contract_language_section6_iteration57.TestContractLanguageAndSection6" name="test_missing_admin_token" time="0.000"><error message="failed on setup with &quot;AssertionError: Failed to get clients: {&quot;detail&quot;:[{&quot;type&quot;:&quot;missing&quot;,&quot;loc&quot;:[&quot;query&quot;,&quot;admin_token&quot;],&quot;msg&quot;:&quot;Field required&quot;,&quot;input&quot;:null,&quot;url&quot;:&quot;https://errors.pydantic.dev/2.12/v/missing&quot;}]}&#10;assert 422 == 200&#10; +  where 422 = &lt;Response [422]&gt;.status_code&quot;">backend/tests/test_contract_language_section6_iteration57.py:49: in client_with_loan
    assert response.status_code == 200, f"Failed to get clients: {response.text}"
E   AssertionError: Failed to get clients: {"detail":[{"type":"missing","loc":["query","admin_token"],"msg":"Field required","input":null,"url":"https://errors.pydantic.dev/2.12/v/missing"}]}
E   assert 422 == 200
E    +  where 422 = &lt;Response [422]&gt;.status_code</error></testcase></testsuite></testsuites>