<?xml version="1.0" encoding="utf-8"?><testsuites name="pytest tests"><testsuite name="pytest" errors="0" failures="0" skipped="0" tests="9" time="10.024" timestamp="2026-02-14T05:42:57.476658+00:00" hostname="agent-env-ba410d6c-0b87-45bf-8f22-1c6b3e757d42"><testcase classname="backend.tests.test_credit_generate_code.TestClientCreationNoCredits" name="test_superadmin_client_creation_no_credit_deduction" time="1.324" /><testcase classname="backend.tests.test_credit_generate_code.TestClientCreationNoCredits" name="test_regular_admin_client_creation_no_credit_deduction" time="1.567" /><testcase classname="backend.tests.test_credit_generate_code.TestGenerateCodeCreditDeduction" name="test_regular_admin_generate_code_deducts_credit" time="2.360" /><testcase classname="backend.tests.test_credit_generate_code.TestGenerateCodeCreditDeduction" name="test_superadmin_generate_code_no_credit_deduction" time="1.181" /><testcase classname="backend.tests.test_credit_generate_code.TestGenerateCodeCreditDeduction" name="test_generate_code_with_zero_credits_fails" time="1.730" /><testcase classname="backend.tests.test_credit_generate_code.TestGetAdminCredits" name="test_get_credits_returns_correct_balance" time="0.448" /><testcase classname="backend.tests.test_credit_generate_code.TestGetAdminCredits" name="test_get_credits_invalid_token" time="0.149" /><testcase classname="backend.tests.test_credit_generate_code.TestGenerateCodeEndpointValidation" name="test_generate_code_invalid_client_id" time="0.862" /><testcase classname="backend.tests.test_credit_generate_code.TestGenerateCodeEndpointValidation" name="test_generate_code_invalid_token" time="0.183" /></testsuite></testsuites>