<?xml version="1.0" encoding="utf-8"?><testsuites name="pytest tests"><testsuite name="pytest" errors="0" failures="0" skipped="0" tests="17" time="10.697" timestamp="2026-02-17T04:30:49.292691+00:00" hostname="agent-env-467807ba-9db7-48cb-b536-de2ac97e6abd"><testcase classname="tests.test_device_management.TestAdminAuth" name="test_admin_login_success" time="1.210" /><testcase classname="tests.test_device_management.TestAdminAuth" name="test_admin_login_invalid_credentials" time="0.414" /><testcase classname="tests.test_device_management.TestDeviceStatus" name="test_get_device_status_existing_client" time="0.327" /><testcase classname="tests.test_device_management.TestDeviceStatus" name="test_get_device_status_nonexistent_client" time="0.281" /><testcase classname="tests.test_device_management.TestDeviceLocation" name="test_update_location_valid" time="0.157" /><testcase classname="tests.test_device_management.TestDeviceLocation" name="test_update_location_nonexistent_client" time="0.234" /><testcase classname="tests.test_device_management.TestDeviceAdminStatus" name="test_report_admin_status_active" time="0.858" /><testcase classname="tests.test_device_management.TestDeviceAdminStatus" name="test_report_admin_status_inactive" time="0.385" /><testcase classname="tests.test_device_management.TestDeviceAdminStatus" name="test_report_admin_status_nonexistent_client" time="0.260" /><testcase classname="tests.test_device_management.TestClearWarning" name="test_clear_warning_existing_client" time="0.279" /><testcase classname="tests.test_device_management.TestClearWarning" name="test_clear_warning_nonexistent_client" time="0.316" /><testcase classname="tests.test_device_management.TestAllowUninstall" name="test_allow_uninstall" time="1.980" /><testcase classname="tests.test_device_management.TestAllowUninstall" name="test_allow_uninstall_nonexistent_client" time="1.183" /><testcase classname="tests.test_device_management.TestClientsList" name="test_list_clients_returns_device_fields" time="0.953" /><testcase classname="tests.test_device_management.TestDeviceRegistration" name="test_registration_invalid_code" time="0.171" /><testcase classname="tests.test_device_management.TestDeviceRegistration" name="test_registration_already_registered" time="1.101" /><testcase classname="tests.test_device_management.TestHealthCheck" name="test_health_endpoint" time="0.265" /></testsuite></testsuites>