<?xml version="1.0" encoding="utf-8"?><testsuites name="pytest tests"><testsuite name="pytest" errors="0" failures="2" skipped="0" tests="17" time="11.551" timestamp="2026-02-17T04:30:15.215521+00:00" hostname="agent-env-467807ba-9db7-48cb-b536-de2ac97e6abd"><testcase classname="tests.test_device_management.TestAdminAuth" name="test_admin_login_success" time="0.997" /><testcase classname="tests.test_device_management.TestAdminAuth" name="test_admin_login_invalid_credentials" time="0.154" /><testcase classname="tests.test_device_management.TestDeviceStatus" name="test_get_device_status_existing_client" time="0.189" /><testcase classname="tests.test_device_management.TestDeviceStatus" name="test_get_device_status_nonexistent_client" time="0.248" /><testcase classname="tests.test_device_management.TestDeviceLocation" name="test_update_location_valid" time="0.353" /><testcase classname="tests.test_device_management.TestDeviceLocation" name="test_update_location_nonexistent_client" time="0.976" /><testcase classname="tests.test_device_management.TestDeviceAdminStatus" name="test_report_admin_status_active" time="0.274" /><testcase classname="tests.test_device_management.TestDeviceAdminStatus" name="test_report_admin_status_inactive" time="0.472" /><testcase classname="tests.test_device_management.TestDeviceAdminStatus" name="test_report_admin_status_nonexistent_client" time="0.324" /><testcase classname="tests.test_device_management.TestClearWarning" name="test_clear_warning_existing_client" time="0.425" /><testcase classname="tests.test_device_management.TestClearWarning" name="test_clear_warning_nonexistent_client" time="0.316" /><testcase classname="tests.test_device_management.TestAllowUninstall" name="test_allow_uninstall" time="1.284" /><testcase classname="tests.test_device_management.TestAllowUninstall" name="test_allow_uninstall_nonexistent_client" time="1.181" /><testcase classname="tests.test_device_management.TestClientsList" name="test_list_clients_returns_device_fields" time="1.334" /><testcase classname="tests.test_device_management.TestDeviceRegistration" name="test_registration_invalid_code" time="0.259"><failure message="AssertionError: Expected 400, got 422: {&quot;error&quot;:&quot;Invalid registration code&quot;,&quot;code&quot;:&quot;VALIDATION_ERROR&quot;,&quot;correlation_id&quot;:&quot;ffcf8125-2adb-47f9-84af-1a5778f20078&quot;}&#10;assert 422 == 400&#10; +  where 422 = &lt;Response [422]&gt;.status_code">tests/test_device_management.py:301: in test_registration_invalid_code
    assert response.status_code == 400, f"Expected 400, got {response.status_code}: {response.text}"
E   AssertionError: Expected 400, got 422: {"error":"Invalid registration code","code":"VALIDATION_ERROR","correlation_id":"ffcf8125-2adb-47f9-84af-1a5778f20078"}
E   assert 422 == 400
E    +  where 422 = &lt;Response [422]&gt;.status_code</failure></testcase><testcase classname="tests.test_device_management.TestDeviceRegistration" name="test_registration_already_registered" time="1.913"><failure message="AssertionError: Expected 400 for already registered device, got 422&#10;assert 422 == 400&#10; +  where 422 = &lt;Response [422]&gt;.status_code">tests/test_device_management.py:328: in test_registration_already_registered
    assert response.status_code == 400, f"Expected 400 for already registered device, got {response.status_code}"
E   AssertionError: Expected 400 for already registered device, got 422
E   assert 422 == 400
E    +  where 422 = &lt;Response [422]&gt;.status_code</failure></testcase><testcase classname="tests.test_device_management.TestHealthCheck" name="test_health_endpoint" time="0.305" /></testsuite></testsuites>