<?xml version="1.0" encoding="utf-8"?><testsuites name="pytest tests"><testsuite name="pytest" errors="0" failures="0" skipped="0" tests="13" time="5.871" timestamp="2026-02-25T06:10:22.142594+00:00" hostname="agent-env-d0646c97-626e-4741-a4db-1ffe3b341191"><testcase classname="tests.test_device_owner_mode_iteration52.TestHealthAndAuth" name="test_health_check" time="0.153" /><testcase classname="tests.test_device_owner_mode_iteration52.TestHealthAndAuth" name="test_admin_login" time="0.580" /><testcase classname="tests.test_device_owner_mode_iteration52.TestDeviceOwnerCodeGeneration" name="test_generate_code_device_admin_creates_8_char" time="0.743" /><testcase classname="tests.test_device_owner_mode_iteration52.TestDeviceOwnerCodeGeneration" name="test_generate_code_device_owner_creates_9_char" time="0.123" /><testcase classname="tests.test_device_owner_mode_iteration52.TestDeviceRegistrationLockMode" name="test_register_with_8_digit_code_sets_device_admin" time="0.657" /><testcase classname="tests.test_device_owner_mode_iteration52.TestDeviceRegistrationLockMode" name="test_register_with_9_digit_code_sets_device_owner" time="0.379" /><testcase classname="tests.test_device_owner_mode_iteration52.TestDeviceStatusFields" name="test_device_status_returns_lock_mode" time="0.720" /><testcase classname="tests.test_device_owner_mode_iteration52.TestDeviceStatusFields" name="test_device_status_returns_outstanding_balance" time="0.523" /><testcase classname="tests.test_device_owner_mode_iteration52.TestDeviceStatusFields" name="test_device_status_returns_monthly_emi" time="0.566" /><testcase classname="tests.test_device_owner_mode_iteration52.TestDeviceStatusFields" name="test_device_status_returns_all_required_fields" time="0.522" /><testcase classname="tests.test_device_owner_mode_iteration52.TestInvalidInputHandling" name="test_invalid_lock_mode_rejected" time="0.501" /><testcase classname="tests.test_device_owner_mode_iteration52.TestInvalidInputHandling" name="test_register_with_invalid_code" time="0.133" /><testcase classname="tests.test_device_owner_mode_iteration52.TestInvalidInputHandling" name="test_device_status_nonexistent_client" time="0.121" /></testsuite></testsuites>