<?xml version="1.0" encoding="utf-8"?><testsuites name="pytest tests"><testsuite name="pytest" errors="0" failures="0" skipped="0" tests="30" time="16.306" timestamp="2026-02-14T06:21:46.249154+00:00" hostname="agent-env-3056efde-6dbb-46f1-92cb-0707aec94fc4"><testcase classname="backend.tests.test_enhancement_features.TestAuthSetup" name="test_login_success" time="1.605" /><testcase classname="backend.tests.test_enhancement_features.TestDashboardAnalytics" name="test_dashboard_analytics_success" time="0.932" /><testcase classname="backend.tests.test_enhancement_features.TestDashboardAnalytics" name="test_dashboard_analytics_without_token" time="0.213" /><testcase classname="backend.tests.test_enhancement_features.TestDashboardAnalytics" name="test_dashboard_analytics_invalid_token" time="1.352" /><testcase classname="backend.tests.test_enhancement_features.TestNotifications" name="test_notifications_success" time="0.635" /><testcase classname="backend.tests.test_enhancement_features.TestNotifications" name="test_notifications_with_limit" time="0.232" /><testcase classname="backend.tests.test_enhancement_features.TestNotifications" name="test_notifications_unread_only" time="0.321" /><testcase classname="backend.tests.test_enhancement_features.TestNotifications" name="test_notifications_without_token" time="0.352" /><testcase classname="backend.tests.test_enhancement_features.TestNotifications" name="test_mark_all_notifications_read" time="0.268" /><testcase classname="backend.tests.test_enhancement_features.TestClientLocations" name="test_client_locations_success" time="1.272" /><testcase classname="backend.tests.test_enhancement_features.TestClientLocations" name="test_client_locations_without_token" time="0.268" /><testcase classname="backend.tests.test_enhancement_features.TestClientLocations" name="test_client_locations_invalid_token" time="0.322" /><testcase classname="backend.tests.test_enhancement_features.TestClientExport" name="test_client_export_json_success" time="0.955" /><testcase classname="backend.tests.test_enhancement_features.TestClientExport" name="test_client_export_csv_success" time="0.181" /><testcase classname="backend.tests.test_enhancement_features.TestClientExport" name="test_client_export_without_token" time="0.150" /><testcase classname="backend.tests.test_enhancement_features.TestClientExport" name="test_client_export_invalid_token" time="0.345" /><testcase classname="backend.tests.test_enhancement_features.TestBulkOperations" name="test_bulk_operation_lock" time="1.409" /><testcase classname="backend.tests.test_enhancement_features.TestBulkOperations" name="test_bulk_operation_warning" time="0.386" /><testcase classname="backend.tests.test_enhancement_features.TestBulkOperations" name="test_bulk_operation_nonexistent_client" time="0.394" /><testcase classname="backend.tests.test_enhancement_features.TestBulkOperations" name="test_bulk_operation_without_token" time="0.245" /><testcase classname="backend.tests.test_enhancement_features.TestBulkOperations" name="test_bulk_operation_invalid_token" time="0.250" /><testcase classname="backend.tests.test_enhancement_features.TestSupportMessages" name="test_get_support_messages_success" time="1.001" /><testcase classname="backend.tests.test_enhancement_features.TestSupportMessages" name="test_send_support_message_as_client" time="0.281" /><testcase classname="backend.tests.test_enhancement_features.TestSupportMessages" name="test_send_support_message_as_admin" time="0.212" /><testcase classname="backend.tests.test_enhancement_features.TestSupportMessages" name="test_get_support_messages_invalid_client" time="0.138" /><testcase classname="backend.tests.test_enhancement_features.TestSupportMessages" name="test_send_support_message_invalid_client" time="0.226" /><testcase classname="backend.tests.test_enhancement_features.TestSupportMessages" name="test_mark_support_messages_read" time="0.524" /><testcase classname="backend.tests.test_enhancement_features.TestPaymentHistory" name="test_payment_history_success" time="1.107" /><testcase classname="backend.tests.test_enhancement_features.TestPaymentHistory" name="test_payment_history_invalid_client" time="0.299" /><testcase classname="backend.tests.test_enhancement_features.TestCleanup" name="test_cleanup_test_messages" time="0.001" /></testsuite></testsuites>