<?xml version="1.0" encoding="utf-8"?><testsuites name="pytest tests"><testsuite name="pytest" errors="8" failures="2" skipped="0" tests="30" time="15.205" timestamp="2026-02-14T06:20:37.530943+00:00" hostname="agent-env-3056efde-6dbb-46f1-92cb-0707aec94fc4"><testcase classname="backend.tests.test_enhancement_features.TestAuthSetup" name="test_login_success" time="0.951" /><testcase classname="backend.tests.test_enhancement_features.TestDashboardAnalytics" name="test_dashboard_analytics_success" time="0.842" /><testcase classname="backend.tests.test_enhancement_features.TestDashboardAnalytics" name="test_dashboard_analytics_without_token" time="0.259" /><testcase classname="backend.tests.test_enhancement_features.TestDashboardAnalytics" name="test_dashboard_analytics_invalid_token" time="0.255" /><testcase classname="backend.tests.test_enhancement_features.TestNotifications" name="test_notifications_success" time="0.748" /><testcase classname="backend.tests.test_enhancement_features.TestNotifications" name="test_notifications_with_limit" time="0.424" /><testcase classname="backend.tests.test_enhancement_features.TestNotifications" name="test_notifications_unread_only" time="0.180" /><testcase classname="backend.tests.test_enhancement_features.TestNotifications" name="test_notifications_without_token" time="1.729" /><testcase classname="backend.tests.test_enhancement_features.TestNotifications" name="test_mark_all_notifications_read" time="0.468" /><testcase classname="backend.tests.test_enhancement_features.TestClientLocations" name="test_client_locations_success" time="0.715" /><testcase classname="backend.tests.test_enhancement_features.TestClientLocations" name="test_client_locations_without_token" time="0.326" /><testcase classname="backend.tests.test_enhancement_features.TestClientLocations" name="test_client_locations_invalid_token" time="0.267" /><testcase classname="backend.tests.test_enhancement_features.TestClientExport" name="test_client_export_json_success" time="0.883" /><testcase classname="backend.tests.test_enhancement_features.TestClientExport" name="test_client_export_csv_success" time="0.314" /><testcase classname="backend.tests.test_enhancement_features.TestClientExport" name="test_client_export_without_token" time="0.197" /><testcase classname="backend.tests.test_enhancement_features.TestClientExport" name="test_client_export_invalid_token" time="0.256" /><testcase classname="backend.tests.test_enhancement_features.TestBulkOperations" name="test_bulk_operation_lock" time="1.293"><failure message="KeyError: 0">backend/tests/test_enhancement_features.py:343: in test_bulk_operation_lock
    test_ids = [clients[0]["id"]]
                ^^^^^^^^^^
E   KeyError: 0</failure></testcase><testcase classname="backend.tests.test_enhancement_features.TestBulkOperations" name="test_bulk_operation_warning" time="0.168"><failure message="KeyError: 0">backend/tests/test_enhancement_features.py:385: in test_bulk_operation_warning
    test_ids = [clients[0]["id"]]
                ^^^^^^^^^^
E   KeyError: 0</failure></testcase><testcase classname="backend.tests.test_enhancement_features.TestBulkOperations" name="test_bulk_operation_nonexistent_client" time="0.312" /><testcase classname="backend.tests.test_enhancement_features.TestBulkOperations" name="test_bulk_operation_without_token" time="0.401" /><testcase classname="backend.tests.test_enhancement_features.TestBulkOperations" name="test_bulk_operation_invalid_token" time="0.140" /><testcase classname="backend.tests.test_enhancement_features.TestSupportMessages" name="test_get_support_messages_success" time="0.749"><error message="failed on setup with &quot;KeyError: 0&quot;">backend/tests/test_enhancement_features.py:463: in setup_token_and_client
    TestSupportMessages.test_client_id = clients[0]["id"]
                                         ^^^^^^^^^^
E   KeyError: 0</error></testcase><testcase classname="backend.tests.test_enhancement_features.TestSupportMessages" name="test_send_support_message_as_client" time="0.159"><error message="failed on setup with &quot;KeyError: 0&quot;">backend/tests/test_enhancement_features.py:463: in setup_token_and_client
    TestSupportMessages.test_client_id = clients[0]["id"]
                                         ^^^^^^^^^^
E   KeyError: 0</error></testcase><testcase classname="backend.tests.test_enhancement_features.TestSupportMessages" name="test_send_support_message_as_admin" time="0.208"><error message="failed on setup with &quot;KeyError: 0&quot;">backend/tests/test_enhancement_features.py:463: in setup_token_and_client
    TestSupportMessages.test_client_id = clients[0]["id"]
                                         ^^^^^^^^^^
E   KeyError: 0</error></testcase><testcase classname="backend.tests.test_enhancement_features.TestSupportMessages" name="test_get_support_messages_invalid_client" time="0.373"><error message="failed on setup with &quot;KeyError: 0&quot;">backend/tests/test_enhancement_features.py:463: in setup_token_and_client
    TestSupportMessages.test_client_id = clients[0]["id"]
                                         ^^^^^^^^^^
E   KeyError: 0</error></testcase><testcase classname="backend.tests.test_enhancement_features.TestSupportMessages" name="test_send_support_message_invalid_client" time="0.222"><error message="failed on setup with &quot;KeyError: 0&quot;">backend/tests/test_enhancement_features.py:463: in setup_token_and_client
    TestSupportMessages.test_client_id = clients[0]["id"]
                                         ^^^^^^^^^^
E   KeyError: 0</error></testcase><testcase classname="backend.tests.test_enhancement_features.TestSupportMessages" name="test_mark_support_messages_read" time="0.229"><error message="failed on setup with &quot;KeyError: 0&quot;">backend/tests/test_enhancement_features.py:463: in setup_token_and_client
    TestSupportMessages.test_client_id = clients[0]["id"]
                                         ^^^^^^^^^^
E   KeyError: 0</error></testcase><testcase classname="backend.tests.test_enhancement_features.TestPaymentHistory" name="test_payment_history_success" time="0.712"><error message="failed on setup with &quot;KeyError: 0&quot;">backend/tests/test_enhancement_features.py:574: in setup_token_and_client
    TestPaymentHistory.test_client_id = clients[0]["id"]
                                        ^^^^^^^^^^
E   KeyError: 0</error></testcase><testcase classname="backend.tests.test_enhancement_features.TestPaymentHistory" name="test_payment_history_invalid_client" time="0.308"><error message="failed on setup with &quot;KeyError: 0&quot;">backend/tests/test_enhancement_features.py:574: in setup_token_and_client
    TestPaymentHistory.test_client_id = clients[0]["id"]
                                        ^^^^^^^^^^
E   KeyError: 0</error></testcase><testcase classname="backend.tests.test_enhancement_features.TestCleanup" name="test_cleanup_test_messages" time="0.001" /></testsuite></testsuites>