<?xml version="1.0" encoding="utf-8"?><testsuites name="pytest tests"><testsuite name="pytest" errors="0" failures="0" skipped="0" tests="30" time="7.844" timestamp="2026-02-14T06:36:14.862269+00:00" hostname="agent-env-2382fb63-0180-404a-bd42-beb0d8a3e56f"><testcase classname="backend.tests.test_enhancement_features.TestAuthSetup" name="test_login_success" time="0.425" /><testcase classname="backend.tests.test_enhancement_features.TestDashboardAnalytics" name="test_dashboard_analytics_success" time="0.454" /><testcase classname="backend.tests.test_enhancement_features.TestDashboardAnalytics" name="test_dashboard_analytics_without_token" time="0.123" /><testcase classname="backend.tests.test_enhancement_features.TestDashboardAnalytics" name="test_dashboard_analytics_invalid_token" time="0.121" /><testcase classname="backend.tests.test_enhancement_features.TestNotifications" name="test_notifications_success" time="0.430" /><testcase classname="backend.tests.test_enhancement_features.TestNotifications" name="test_notifications_with_limit" time="0.110" /><testcase classname="backend.tests.test_enhancement_features.TestNotifications" name="test_notifications_unread_only" time="0.346" /><testcase classname="backend.tests.test_enhancement_features.TestNotifications" name="test_notifications_without_token" time="0.142" /><testcase classname="backend.tests.test_enhancement_features.TestNotifications" name="test_mark_all_notifications_read" time="0.219" /><testcase classname="backend.tests.test_enhancement_features.TestClientLocations" name="test_client_locations_success" time="0.483" /><testcase classname="backend.tests.test_enhancement_features.TestClientLocations" name="test_client_locations_without_token" time="0.123" /><testcase classname="backend.tests.test_enhancement_features.TestClientLocations" name="test_client_locations_invalid_token" time="0.115" /><testcase classname="backend.tests.test_enhancement_features.TestClientExport" name="test_client_export_json_success" time="0.462" /><testcase classname="backend.tests.test_enhancement_features.TestClientExport" name="test_client_export_csv_success" time="0.113" /><testcase classname="backend.tests.test_enhancement_features.TestClientExport" name="test_client_export_without_token" time="0.127" /><testcase classname="backend.tests.test_enhancement_features.TestClientExport" name="test_client_export_invalid_token" time="0.137" /><testcase classname="backend.tests.test_enhancement_features.TestBulkOperations" name="test_bulk_operation_lock" time="0.743" /><testcase classname="backend.tests.test_enhancement_features.TestBulkOperations" name="test_bulk_operation_warning" time="0.296" /><testcase classname="backend.tests.test_enhancement_features.TestBulkOperations" name="test_bulk_operation_nonexistent_client" time="0.124" /><testcase classname="backend.tests.test_enhancement_features.TestBulkOperations" name="test_bulk_operation_without_token" time="0.164" /><testcase classname="backend.tests.test_enhancement_features.TestBulkOperations" name="test_bulk_operation_invalid_token" time="0.120" /><testcase classname="backend.tests.test_enhancement_features.TestSupportMessages" name="test_get_support_messages_success" time="0.574" /><testcase classname="backend.tests.test_enhancement_features.TestSupportMessages" name="test_send_support_message_as_client" time="0.139" /><testcase classname="backend.tests.test_enhancement_features.TestSupportMessages" name="test_send_support_message_as_admin" time="0.391" /><testcase classname="backend.tests.test_enhancement_features.TestSupportMessages" name="test_get_support_messages_invalid_client" time="0.134" /><testcase classname="backend.tests.test_enhancement_features.TestSupportMessages" name="test_send_support_message_invalid_client" time="0.122" /><testcase classname="backend.tests.test_enhancement_features.TestSupportMessages" name="test_mark_support_messages_read" time="0.121" /><testcase classname="backend.tests.test_enhancement_features.TestPaymentHistory" name="test_payment_history_success" time="0.606" /><testcase classname="backend.tests.test_enhancement_features.TestPaymentHistory" name="test_payment_history_invalid_client" time="0.120" /><testcase classname="backend.tests.test_enhancement_features.TestCleanup" name="test_cleanup_test_messages" time="0.001" /></testsuite></testsuites>