<?xml version="1.0" encoding="utf-8"?><testsuites name="pytest tests"><testsuite name="pytest" errors="0" failures="0" skipped="0" tests="12" time="9.372" timestamp="2026-02-27T01:32:12.960038+00:00" hostname="agent-env-0b8885d6-9f80-4f8b-ae1b-15bb748b90cf"><testcase classname="backend.tests.test_enterprise_gate_endpoints.TestHealthEndpoint" name="test_health_endpoint_returns_200" time="0.197" /><testcase classname="backend.tests.test_enterprise_gate_endpoints.TestAdminLogin" name="test_portal_login_with_admin_credentials" time="0.777" /><testcase classname="backend.tests.test_enterprise_gate_endpoints.TestCurrentPlanEndpoint" name="test_current_plan_returns_plan_id" time="1.185" /><testcase classname="backend.tests.test_enterprise_gate_endpoints.TestCurrentPlanEndpoint" name="test_current_plan_requires_auth" time="1.009" /><testcase classname="backend.tests.test_enterprise_gate_endpoints.TestAdminCreditsEndpoint" name="test_credits_returns_is_super_admin" time="1.217" /><testcase classname="backend.tests.test_enterprise_gate_endpoints.TestAdminCreditsEndpoint" name="test_admin_is_super_admin" time="1.333" /><testcase classname="backend.tests.test_enterprise_gate_endpoints.TestAdminCreditsEndpoint" name="test_credits_requires_auth" time="1.108" /><testcase classname="backend.tests.test_enterprise_gate_endpoints.TestWebsiteEndpoint" name="test_website_returns_html" time="0.232" /><testcase classname="backend.tests.test_enterprise_gate_endpoints.TestPortalEndpoint" name="test_portal_returns_html" time="0.185" /><testcase classname="backend.tests.test_enterprise_gate_endpoints.TestPortalEndpoint" name="test_portal_is_not_404" time="0.173" /><testcase classname="backend.tests.test_enterprise_gate_endpoints.TestWebsiteDownloadEndpoint" name="test_website_download_returns_zip" time="0.213" /><testcase classname="backend.tests.test_enterprise_gate_endpoints.TestEnterpriseGateIntegration" name="test_enterprise_access_flow" time="1.591" /></testsuite></testsuites>