<?xml version="1.0" encoding="utf-8"?><testsuites name="pytest tests"><testsuite name="pytest" errors="0" failures="0" skipped="0" tests="9" time="8.527" timestamp="2026-02-14T04:48:30.294605+00:00" hostname="agent-env-959cca64-ce75-4327-9303-fa2819e2cf4d"><testcase classname="backend.tests.test_heartbeat_silent_clients.TestHeartbeatAndSilentClients" name="test_01_login_success" time="0.347" /><testcase classname="backend.tests.test_heartbeat_silent_clients.TestHeartbeatAndSilentClients" name="test_02_silent_clients_endpoint_exists" time="0.650" /><testcase classname="backend.tests.test_heartbeat_silent_clients.TestHeartbeatAndSilentClients" name="test_03_device_status_updates_heartbeat" time="1.428" /><testcase classname="backend.tests.test_heartbeat_silent_clients.TestHeartbeatAndSilentClients" name="test_04_new_client_without_heartbeat_shows_in_silent" time="0.686" /><testcase classname="backend.tests.test_heartbeat_silent_clients.TestHeartbeatAndSilentClients" name="test_05_client_after_status_check_not_in_silent_list" time="0.876" /><testcase classname="backend.tests.test_heartbeat_silent_clients.TestTamperDetection" name="test_06_report_tamper_clear_data" time="1.193" /><testcase classname="backend.tests.test_heartbeat_silent_clients.TestTamperDetection" name="test_07_report_tamper_increments_counter" time="1.014" /><testcase classname="backend.tests.test_heartbeat_silent_clients.TestTamperDetection" name="test_08_report_tamper_invalid_client" time="0.135" /><testcase classname="backend.tests.test_heartbeat_silent_clients.TestFullHeartbeatChain" name="test_09_full_heartbeat_chain" time="2.019" /></testsuite></testsuites>