<?xml version="1.0" encoding="utf-8"?><testsuites name="pytest tests"><testsuite name="pytest" errors="0" failures="2" skipped="0" tests="10" time="7.549" timestamp="2026-03-18T13:15:37.910905+00:00" hostname="agent-env-f36f045f-5405-45da-80f6-54f98957db79"><testcase classname="tests.test_heartbeat_silent_devices_iteration84.TestSilentDeviceFeatures" name="test_health_check" time="0.842" /><testcase classname="tests.test_heartbeat_silent_devices_iteration84.TestSilentDeviceFeatures" name="test_clients_list_has_heartbeat_fields" time="3.026"><failure message="AssertionError: Failed to get clients: {&quot;detail&quot;:[{&quot;type&quot;:&quot;missing&quot;,&quot;loc&quot;:[&quot;query&quot;,&quot;admin_token&quot;],&quot;msg&quot;:&quot;Field required&quot;,&quot;input&quot;:null,&quot;url&quot;:&quot;https://errors.pydantic.dev/2.12/v/missing&quot;}]}&#10;assert 422 == 200&#10; +  where 422 = &lt;Response [422]&gt;.status_code">tests/test_heartbeat_silent_devices_iteration84.py:73: in test_clients_list_has_heartbeat_fields
    assert response.status_code == 200, f"Failed to get clients: {response.text}"
E   AssertionError: Failed to get clients: {"detail":[{"type":"missing","loc":["query","admin_token"],"msg":"Field required","input":null,"url":"https://errors.pydantic.dev/2.12/v/missing"}]}
E   assert 422 == 200
E    +  where 422 = &lt;Response [422]&gt;.status_code</failure></testcase><testcase classname="tests.test_heartbeat_silent_devices_iteration84.TestSilentDeviceFeatures" name="test_device_status_returns_admin_plan" time="0.172"><failure message="assert 422 == 200&#10; +  where 422 = &lt;Response [422]&gt;.status_code">tests/test_heartbeat_silent_devices_iteration84.py:103: in test_device_status_returns_admin_plan
    assert response.status_code == 200
E   assert 422 == 200
E    +  where 422 = &lt;Response [422]&gt;.status_code</failure></testcase><testcase classname="tests.test_heartbeat_silent_devices_iteration84.TestSilentDeviceNotificationLogic" name="test_silent_device_notification_exists" time="1.816" /><testcase classname="tests.test_heartbeat_silent_devices_iteration84.TestSilentDeviceNotificationLogic" name="test_silent_device_rate_limiting" time="1.323" /><testcase classname="tests.test_heartbeat_silent_devices_iteration84.TestVersionBumpScript" name="test_version_bump_script_exists" time="0.001" /><testcase classname="tests.test_heartbeat_silent_devices_iteration84.TestVersionBumpScript" name="test_version_json_structure" time="0.001" /><testcase classname="tests.test_heartbeat_silent_devices_iteration84.TestVersionBumpScript" name="test_version_bump_increments_correctly" time="0.062" /><testcase classname="tests.test_heartbeat_silent_devices_iteration84.TestBackgroundTaskRegistration" name="test_silent_device_task_in_server_startup" time="0.001" /><testcase classname="tests.test_heartbeat_silent_devices_iteration84.TestBackgroundTaskRegistration" name="test_silent_device_task_function_exists" time="0.001" /></testsuite></testsuites>