<?xml version="1.0" encoding="utf-8"?><testsuites name="pytest tests"><testsuite name="pytest" errors="0" failures="0" skipped="0" tests="16" time="3.555" timestamp="2026-02-15T14:04:37.237969+00:00" hostname="agent-env-d92a22fa-8f47-440e-826c-fef048adeb41"><testcase classname="backend.tests.test_heartbeat_revenue_features.TestHeartbeatSummaryEndpoint" name="test_heartbeat_summary_returns_200" time="0.493" /><testcase classname="backend.tests.test_heartbeat_revenue_features.TestHeartbeatSummaryEndpoint" name="test_heartbeat_summary_has_required_fields" time="0.441" /><testcase classname="backend.tests.test_heartbeat_revenue_features.TestHeartbeatSummaryEndpoint" name="test_heartbeat_summary_counts_are_consistent" time="0.174" /><testcase classname="backend.tests.test_heartbeat_revenue_features.TestHeartbeatSummaryEndpoint" name="test_heartbeat_devices_have_severity_field" time="0.134" /><testcase classname="backend.tests.test_heartbeat_revenue_features.TestHeartbeatSummaryEndpoint" name="test_heartbeat_summary_requires_auth" time="0.143" /><testcase classname="backend.tests.test_heartbeat_revenue_features.TestHeartbeatSummaryEndpoint" name="test_heartbeat_invalid_token_rejected" time="0.139" /><testcase classname="backend.tests.test_heartbeat_revenue_features.TestHeartbeatSummaryEndpoint" name="test_heartbeat_device_entries_have_required_fields" time="0.128" /><testcase classname="backend.tests.test_heartbeat_revenue_features.TestHeartbeatSummaryEndpoint" name="test_heartbeat_thresholds_included" time="0.128" /><testcase classname="backend.tests.test_heartbeat_revenue_features.TestDashboardAnalyticsEndpoint" name="test_dashboard_analytics_returns_200" time="0.291" /><testcase classname="backend.tests.test_heartbeat_revenue_features.TestDashboardAnalyticsEndpoint" name="test_dashboard_has_monthly_revenue_field" time="0.131" /><testcase classname="backend.tests.test_heartbeat_revenue_features.TestDashboardAnalyticsEndpoint" name="test_monthly_revenue_keys_are_yyyy_mm_format" time="0.174" /><testcase classname="backend.tests.test_heartbeat_revenue_features.TestDashboardAnalyticsEndpoint" name="test_monthly_revenue_values_are_numbers" time="0.129" /><testcase classname="backend.tests.test_heartbeat_revenue_features.TestDashboardAnalyticsEndpoint" name="test_dashboard_has_all_sections" time="0.162" /><testcase classname="backend.tests.test_heartbeat_revenue_features.TestDashboardAnalyticsEndpoint" name="test_dashboard_requires_auth" time="0.460" /><testcase classname="backend.tests.test_heartbeat_revenue_features.TestCollectionReportEndpoint" name="test_collection_report_returns_200" time="0.157" /><testcase classname="backend.tests.test_heartbeat_revenue_features.TestCollectionReportEndpoint" name="test_collection_report_data_correctness" time="0.129" /></testsuite></testsuites>