<?xml version="1.0" encoding="utf-8"?><testsuites name="pytest tests"><testsuite name="pytest" errors="0" failures="1" skipped="0" tests="9" time="8.902" timestamp="2026-02-14T04:47:47.161093+00:00" hostname="agent-env-959cca64-ce75-4327-9303-fa2819e2cf4d"><testcase classname="backend.tests.test_heartbeat_silent_clients.TestHeartbeatAndSilentClients" name="test_01_login_success" time="0.660" /><testcase classname="backend.tests.test_heartbeat_silent_clients.TestHeartbeatAndSilentClients" name="test_02_silent_clients_endpoint_exists" time="0.696" /><testcase classname="backend.tests.test_heartbeat_silent_clients.TestHeartbeatAndSilentClients" name="test_03_device_status_updates_heartbeat" time="1.041"><failure message="AssertionError: last_heartbeat should be set after status check&#10;assert ('last_heartbeat' in {'admin_id': 'a8c52e87-f8c8-44b3-9371-57393881db18', 'admin_mode_active': False, 'auto_lock_enabled': True, 'auto_lock_grace_days': 3, ...} or None is not None)&#10; +  where None = &lt;built-in method get of dict object at 0x7e3e902a3500&gt;('last_heartbeat')&#10; +    where &lt;built-in method get of dict object at 0x7e3e902a3500&gt; = {'admin_id': 'a8c52e87-f8c8-44b3-9371-57393881db18', 'admin_mode_active': False, 'auto_lock_enabled': True, 'auto_lock_grace_days': 3, ...}.get">backend/tests/test_heartbeat_silent_clients.py:126: in test_03_device_status_updates_heartbeat
    assert "last_heartbeat" in client_after or client_after.get("last_heartbeat") is not None, \
E   AssertionError: last_heartbeat should be set after status check
E   assert ('last_heartbeat' in {'admin_id': 'a8c52e87-f8c8-44b3-9371-57393881db18', 'admin_mode_active': False, 'auto_lock_enabled': True, 'auto_lock_grace_days': 3, ...} or None is not None)
E    +  where None = &lt;built-in method get of dict object at 0x7e3e902a3500&gt;('last_heartbeat')
E    +    where &lt;built-in method get of dict object at 0x7e3e902a3500&gt; = {'admin_id': 'a8c52e87-f8c8-44b3-9371-57393881db18', 'admin_mode_active': False, 'auto_lock_enabled': True, 'auto_lock_grace_days': 3, ...}.get</failure></testcase><testcase classname="backend.tests.test_heartbeat_silent_clients.TestHeartbeatAndSilentClients" name="test_04_new_client_without_heartbeat_shows_in_silent" time="0.710" /><testcase classname="backend.tests.test_heartbeat_silent_clients.TestHeartbeatAndSilentClients" name="test_05_client_after_status_check_not_in_silent_list" time="1.151" /><testcase classname="backend.tests.test_heartbeat_silent_clients.TestTamperDetection" name="test_06_report_tamper_clear_data" time="1.412" /><testcase classname="backend.tests.test_heartbeat_silent_clients.TestTamperDetection" name="test_07_report_tamper_increments_counter" time="1.141" /><testcase classname="backend.tests.test_heartbeat_silent_clients.TestTamperDetection" name="test_08_report_tamper_invalid_client" time="0.162" /><testcase classname="backend.tests.test_heartbeat_silent_clients.TestFullHeartbeatChain" name="test_09_full_heartbeat_chain" time="1.630" /></testsuite></testsuites>