<?xml version="1.0" encoding="utf-8"?><testsuites name="pytest tests"><testsuite name="pytest" errors="0" failures="0" skipped="0" tests="7" time="3.919" timestamp="2026-02-16T10:05:08.098777+00:00" hostname="agent-env-b985cf29-25db-4f07-8c47-04d39e4e6575"><testcase classname="backend.tests.test_interest_earned_search.TestInterestEarnedSummary" name="test_paid_loans_summary_endpoint_exists" time="0.509" /><testcase classname="backend.tests.test_interest_earned_search.TestInterestEarnedSummary" name="test_paid_loans_summary_response_structure" time="0.410" /><testcase classname="backend.tests.test_interest_earned_search.TestInterestEarnedSummary" name="test_paid_loans_summary_field_types" time="0.398" /><testcase classname="backend.tests.test_interest_earned_search.TestInterestEarnedSummary" name="test_paid_loans_summary_values_non_negative" time="0.411" /><testcase classname="backend.tests.test_interest_earned_search.TestLoanHistoryEndpoint" name="test_loan_history_endpoint_for_nonexistent_client" time="0.646" /><testcase classname="backend.tests.test_interest_earned_search.TestPaidLoansDetailRoute" name="test_paid_loans_list_endpoint" time="0.459" /><testcase classname="backend.tests.test_interest_earned_search.TestCreateAndVerifyArchivedLoan" name="test_full_archive_flow" time="0.970" /></testsuite></testsuites>