<?xml version="1.0" encoding="utf-8"?><testsuites name="pytest tests"><testsuite name="pytest" errors="0" failures="0" skipped="2" tests="9" time="4.469" timestamp="2026-02-16T10:58:04.932905+00:00" hostname="agent-env-6210c3c5-a325-4ae3-9d87-30a06927ddb7"><testcase classname="tests.test_interest_trend_tabs.TestPaidLoansSummaryWithTrend" name="test_paid_loans_summary_endpoint_returns_200" time="0.820" /><testcase classname="tests.test_interest_trend_tabs.TestPaidLoansSummaryWithTrend" name="test_paid_loans_summary_has_monthly_interest_trend" time="0.611" /><testcase classname="tests.test_interest_trend_tabs.TestPaidLoansSummaryWithTrend" name="test_monthly_interest_trend_has_6_entries" time="0.393" /><testcase classname="tests.test_interest_trend_tabs.TestPaidLoansSummaryWithTrend" name="test_monthly_interest_trend_entry_structure" time="0.399" /><testcase classname="tests.test_interest_trend_tabs.TestPaidLoansSummaryWithTrend" name="test_paid_loans_summary_all_fields_present" time="0.465" /><testcase classname="tests.test_interest_trend_tabs.TestPaymentHistoryEndpoint" name="test_payments_endpoint_with_invalid_client_returns_404" time="0.429" /><testcase classname="tests.test_interest_trend_tabs.TestPaymentHistoryEndpoint" name="test_payments_endpoint_requires_auth" time="0.401" /><testcase classname="tests.test_interest_trend_tabs.TestPaymentHistoryEndpoint" name="test_payments_endpoint_returns_list" time="0.427"><skipped type="pytest.skip" message="No clients available for testing">/app/backend/tests/test_interest_trend_tabs.py:166: No clients available for testing</skipped></testcase><testcase classname="tests.test_interest_trend_tabs.TestClientPortalStatus" name="test_get_client_with_loan_data" time="0.371"><skipped type="pytest.skip" message="No clients available">/app/backend/tests/test_interest_trend_tabs.py:208: No clients available</skipped></testcase></testsuite></testsuites>