<?xml version="1.0" encoding="utf-8"?><testsuites name="pytest tests"><testsuite name="pytest" errors="0" failures="1" skipped="0" tests="7" time="4.350" timestamp="2026-02-16T09:56:14.583193+00:00" hostname="agent-env-b985cf29-25db-4f07-8c47-04d39e4e6575"><testcase classname="backend.tests.test_interest_earned_search.TestInterestEarnedSummary" name="test_paid_loans_summary_endpoint_exists" time="0.524" /><testcase classname="backend.tests.test_interest_earned_search.TestInterestEarnedSummary" name="test_paid_loans_summary_response_structure" time="1.118" /><testcase classname="backend.tests.test_interest_earned_search.TestInterestEarnedSummary" name="test_paid_loans_summary_field_types" time="0.367" /><testcase classname="backend.tests.test_interest_earned_search.TestInterestEarnedSummary" name="test_paid_loans_summary_values_non_negative" time="0.416" /><testcase classname="backend.tests.test_interest_earned_search.TestLoanHistoryEndpoint" name="test_loan_history_endpoint_for_nonexistent_client" time="0.599" /><testcase classname="backend.tests.test_interest_earned_search.TestPaidLoansDetailRoute" name="test_paid_loans_list_endpoint" time="0.587" /><testcase classname="backend.tests.test_interest_earned_search.TestCreateAndVerifyArchivedLoan" name="test_full_archive_flow" time="0.548"><failure message="AssertionError: Loan setup failed: {&quot;detail&quot;:&quot;Loan tenure must be at least 1 month&quot;}&#10;assert 400 == 200&#10; +  where 400 = &lt;Response [400]&gt;.status_code">backend/tests/test_interest_earned_search.py:188: in test_full_archive_flow
    assert loan_response.status_code == 200, f"Loan setup failed: {loan_response.text}"
E   AssertionError: Loan setup failed: {"detail":"Loan tenure must be at least 1 month"}
E   assert 400 == 200
E    +  where 400 = &lt;Response [400]&gt;.status_code</failure></testcase></testsuite></testsuites>