<?xml version="1.0" encoding="utf-8"?><testsuites name="pytest tests"><testsuite name="pytest" errors="0" failures="0" skipped="0" tests="16" time="23.488" timestamp="2026-03-16T08:06:22.363513+00:00" hostname="agent-env-30dd9c63-91e1-4a50-859e-ff50eb759a5e"><testcase classname="backend.tests.test_iteration79_features.TestCollectionReport" name="test_collection_report_has_new_loans_field" time="2.409" /><testcase classname="backend.tests.test_iteration79_features.TestCollectionReport" name="test_collection_report_overview_metrics" time="0.673" /><testcase classname="backend.tests.test_iteration79_features.TestCollectionReport" name="test_overdue_clients_count_accuracy" time="0.640" /><testcase classname="backend.tests.test_iteration79_features.TestCollectionReport" name="test_completed_loans_count_accuracy" time="0.643" /><testcase classname="backend.tests.test_iteration79_features.TestBankStatementPlanGating" name="test_starter_user_gets_403" time="1.543" /><testcase classname="backend.tests.test_iteration79_features.TestBankStatementPlanGating" name="test_starter_user_gets_403_on_history" time="0.400" /><testcase classname="backend.tests.test_iteration79_features.TestBankStatementPlanGating" name="test_professional_user_denied_force_ocr" time="1.647" /><testcase classname="backend.tests.test_iteration79_features.TestBankStatementPlanGating" name="test_superadmin_has_full_access" time="1.890" /><testcase classname="backend.tests.test_iteration79_features.TestAuditLogsHierarchicalScoping" name="test_superadmin_audit_logs_access" time="1.958" /><testcase classname="backend.tests.test_iteration79_features.TestAuditLogsHierarchicalScoping" name="test_audit_logs_hierarchical_scoping_structure" time="0.909" /><testcase classname="backend.tests.test_iteration79_features.TestAuditLogsHierarchicalScoping" name="test_starter_user_audit_logs_denied" time="1.520" /><testcase classname="backend.tests.test_iteration79_features.TestAdminPlanVerification" name="test_superadmin_plan" time="1.456" /><testcase classname="backend.tests.test_iteration79_features.TestAdminPlanVerification" name="test_starter_user_plan" time="1.590" /><testcase classname="backend.tests.test_iteration79_features.TestAdminPlanVerification" name="test_professional_user_plan" time="1.578" /><testcase classname="backend.tests.test_iteration79_features.TestFeatureGatingConsistency" name="test_bank_ocr_feature_gating" time="4.327" /><testcase classname="backend.tests.test_iteration79_features.TestHealthCheck" name="test_api_health" time="0.129" /></testsuite></testsuites>