<?xml version="1.0" encoding="utf-8"?><testsuites name="pytest tests"><testsuite name="pytest" errors="0" failures="0" skipped="0" tests="20" time="16.083" timestamp="2026-03-12T09:44:22.104165+00:00" hostname="agent-env-e395cdfa-8dc2-4c06-908f-0a71423d157e"><testcase classname="tests.test_iteration71_features.TestAdminLogin" name="test_admin_login_with_correct_credentials" time="0.965" /><testcase classname="tests.test_iteration71_features.TestGenerateRegistrationCode" name="test_generate_8_digit_admin_code" time="2.245" /><testcase classname="tests.test_iteration71_features.TestGenerateRegistrationCode" name="test_generate_9_digit_owner_code" time="0.679" /><testcase classname="tests.test_iteration71_features.TestGenerateRegistrationCode" name="test_generate_code_invalid_client" time="0.525" /><testcase classname="tests.test_iteration71_features.TestSendWarning" name="test_send_warning_default_message" time="0.537" /><testcase classname="tests.test_iteration71_features.TestSendWarning" name="test_send_warning_custom_message" time="0.547" /><testcase classname="tests.test_iteration71_features.TestSendWarning" name="test_send_warning_invalid_client" time="0.412" /><testcase classname="tests.test_iteration71_features.TestLoanSetup" name="test_setup_loan_basic" time="0.525" /><testcase classname="tests.test_iteration71_features.TestLoanSetup" name="test_setup_loan_with_dates" time="0.526" /><testcase classname="tests.test_iteration71_features.TestLoanPlans" name="test_list_loan_plans" time="0.383" /><testcase classname="tests.test_iteration71_features.TestLoanPlans" name="test_create_loan_plan" time="0.416" /><testcase classname="tests.test_iteration71_features.TestLoanPlans" name="test_edit_loan_plan" time="1.898" /><testcase classname="tests.test_iteration71_features.TestLoanPlans" name="test_delete_loan_plan" time="1.074" /><testcase classname="tests.test_iteration71_features.TestSchedules" name="test_list_schedules" time="0.430" /><testcase classname="tests.test_iteration71_features.TestSchedules" name="test_create_schedule" time="0.555" /><testcase classname="tests.test_iteration71_features.TestSchedules" name="test_edit_schedule" time="1.522" /><testcase classname="tests.test_iteration71_features.TestSchedules" name="test_get_due_today" time="0.438" /><testcase classname="tests.test_iteration71_features.TestLoanScheduleView" name="test_get_loan_schedule" time="0.405" /><testcase classname="tests.test_iteration71_features.TestBankStatementForceOCR" name="test_bank_statement_endpoint_exists" time="0.742" /><testcase classname="tests.test_iteration71_features.TestCleanup" name="test_cleanup_test_plans" time="1.111" /></testsuite></testsuites>