<?xml version="1.0" encoding="utf-8"?><testsuites name="pytest tests"><testsuite name="pytest" errors="0" failures="0" skipped="0" tests="6" time="22.348" timestamp="2026-02-16T11:21:57.624339+00:00" hostname="agent-env-6210c3c5-a325-4ae3-9d87-30a06927ddb7"><testcase classname="tests.test_loan_renewal_feature.TestLoanRenewalBackend" name="test_get_latest_paid_loan_success" time="1.692" /><testcase classname="tests.test_loan_renewal_feature.TestLoanRenewalBackend" name="test_get_latest_paid_loan_404_no_archived_loans" time="0.157" /><testcase classname="tests.test_loan_renewal_feature.TestLoanRenewalBackend" name="test_get_latest_paid_loan_invalid_client" time="0.254" /><testcase classname="tests.test_loan_renewal_feature.TestLoanRenewalBackend" name="test_get_latest_paid_loan_requires_auth" time="0.270" /><testcase classname="tests.test_loan_renewal_feature.TestLoanRenewalBackend" name="test_verify_client_has_no_active_loan" time="0.190" /><testcase classname="tests.test_loan_renewal_feature.TestLoanRenewalBackend" name="test_verify_client_has_loan_history" time="19.186" /></testsuite></testsuites>