<?xml version="1.0" encoding="utf-8"?><testsuites name="pytest tests"><testsuite name="pytest" errors="0" failures="11" skipped="0" tests="11" time="3.489" timestamp="2026-02-16T09:23:22.310555+00:00" hostname="agent-env-b985cf29-25db-4f07-8c47-04d39e4e6575"><testcase classname="backend.tests.test_loan_archive_features.TestAuthentication" name="test_superadmin_login" time="0.425"><failure message="AssertionError: No admin_token in response&#10;assert 'admin_token' in {'credits': 5, 'first_name': 'Karli', 'id': 'a8c52e87-f8c8-44b3-9371-57393881db18', 'is_super_admin': True, ...}">backend/tests/test_loan_archive_features.py:37: in test_superadmin_login
    assert "admin_token" in data, "No admin_token in response"
E   AssertionError: No admin_token in response
E   assert 'admin_token' in {'credits': 5, 'first_name': 'Karli', 'id': 'a8c52e87-f8c8-44b3-9371-57393881db18', 'is_super_admin': True, ...}</failure></testcase><testcase classname="backend.tests.test_loan_archive_features.TestClientCreation" name="test_create_client_without_registration_code" time="0.268"><failure message="KeyError: 'admin_token'">backend/tests/test_loan_archive_features.py:52: in test_create_client_without_registration_code
    token = response.json()["admin_token"]
            ^^^^^^^^^^^^^^^^^^^^^^^^^^^^^^
E   KeyError: 'admin_token'</failure></testcase><testcase classname="backend.tests.test_loan_archive_features.TestClientCreation" name="test_create_second_client_without_registration_code" time="0.243"><failure message="KeyError: 'admin_token'">backend/tests/test_loan_archive_features.py:83: in test_create_second_client_without_registration_code
    token = response.json()["admin_token"]
            ^^^^^^^^^^^^^^^^^^^^^^^^^^^^^^
E   KeyError: 'admin_token'</failure></testcase><testcase classname="backend.tests.test_loan_archive_features.TestLoanSetupAndAutoArchive" name="test_setup_loan_for_client" time="0.234"><failure message="KeyError: 'admin_token'">backend/tests/test_loan_archive_features.py:114: in test_setup_loan_for_client
    token = response.json()["admin_token"]
            ^^^^^^^^^^^^^^^^^^^^^^^^^^^^^^
E   KeyError: 'admin_token'</failure></testcase><testcase classname="backend.tests.test_loan_archive_features.TestLoanSetupAndAutoArchive" name="test_verify_loan_setup" time="0.250"><failure message="KeyError: 'admin_token'">backend/tests/test_loan_archive_features.py:161: in test_verify_loan_setup
    token = response.json()["admin_token"]
            ^^^^^^^^^^^^^^^^^^^^^^^^^^^^^^
E   KeyError: 'admin_token'</failure></testcase><testcase classname="backend.tests.test_loan_archive_features.TestLoanSetupAndAutoArchive" name="test_full_payment_triggers_auto_archive" time="0.236"><failure message="KeyError: 'admin_token'">backend/tests/test_loan_archive_features.py:182: in test_full_payment_triggers_auto_archive
    token = response.json()["admin_token"]
            ^^^^^^^^^^^^^^^^^^^^^^^^^^^^^^
E   KeyError: 'admin_token'</failure></testcase><testcase classname="backend.tests.test_loan_archive_features.TestPaidLoansEndpoint" name="test_get_paid_loans_list" time="0.259"><failure message="KeyError: 'admin_token'">backend/tests/test_loan_archive_features.py:221: in test_get_paid_loans_list
    token = response.json()["admin_token"]
            ^^^^^^^^^^^^^^^^^^^^^^^^^^^^^^
E   KeyError: 'admin_token'</failure></testcase><testcase classname="backend.tests.test_loan_archive_features.TestClientLoanHistory" name="test_get_client_loan_history" time="0.555"><failure message="KeyError: 'admin_token'">backend/tests/test_loan_archive_features.py:253: in test_get_client_loan_history
    token = response.json()["admin_token"]
            ^^^^^^^^^^^^^^^^^^^^^^^^^^^^^^
E   KeyError: 'admin_token'</failure></testcase><testcase classname="backend.tests.test_loan_archive_features.TestClientLoanHistory" name="test_get_loan_history_for_client_with_known_history" time="0.240"><failure message="KeyError: 'admin_token'">backend/tests/test_loan_archive_features.py:283: in test_get_loan_history_for_client_with_known_history
    token = response.json()["admin_token"]
            ^^^^^^^^^^^^^^^^^^^^^^^^^^^^^^
E   KeyError: 'admin_token'</failure></testcase><testcase classname="backend.tests.test_loan_archive_features.TestManualArchive" name="test_setup_and_manual_archive" time="0.265"><failure message="KeyError: 'admin_token'">backend/tests/test_loan_archive_features.py:314: in test_setup_and_manual_archive
    token = response.json()["admin_token"]
            ^^^^^^^^^^^^^^^^^^^^^^^^^^^^^^
E   KeyError: 'admin_token'</failure></testcase><testcase classname="backend.tests.test_loan_archive_features.TestCleanup" name="test_cleanup_test_clients" time="0.241"><failure message="KeyError: 'admin_token'">backend/tests/test_loan_archive_features.py:390: in test_cleanup_test_clients
    token = response.json()["admin_token"]
            ^^^^^^^^^^^^^^^^^^^^^^^^^^^^^^
E   KeyError: 'admin_token'</failure></testcase></testsuite></testsuites>