<?xml version="1.0" encoding="utf-8"?><testsuites name="pytest tests"><testsuite name="pytest" errors="0" failures="0" skipped="0" tests="13" time="12.984" timestamp="2026-02-17T09:16:44.631683+00:00" hostname="agent-env-d2c5bbd6-dbc3-4c57-bf21-94801030c242"><testcase classname="backend.tests.test_loan_device_management.TestClientStatusResponseFields" name="test_device_status_has_loan_amount_field" time="2.016" /><testcase classname="backend.tests.test_loan_device_management.TestClientStatusResponseFields" name="test_device_status_has_loan_due_date_field" time="0.397" /><testcase classname="backend.tests.test_loan_device_management.TestClientStatusResponseFields" name="test_device_status_full_response_structure" time="0.256" /><testcase classname="backend.tests.test_loan_device_management.TestDeviceRegistrationResetsUninstallAllowed" name="test_registration_sets_uninstall_allowed_false" time="1.131" /><testcase classname="backend.tests.test_loan_device_management.TestGenerateCodeResetsFields" name="test_generate_code_resets_uninstall_allowed" time="1.159" /><testcase classname="backend.tests.test_loan_device_management.TestGenerateCodeResetsFields" name="test_generate_code_resets_is_registered" time="0.699" /><testcase classname="backend.tests.test_loan_device_management.TestAllowUninstall" name="test_allow_uninstall_sets_flag_true" time="1.145" /><testcase classname="backend.tests.test_loan_device_management.TestReportAdminStatus" name="test_report_admin_status_true" time="0.613" /><testcase classname="backend.tests.test_loan_device_management.TestReportAdminStatus" name="test_report_admin_status_false" time="0.490" /><testcase classname="backend.tests.test_loan_device_management.TestLockUnlock" name="test_lock_device" time="1.153" /><testcase classname="backend.tests.test_loan_device_management.TestLockUnlock" name="test_unlock_device" time="0.926" /><testcase classname="backend.tests.test_loan_device_management.TestUninstallAllowedAfterAllowUninstall" name="test_status_shows_uninstall_allowed_true" time="1.806" /><testcase classname="backend.tests.test_loan_device_management.TestHealthCheck" name="test_api_health" time="0.448" /></testsuite></testsuites>