<?xml version="1.0" encoding="utf-8"?><testsuites name="pytest tests"><testsuite name="pytest" errors="0" failures="0" skipped="0" tests="11" time="6.774" timestamp="2026-02-16T09:23:42.260791+00:00" hostname="agent-env-b985cf29-25db-4f07-8c47-04d39e4e6575"><testcase classname="backend.tests.test_loan_archive_features.TestAuthentication" name="test_superadmin_login" time="0.303" /><testcase classname="backend.tests.test_loan_archive_features.TestClientCreation" name="test_create_client_without_registration_code" time="0.801" /><testcase classname="backend.tests.test_loan_archive_features.TestClientCreation" name="test_create_second_client_without_registration_code" time="0.422" /><testcase classname="backend.tests.test_loan_archive_features.TestLoanSetupAndAutoArchive" name="test_setup_loan_for_client" time="0.508" /><testcase classname="backend.tests.test_loan_archive_features.TestLoanSetupAndAutoArchive" name="test_verify_loan_setup" time="0.365" /><testcase classname="backend.tests.test_loan_archive_features.TestLoanSetupAndAutoArchive" name="test_full_payment_triggers_auto_archive" time="0.426" /><testcase classname="backend.tests.test_loan_archive_features.TestPaidLoansEndpoint" name="test_get_paid_loans_list" time="0.356" /><testcase classname="backend.tests.test_loan_archive_features.TestClientLoanHistory" name="test_get_client_loan_history" time="0.319" /><testcase classname="backend.tests.test_loan_archive_features.TestClientLoanHistory" name="test_get_loan_history_for_client_with_known_history" time="0.754" /><testcase classname="backend.tests.test_loan_archive_features.TestManualArchive" name="test_setup_and_manual_archive" time="1.012" /><testcase classname="backend.tests.test_loan_archive_features.TestCleanup" name="test_cleanup_test_clients" time="1.378" /></testsuite></testsuites>