<?xml version="1.0" encoding="utf-8"?><testsuites name="pytest tests"><testsuite name="pytest" errors="0" failures="0" skipped="0" tests="18" time="20.967" timestamp="2026-02-26T21:14:27.764442+00:00" hostname="agent-env-3eee7ec6-d14f-406c-bdc1-88dcb598f712"><testcase classname="backend.tests.test_location_portal_iteration65.TestHealthEndpoint" name="test_health_check" time="0.298" /><testcase classname="backend.tests.test_location_portal_iteration65.TestAdminLogin" name="test_admin_login_success" time="0.788" /><testcase classname="backend.tests.test_location_portal_iteration65.TestAdminLogin" name="test_admin_login_invalid" time="0.391" /><testcase classname="backend.tests.test_location_portal_iteration65.TestPortalRefactoring" name="test_portal_html_loads" time="0.157" /><testcase classname="backend.tests.test_location_portal_iteration65.TestPortalRefactoring" name="test_portal_css_loads" time="0.149" /><testcase classname="backend.tests.test_location_portal_iteration65.TestPortalRefactoring" name="test_portal_app_js_loads" time="0.179" /><testcase classname="backend.tests.test_location_portal_iteration65.TestPortalRefactoring" name="test_portal_translations_js_loads" time="0.238" /><testcase classname="backend.tests.test_location_portal_iteration65.TestWebsiteDownload" name="test_website_zip_download" time="0.172" /><testcase classname="backend.tests.test_location_portal_iteration65.TestLocationEndpoints" name="test_location_update_with_source_foreground" time="2.382" /><testcase classname="backend.tests.test_location_portal_iteration65.TestLocationEndpoints" name="test_location_update_with_source_background" time="2.311" /><testcase classname="backend.tests.test_location_portal_iteration65.TestLocationEndpoints" name="test_location_update_default_source" time="2.530" /><testcase classname="backend.tests.test_location_portal_iteration65.TestLocationEndpoints" name="test_location_history_endpoint" time="2.920" /><testcase classname="backend.tests.test_location_portal_iteration65.TestLocationEndpoints" name="test_location_history_with_limit" time="2.225" /><testcase classname="backend.tests.test_location_portal_iteration65.TestLocationEndpoints" name="test_location_history_with_days" time="2.217" /><testcase classname="backend.tests.test_location_portal_iteration65.TestLocationEndpoints" name="test_location_history_invalid_client" time="1.044" /><testcase classname="backend.tests.test_location_portal_iteration65.TestLocationEndpoints" name="test_location_update_invalid_client" time="0.262" /><testcase classname="backend.tests.test_location_portal_iteration65.TestPaymentSchedulingTasks" name="test_payment_schedules_endpoint_exists" time="1.276" /><testcase classname="backend.tests.test_location_portal_iteration65.TestPaymentSchedulingTasks" name="test_due_today_schedules" time="1.249" /></testsuite></testsuites>