<?xml version="1.0" encoding="utf-8"?><testsuites name="pytest tests"><testsuite name="pytest" errors="0" failures="1" skipped="0" tests="22" time="82.036" timestamp="2026-02-26T21:21:55.503808+00:00" hostname="agent-env-3eee7ec6-d14f-406c-bdc1-88dcb598f712"><testcase classname="backend.tests.test_lock_features_iteration66.TestLockFeaturesIteration66" name="test_health_endpoint" time="2.955" /><testcase classname="backend.tests.test_lock_features_iteration66.TestLockFeaturesIteration66" name="test_admin_login" time="2.541" /><testcase classname="backend.tests.test_lock_features_iteration66.TestLockFeaturesIteration66" name="test_lock_with_default_reason" time="3.562" /><testcase classname="backend.tests.test_lock_features_iteration66.TestLockFeaturesIteration66" name="test_lock_with_reason_overdue_payment" time="4.013" /><testcase classname="backend.tests.test_lock_features_iteration66.TestLockFeaturesIteration66" name="test_lock_with_reason_policy_violation" time="4.109" /><testcase classname="backend.tests.test_lock_features_iteration66.TestLockFeaturesIteration66" name="test_lock_with_reason_suspicious_activity" time="4.193" /><testcase classname="backend.tests.test_lock_features_iteration66.TestLockFeaturesIteration66" name="test_lock_with_reason_auto_lock" time="4.040" /><testcase classname="backend.tests.test_lock_features_iteration66.TestLockFeaturesIteration66" name="test_lock_with_custom_message" time="4.963" /><testcase classname="backend.tests.test_lock_features_iteration66.TestLockFeaturesIteration66" name="test_lock_temporary_with_unlock_after_hours" time="4.095" /><testcase classname="backend.tests.test_lock_features_iteration66.TestLockFeaturesIteration66" name="test_lock_invalid_reason_rejected" time="3.152" /><testcase classname="backend.tests.test_lock_features_iteration66.TestLockFeaturesIteration66" name="test_unlock_clears_all_lock_fields" time="4.343"><failure message="AssertionError: assert None == False&#10; +  where None = &lt;built-in method get of dict object at 0x78dd579c8b80&gt;('is_locked')&#10; +    where &lt;built-in method get of dict object at 0x78dd579c8b80&gt; = {'code': 'INTERNAL_ERROR', 'correlation_id': '72836f4e-8d30-4050-bbeb-d0d39814902a', 'error': 'An unexpected error occurred. Please try again later.'}.get">backend/tests/test_lock_features_iteration66.py:272: in test_unlock_clears_all_lock_fields
    assert client.get("is_locked") == False
E   AssertionError: assert None == False
E    +  where None = &lt;built-in method get of dict object at 0x78dd579c8b80&gt;('is_locked')
E    +    where &lt;built-in method get of dict object at 0x78dd579c8b80&gt; = {'code': 'INTERNAL_ERROR', 'correlation_id': '72836f4e-8d30-4050-bbeb-d0d39814902a', 'error': 'An unexpected error occurred. Please try again later.'}.get</failure></testcase><testcase classname="backend.tests.test_lock_features_iteration66.TestLockFeaturesIteration66" name="test_unlock_creates_audit_entry" time="4.568" /><testcase classname="backend.tests.test_lock_features_iteration66.TestLockFeaturesIteration66" name="test_lock_history_returns_audit_trail" time="5.485" /><testcase classname="backend.tests.test_lock_features_iteration66.TestLockFeaturesIteration66" name="test_lock_history_includes_reason_and_message" time="4.557" /><testcase classname="backend.tests.test_lock_features_iteration66.TestLockFeaturesIteration66" name="test_lock_history_limit_parameter" time="3.322" /><testcase classname="backend.tests.test_lock_features_iteration66.TestLockFeaturesIteration66" name="test_lock_history_for_nonexistent_client" time="3.206" /><testcase classname="backend.tests.test_lock_features_iteration66.TestLockFeaturesIteration66" name="test_portal_html_loads" time="3.892" /><testcase classname="backend.tests.test_lock_features_iteration66.TestLockFeaturesIteration66" name="test_portal_css_loads" time="2.847" /><testcase classname="backend.tests.test_lock_features_iteration66.TestLockFeaturesIteration66" name="test_portal_js_loads" time="2.919" /><testcase classname="backend.tests.test_lock_features_iteration66.TestLockFeaturesIteration66" name="test_portal_js_has_showLockHistory" time="2.761" /><testcase classname="backend.tests.test_lock_features_iteration66.TestLockFeaturesIteration66" name="test_portal_js_has_enhanced_toggleLock" time="2.868" /><testcase classname="backend.tests.test_lock_features_iteration66.TestLockFeaturesIteration66" name="test_download_website_zip" time="3.370" /></testsuite></testsuites>