<?xml version="1.0" encoding="utf-8"?><testsuites name="pytest tests"><testsuite name="pytest" errors="0" failures="0" skipped="0" tests="19" time="3.259" timestamp="2026-02-15T16:32:07.143302+00:00" hostname="agent-env-7d106c08-e787-46dc-9d9a-67e558ad9ae3"><testcase classname="backend.tests.test_multi_admin_client_portal.TestSuperadminAuthentication" name="test_superadmin_login_and_get_token" time="0.322" /><testcase classname="backend.tests.test_multi_admin_client_portal.TestMultiAdminCollectionReport" name="test_collection_report_without_filter" time="0.337" /><testcase classname="backend.tests.test_multi_admin_client_portal.TestMultiAdminCollectionReport" name="test_collection_report_with_filter_all" time="0.165" /><testcase classname="backend.tests.test_multi_admin_client_portal.TestMultiAdminCollectionReport" name="test_collection_report_with_specific_admin_filter" time="0.304" /><testcase classname="backend.tests.test_multi_admin_client_portal.TestMultiAdminDashboardAnalytics" name="test_dashboard_analytics_without_filter" time="0.141" /><testcase classname="backend.tests.test_multi_admin_client_portal.TestMultiAdminDashboardAnalytics" name="test_dashboard_analytics_with_filter_all" time="0.168" /><testcase classname="backend.tests.test_multi_admin_client_portal.TestMultiAdminDashboardAnalytics" name="test_dashboard_analytics_with_specific_admin_filter" time="0.134" /><testcase classname="backend.tests.test_multi_admin_client_portal.TestMultiAdminHeartbeatSummary" name="test_heartbeat_summary_without_filter" time="0.152" /><testcase classname="backend.tests.test_multi_admin_client_portal.TestMultiAdminHeartbeatSummary" name="test_heartbeat_summary_with_filter_all" time="0.135" /><testcase classname="backend.tests.test_multi_admin_client_portal.TestMultiAdminHeartbeatSummary" name="test_heartbeat_summary_with_specific_admin_filter" time="0.125" /><testcase classname="backend.tests.test_multi_admin_client_portal.TestClientSelfServicePortalLogin" name="test_client_login_success" time="0.117" /><testcase classname="backend.tests.test_multi_admin_client_portal.TestClientSelfServicePortalLogin" name="test_client_login_invalid_phone" time="0.119" /><testcase classname="backend.tests.test_multi_admin_client_portal.TestClientSelfServicePortalLogin" name="test_client_login_invalid_registration_code" time="0.140" /><testcase classname="backend.tests.test_multi_admin_client_portal.TestClientSelfServicePortalLogin" name="test_client_login_lowercase_registration_code" time="0.143" /><testcase classname="backend.tests.test_multi_admin_client_portal.TestClientPortalStatus" name="test_get_client_status_success" time="0.279" /><testcase classname="backend.tests.test_multi_admin_client_portal.TestClientPortalStatus" name="test_get_client_status_invalid_credentials" time="0.118" /><testcase classname="backend.tests.test_multi_admin_client_portal.TestClientPortalPayments" name="test_get_client_payments_success" time="0.122" /><testcase classname="backend.tests.test_multi_admin_client_portal.TestClientPortalPayments" name="test_get_client_payments_invalid_credentials" time="0.139" /><testcase classname="backend.tests.test_multi_admin_client_portal.TestNonSuperadminFilterRestriction" name="test_non_superadmin_filter_ignored" time="0.001" /></testsuite></testsuites>