<?xml version="1.0" encoding="utf-8"?><testsuites name="pytest tests"><testsuite name="pytest" errors="10" failures="1" skipped="0" tests="19" time="2.473" timestamp="2026-02-15T16:30:18.565485+00:00" hostname="agent-env-7d106c08-e787-46dc-9d9a-67e558ad9ae3"><testcase classname="backend.tests.test_multi_admin_client_portal.TestSuperadminAuthentication" name="test_superadmin_login_and_get_token" time="0.367"><failure message="AssertionError: No admin_token in response: {'id': 'a8c52e87-f8c8-44b3-9371-57393881db18', 'username': 'karli1987', 'role': 'admin', 'is_super_admin': True, 'credits': 5, 'token': '4a303b505cae65f4cf758f7153ecd5db3b8ccac6417575902d0c704556f191ed', 'first_name': 'Karli', 'last_name': 'Vilbas'}&#10;assert 'admin_token' in {'credits': 5, 'first_name': 'Karli', 'id': 'a8c52e87-f8c8-44b3-9371-57393881db18', 'is_super_admin': True, ...}">backend/tests/test_multi_admin_client_portal.py:35: in test_superadmin_login_and_get_token
    assert "admin_token" in data, f"No admin_token in response: {data}"
E   AssertionError: No admin_token in response: {'id': 'a8c52e87-f8c8-44b3-9371-57393881db18', 'username': 'karli1987', 'role': 'admin', 'is_super_admin': True, 'credits': 5, 'token': '4a303b505cae65f4cf758f7153ecd5db3b8ccac6417575902d0c704556f191ed', 'first_name': 'Karli', 'last_name': 'Vilbas'}
E   assert 'admin_token' in {'credits': 5, 'first_name': 'Karli', 'id': 'a8c52e87-f8c8-44b3-9371-57393881db18', 'is_super_admin': True, ...}</failure></testcase><testcase classname="backend.tests.test_multi_admin_client_portal.TestMultiAdminCollectionReport" name="test_collection_report_without_filter" time="0.256"><error message="failed on setup with &quot;KeyError: 'admin_token'&quot;">backend/tests/test_multi_admin_client_portal.py:54: in superadmin_token
    return data["admin_token"], data["admin_id"]
           ^^^^^^^^^^^^^^^^^^^
E   KeyError: 'admin_token'</error></testcase><testcase classname="backend.tests.test_multi_admin_client_portal.TestMultiAdminCollectionReport" name="test_collection_report_with_filter_all" time="0.000"><error message="failed on setup with &quot;KeyError: 'admin_token'&quot;">backend/tests/test_multi_admin_client_portal.py:54: in superadmin_token
    return data["admin_token"], data["admin_id"]
           ^^^^^^^^^^^^^^^^^^^
E   KeyError: 'admin_token'</error></testcase><testcase classname="backend.tests.test_multi_admin_client_portal.TestMultiAdminCollectionReport" name="test_collection_report_with_specific_admin_filter" time="0.000"><error message="failed on setup with &quot;KeyError: 'admin_token'&quot;">backend/tests/test_multi_admin_client_portal.py:54: in superadmin_token
    return data["admin_token"], data["admin_id"]
           ^^^^^^^^^^^^^^^^^^^
E   KeyError: 'admin_token'</error></testcase><testcase classname="backend.tests.test_multi_admin_client_portal.TestMultiAdminDashboardAnalytics" name="test_dashboard_analytics_without_filter" time="0.000"><error message="failed on setup with &quot;KeyError: 'admin_token'&quot;">backend/tests/test_multi_admin_client_portal.py:54: in superadmin_token
    return data["admin_token"], data["admin_id"]
           ^^^^^^^^^^^^^^^^^^^
E   KeyError: 'admin_token'</error></testcase><testcase classname="backend.tests.test_multi_admin_client_portal.TestMultiAdminDashboardAnalytics" name="test_dashboard_analytics_with_filter_all" time="0.000"><error message="failed on setup with &quot;KeyError: 'admin_token'&quot;">backend/tests/test_multi_admin_client_portal.py:54: in superadmin_token
    return data["admin_token"], data["admin_id"]
           ^^^^^^^^^^^^^^^^^^^
E   KeyError: 'admin_token'</error></testcase><testcase classname="backend.tests.test_multi_admin_client_portal.TestMultiAdminDashboardAnalytics" name="test_dashboard_analytics_with_specific_admin_filter" time="0.000"><error message="failed on setup with &quot;KeyError: 'admin_token'&quot;">backend/tests/test_multi_admin_client_portal.py:54: in superadmin_token
    return data["admin_token"], data["admin_id"]
           ^^^^^^^^^^^^^^^^^^^
E   KeyError: 'admin_token'</error></testcase><testcase classname="backend.tests.test_multi_admin_client_portal.TestMultiAdminHeartbeatSummary" name="test_heartbeat_summary_without_filter" time="0.000"><error message="failed on setup with &quot;KeyError: 'admin_token'&quot;">backend/tests/test_multi_admin_client_portal.py:54: in superadmin_token
    return data["admin_token"], data["admin_id"]
           ^^^^^^^^^^^^^^^^^^^
E   KeyError: 'admin_token'</error></testcase><testcase classname="backend.tests.test_multi_admin_client_portal.TestMultiAdminHeartbeatSummary" name="test_heartbeat_summary_with_filter_all" time="0.000"><error message="failed on setup with &quot;KeyError: 'admin_token'&quot;">backend/tests/test_multi_admin_client_portal.py:54: in superadmin_token
    return data["admin_token"], data["admin_id"]
           ^^^^^^^^^^^^^^^^^^^
E   KeyError: 'admin_token'</error></testcase><testcase classname="backend.tests.test_multi_admin_client_portal.TestMultiAdminHeartbeatSummary" name="test_heartbeat_summary_with_specific_admin_filter" time="0.000"><error message="failed on setup with &quot;KeyError: 'admin_token'&quot;">backend/tests/test_multi_admin_client_portal.py:54: in superadmin_token
    return data["admin_token"], data["admin_id"]
           ^^^^^^^^^^^^^^^^^^^
E   KeyError: 'admin_token'</error></testcase><testcase classname="backend.tests.test_multi_admin_client_portal.TestClientSelfServicePortalLogin" name="test_client_login_success" time="0.139" /><testcase classname="backend.tests.test_multi_admin_client_portal.TestClientSelfServicePortalLogin" name="test_client_login_invalid_phone" time="0.174" /><testcase classname="backend.tests.test_multi_admin_client_portal.TestClientSelfServicePortalLogin" name="test_client_login_invalid_registration_code" time="0.150" /><testcase classname="backend.tests.test_multi_admin_client_portal.TestClientSelfServicePortalLogin" name="test_client_login_lowercase_registration_code" time="0.115" /><testcase classname="backend.tests.test_multi_admin_client_portal.TestClientPortalStatus" name="test_get_client_status_success" time="0.540" /><testcase classname="backend.tests.test_multi_admin_client_portal.TestClientPortalStatus" name="test_get_client_status_invalid_credentials" time="0.216" /><testcase classname="backend.tests.test_multi_admin_client_portal.TestClientPortalPayments" name="test_get_client_payments_success" time="0.141" /><testcase classname="backend.tests.test_multi_admin_client_portal.TestClientPortalPayments" name="test_get_client_payments_invalid_credentials" time="0.123" /><testcase classname="backend.tests.test_multi_admin_client_portal.TestNonSuperadminFilterRestriction" name="test_non_superadmin_filter_ignored" time="0.000"><error message="failed on setup with &quot;KeyError: 'admin_token'&quot;">backend/tests/test_multi_admin_client_portal.py:54: in superadmin_token
    return data["admin_token"], data["admin_id"]
           ^^^^^^^^^^^^^^^^^^^
E   KeyError: 'admin_token'</error></testcase></testsuite></testsuites>