<?xml version="1.0" encoding="utf-8"?><testsuites name="pytest tests"><testsuite name="pytest" errors="0" failures="9" skipped="0" tests="19" time="4.243" timestamp="2026-02-26T03:15:35.859216+00:00" hostname="agent-env-9c68362b-99db-4a09-8323-740993eb1822"><testcase classname="backend.tests.test_new_features_iteration59.TestDashboardCharts" name="test_analytics_dashboard_endpoint" time="0.434" /><testcase classname="backend.tests.test_new_features_iteration59.TestDashboardCharts" name="test_reports_financial_endpoint" time="0.141" /><testcase classname="backend.tests.test_new_features_iteration59.TestDashboardCharts" name="test_reports_collection_endpoint" time="0.192" /><testcase classname="backend.tests.test_new_features_iteration59.TestPaymentSchedulingCRUD" name="test_create_schedule" time="0.341" /><testcase classname="backend.tests.test_new_features_iteration59.TestPaymentSchedulingCRUD" name="test_list_schedules" time="0.134" /><testcase classname="backend.tests.test_new_features_iteration59.TestPaymentSchedulingCRUD" name="test_get_due_today" time="0.229" /><testcase classname="backend.tests.test_new_features_iteration59.TestPaymentSchedulingCRUD" name="test_schedule_crud_full_flow" time="0.770"><failure message="AttributeError: 'list' object has no attribute 'get'">backend/tests/test_new_features_iteration59.py:189: in test_schedule_crud_full_flow
    assert "error" in data or data.get("id") is None
                              ^^^^^^^^
E   AttributeError: 'list' object has no attribute 'get'</failure></testcase><testcase classname="backend.tests.test_new_features_iteration59.TestActivityLog" name="test_get_audit_logs" time="0.140" /><testcase classname="backend.tests.test_new_features_iteration59.TestActivityLog" name="test_audit_logs_filter_by_action_type" time="0.140" /><testcase classname="backend.tests.test_new_features_iteration59.TestActivityLog" name="test_audit_logs_filter_by_member" time="0.415"><failure message="AssertionError: Filter by member failed: {&quot;error&quot;:&quot;Invalid admin token&quot;,&quot;code&quot;:&quot;AUTHENTICATION_ERROR&quot;,&quot;correlation_id&quot;:&quot;079ac74a-eb32-4687-acd3-f57e8ba5b531&quot;}&#10;assert 401 == 200&#10; +  where 401 = &lt;Response [401]&gt;.status_code">backend/tests/test_new_features_iteration59.py:221: in test_audit_logs_filter_by_member
    assert response.status_code == 200, f"Filter by member failed: {response.text}"
E   AssertionError: Filter by member failed: {"error":"Invalid admin token","code":"AUTHENTICATION_ERROR","correlation_id":"079ac74a-eb32-4687-acd3-f57e8ba5b531"}
E   assert 401 == 200
E    +  where 401 = &lt;Response [401]&gt;.status_code</failure></testcase><testcase classname="backend.tests.test_new_features_iteration59.TestActivityLog" name="test_audit_action_types" time="0.137"><failure message="AssertionError: Get action types failed: {&quot;error&quot;:&quot;Invalid admin token&quot;,&quot;code&quot;:&quot;AUTHENTICATION_ERROR&quot;,&quot;correlation_id&quot;:&quot;416d6a9a-59eb-44ca-a227-1d357cdf8e17&quot;}&#10;assert 401 == 200&#10; +  where 401 = &lt;Response [401]&gt;.status_code">backend/tests/test_new_features_iteration59.py:228: in test_audit_action_types
    assert response.status_code == 200, f"Get action types failed: {response.text}"
E   AssertionError: Get action types failed: {"error":"Invalid admin token","code":"AUTHENTICATION_ERROR","correlation_id":"416d6a9a-59eb-44ca-a227-1d357cdf8e17"}
E   assert 401 == 200
E    +  where 401 = &lt;Response [401]&gt;.status_code</failure></testcase><testcase classname="backend.tests.test_new_features_iteration59.TestActivityLog" name="test_audit_summary" time="0.125"><failure message="AssertionError: Get audit summary failed: {&quot;error&quot;:&quot;Invalid admin token&quot;,&quot;code&quot;:&quot;AUTHENTICATION_ERROR&quot;,&quot;correlation_id&quot;:&quot;7a180b43-57b6-42e2-94f4-f616f8b5fa0b&quot;}&#10;assert 401 == 200&#10; +  where 401 = &lt;Response [401]&gt;.status_code">backend/tests/test_new_features_iteration59.py:236: in test_audit_summary
    assert response.status_code == 200, f"Get audit summary failed: {response.text}"
E   AssertionError: Get audit summary failed: {"error":"Invalid admin token","code":"AUTHENTICATION_ERROR","correlation_id":"7a180b43-57b6-42e2-94f4-f616f8b5fa0b"}
E   assert 401 == 200
E    +  where 401 = &lt;Response [401]&gt;.status_code</failure></testcase><testcase classname="backend.tests.test_new_features_iteration59.TestRoleBasedSidebar" name="test_login_response_includes_permissions" time="0.001" /><testcase classname="backend.tests.test_new_features_iteration59.TestRoleBasedSidebar" name="test_login_response_includes_is_super_admin" time="0.000" /><testcase classname="backend.tests.test_new_features_iteration59.TestRoleBasedSidebar" name="test_verify_endpoint_returns_user_info" time="0.120"><failure message="AssertionError: Verify endpoint failed: {&quot;error&quot;:&quot;Invalid or expired token&quot;,&quot;code&quot;:&quot;AUTHENTICATION_ERROR&quot;,&quot;correlation_id&quot;:&quot;2e4ab0f8-1b50-4be0-9645-7768ec85c137&quot;}&#10;assert 401 == 200&#10; +  where 401 = &lt;Response [401]&gt;.status_code">backend/tests/test_new_features_iteration59.py:259: in test_verify_endpoint_returns_user_info
    assert response.status_code == 200, f"Verify endpoint failed: {response.text}"
E   AssertionError: Verify endpoint failed: {"error":"Invalid or expired token","code":"AUTHENTICATION_ERROR","correlation_id":"2e4ab0f8-1b50-4be0-9645-7768ec85c137"}
E   assert 401 == 200
E    +  where 401 = &lt;Response [401]&gt;.status_code</failure></testcase><testcase classname="backend.tests.test_new_features_iteration59.TestRoleBasedSidebar" name="test_roles_endpoint" time="0.209"><failure message="AssertionError: Get roles failed: {&quot;error&quot;:&quot;Invalid admin token&quot;,&quot;code&quot;:&quot;AUTHENTICATION_ERROR&quot;,&quot;correlation_id&quot;:&quot;f6d2687b-dfa1-4cfe-ba42-fb443d274b89&quot;}&#10;assert 401 == 200&#10; +  where 401 = &lt;Response [401]&gt;.status_code">backend/tests/test_new_features_iteration59.py:271: in test_roles_endpoint
    assert response.status_code == 200, f"Get roles failed: {response.text}"
E   AssertionError: Get roles failed: {"error":"Invalid admin token","code":"AUTHENTICATION_ERROR","correlation_id":"f6d2687b-dfa1-4cfe-ba42-fb443d274b89"}
E   assert 401 == 200
E    +  where 401 = &lt;Response [401]&gt;.status_code</failure></testcase><testcase classname="backend.tests.test_new_features_iteration59.TestViewerRoleSidebarAccess" name="test_create_viewer_user_and_check_permissions" time="0.122"><failure message="AssertionError: Create viewer failed: {&quot;error&quot;:&quot;Invalid admin token&quot;,&quot;code&quot;:&quot;AUTHENTICATION_ERROR&quot;,&quot;correlation_id&quot;:&quot;efa5ce0b-ea33-4f56-8414-f0c332043f94&quot;}&#10;assert 401 == 200&#10; +  where 401 = &lt;Response [401]&gt;.status_code">backend/tests/test_new_features_iteration59.py:308: in test_create_viewer_user_and_check_permissions
    assert create_response.status_code == 200, f"Create viewer failed: {create_response.text}"
E   AssertionError: Create viewer failed: {"error":"Invalid admin token","code":"AUTHENTICATION_ERROR","correlation_id":"efa5ce0b-ea33-4f56-8414-f0c332043f94"}
E   assert 401 == 200
E    +  where 401 = &lt;Response [401]&gt;.status_code</failure></testcase><testcase classname="backend.tests.test_new_features_iteration59.TestSuperAdminNavAccess" name="test_super_admin_has_all_permissions" time="0.175"><failure message="KeyError: 'is_super_admin'">backend/tests/test_new_features_iteration59.py:349: in test_super_admin_has_all_permissions
    assert verify_data["is_super_admin"] == True, "Admin should be super admin"
           ^^^^^^^^^^^^^^^^^^^^^^^^^^^^^
E   KeyError: 'is_super_admin'</failure></testcase><testcase classname="backend.tests.test_new_features_iteration59.TestSuperAdminNavAccess" name="test_enterprise_check_for_super_admin" time="0.147"><failure message="assert 401 == 200&#10; +  where 401 = &lt;Response [401]&gt;.status_code">backend/tests/test_new_features_iteration59.py:357: in test_enterprise_check_for_super_admin
    assert response.status_code == 200
E   assert 401 == 200
E    +  where 401 = &lt;Response [401]&gt;.status_code</failure></testcase></testsuite></testsuites>