<?xml version="1.0" encoding="utf-8"?><testsuites name="pytest tests"><testsuite name="pytest" errors="0" failures="0" skipped="0" tests="18" time="10.076" timestamp="2026-02-26T03:16:36.596542+00:00" hostname="agent-env-9c68362b-99db-4a09-8323-740993eb1822"><testcase classname="backend.tests.test_new_features_iteration59.TestDashboardCharts" name="test_analytics_dashboard_endpoint" time="0.448" /><testcase classname="backend.tests.test_new_features_iteration59.TestDashboardCharts" name="test_reports_financial_endpoint" time="0.403" /><testcase classname="backend.tests.test_new_features_iteration59.TestDashboardCharts" name="test_reports_collection_endpoint" time="0.377" /><testcase classname="backend.tests.test_new_features_iteration59.TestPaymentSchedulingCRUD" name="test_list_schedules" time="0.395" /><testcase classname="backend.tests.test_new_features_iteration59.TestPaymentSchedulingCRUD" name="test_get_due_today" time="0.404" /><testcase classname="backend.tests.test_new_features_iteration59.TestPaymentSchedulingCRUD" name="test_schedule_crud_full_flow" time="0.902" /><testcase classname="backend.tests.test_new_features_iteration59.TestActivityLog" name="test_get_audit_logs" time="0.467" /><testcase classname="backend.tests.test_new_features_iteration59.TestActivityLog" name="test_audit_logs_filter_by_action_type" time="0.388" /><testcase classname="backend.tests.test_new_features_iteration59.TestActivityLog" name="test_audit_logs_filter_by_member" time="0.377" /><testcase classname="backend.tests.test_new_features_iteration59.TestActivityLog" name="test_audit_action_types" time="0.579" /><testcase classname="backend.tests.test_new_features_iteration59.TestActivityLog" name="test_audit_summary" time="0.583" /><testcase classname="backend.tests.test_new_features_iteration59.TestRoleBasedSidebar" name="test_login_response_includes_permissions" time="0.416" /><testcase classname="backend.tests.test_new_features_iteration59.TestRoleBasedSidebar" name="test_login_response_includes_is_super_admin" time="0.764" /><testcase classname="backend.tests.test_new_features_iteration59.TestRoleBasedSidebar" name="test_verify_endpoint_returns_user_info" time="0.626" /><testcase classname="backend.tests.test_new_features_iteration59.TestRoleBasedSidebar" name="test_roles_endpoint" time="0.609" /><testcase classname="backend.tests.test_new_features_iteration59.TestViewerRoleSidebarAccess" name="test_create_viewer_user_and_check_permissions" time="1.286" /><testcase classname="backend.tests.test_new_features_iteration59.TestSuperAdminNavAccess" name="test_super_admin_has_all_permissions" time="0.483" /><testcase classname="backend.tests.test_new_features_iteration59.TestSuperAdminNavAccess" name="test_enterprise_check_for_super_admin" time="0.392" /></testsuite></testsuites>