<?xml version="1.0" encoding="utf-8"?><testsuites name="pytest tests"><testsuite name="pytest" errors="0" failures="1" skipped="0" tests="21" time="7.700" timestamp="2026-02-26T06:10:27.102269+00:00" hostname="agent-env-25ab4434-95bd-42ad-8f9d-1d5b6e405356"><testcase classname="backend.tests.test_new_features_iteration63.TestHealthAndBasics" name="test_health_endpoint" time="0.148" /><testcase classname="backend.tests.test_new_features_iteration63.TestHealthAndBasics" name="test_root_endpoint" time="0.123" /><testcase classname="backend.tests.test_new_features_iteration63.TestAdminLogin" name="test_admin_login_success" time="0.267" /><testcase classname="backend.tests.test_new_features_iteration63.TestWebsite" name="test_website_homepage_loads" time="0.142" /><testcase classname="backend.tests.test_new_features_iteration63.TestWebsite" name="test_website_has_pricing_section" time="0.150" /><testcase classname="backend.tests.test_new_features_iteration63.TestWebsite" name="test_website_has_about_page" time="0.128" /><testcase classname="backend.tests.test_new_features_iteration63.TestWebsite" name="test_website_has_contact_page" time="0.135" /><testcase classname="backend.tests.test_new_features_iteration63.TestWebsite" name="test_website_zip_download" time="0.126" /><testcase classname="backend.tests.test_new_features_iteration63.TestContactForm" name="test_contact_form_requires_email_and_message" time="0.114" /><testcase classname="backend.tests.test_new_features_iteration63.TestContactForm" name="test_contact_form_submission" time="0.458" /><testcase classname="backend.tests.test_new_features_iteration63.TestReportSchedules" name="test_list_report_schedules" time="0.393" /><testcase classname="backend.tests.test_new_features_iteration63.TestReportSchedules" name="test_create_report_schedule" time="0.661" /><testcase classname="backend.tests.test_new_features_iteration63.TestReportSchedules" name="test_update_report_schedule" time="0.623" /><testcase classname="backend.tests.test_new_features_iteration63.TestReportSchedules" name="test_delete_report_schedule" time="0.479" /><testcase classname="backend.tests.test_new_features_iteration63.TestReportSchedules" name="test_send_report_now" time="0.521" /><testcase classname="backend.tests.test_new_features_iteration63.TestPaymentSchedules" name="test_list_payment_schedules" time="0.323"><failure message="assert 404 == 200&#10; +  where 404 = &lt;Response [404]&gt;.status_code">backend/tests/test_new_features_iteration63.py:262: in test_list_payment_schedules
    assert response.status_code == 200
E   assert 404 == 200
E    +  where 404 = &lt;Response [404]&gt;.status_code</failure></testcase><testcase classname="backend.tests.test_new_features_iteration63.TestExistingExports" name="test_export_pdf_financial" time="1.161" /><testcase classname="backend.tests.test_new_features_iteration63.TestExistingExports" name="test_export_csv_financial" time="0.398" /><testcase classname="backend.tests.test_new_features_iteration63.TestDashboardAndSettings" name="test_dashboard_analytics" time="0.388" /><testcase classname="backend.tests.test_new_features_iteration63.TestDashboardAndSettings" name="test_admin_credits_no_credits_shown" time="0.372" /><testcase classname="backend.tests.test_new_features_iteration63.TestActivityLog" name="test_activity_log" time="0.364" /></testsuite></testsuites>