<?xml version="1.0" encoding="utf-8"?><testsuites name="pytest tests"><testsuite name="pytest" errors="0" failures="0" skipped="0" tests="14" time="5.697" timestamp="2026-02-26T03:01:19.292320+00:00" hostname="agent-env-9c68362b-99db-4a09-8323-740993eb1822"><testcase classname="backend.tests.test_new_features_iteration58.TestAuth" name="test_admin_login" time="0.234" /><testcase classname="backend.tests.test_new_features_iteration58.TestTeamManagement" name="test_enterprise_check_returns_true_for_super_admin" time="0.408" /><testcase classname="backend.tests.test_new_features_iteration58.TestTeamManagement" name="test_get_roles_returns_5_roles" time="0.163" /><testcase classname="backend.tests.test_new_features_iteration58.TestTeamManagement" name="test_create_team_member" time="0.304" /><testcase classname="backend.tests.test_new_features_iteration58.TestTeamManagement" name="test_list_team_members" time="0.131" /><testcase classname="backend.tests.test_new_features_iteration58.TestTeamManagement" name="test_update_team_member_role" time="0.440" /><testcase classname="backend.tests.test_new_features_iteration58.TestTeamManagement" name="test_delete_team_member" time="0.503" /><testcase classname="backend.tests.test_new_features_iteration58.TestTeamManagement" name="test_non_super_admin_cannot_create_member" time="0.828" /><testcase classname="backend.tests.test_new_features_iteration58.TestBulkCSVImport" name="test_get_csv_template" time="0.516" /><testcase classname="backend.tests.test_new_features_iteration58.TestDocumentStorage" name="test_document_stats" time="0.486" /><testcase classname="backend.tests.test_new_features_iteration58.TestTelegramBot" name="test_bot_info_configured" time="0.873" /><testcase classname="backend.tests.test_new_features_iteration58.TestPlanFeatures" name="test_get_all_plans_features" time="0.131" /><testcase classname="backend.tests.test_new_features_iteration58.TestPlanFeatures" name="test_plan_limits_for_super_admin" time="0.328" /><testcase classname="backend.tests.test_new_features_iteration58.TestHealthEndpoint" name="test_api_health" time="0.195" /></testsuite></testsuites>