<?xml version="1.0" encoding="utf-8"?><testsuites name="pytest tests"><testsuite name="pytest" errors="0" failures="0" skipped="0" tests="22" time="8.294" timestamp="2026-02-26T06:10:56.744888+00:00" hostname="agent-env-25ab4434-95bd-42ad-8f9d-1d5b6e405356"><testcase classname="backend.tests.test_new_features_iteration63.TestHealthAndBasics" name="test_health_endpoint" time="0.117" /><testcase classname="backend.tests.test_new_features_iteration63.TestHealthAndBasics" name="test_root_endpoint" time="0.122" /><testcase classname="backend.tests.test_new_features_iteration63.TestAdminLogin" name="test_admin_login_success" time="0.274" /><testcase classname="backend.tests.test_new_features_iteration63.TestWebsite" name="test_website_homepage_loads" time="0.187" /><testcase classname="backend.tests.test_new_features_iteration63.TestWebsite" name="test_website_has_pricing_section" time="0.117" /><testcase classname="backend.tests.test_new_features_iteration63.TestWebsite" name="test_website_has_about_page" time="0.121" /><testcase classname="backend.tests.test_new_features_iteration63.TestWebsite" name="test_website_has_contact_page" time="0.115" /><testcase classname="backend.tests.test_new_features_iteration63.TestWebsite" name="test_website_zip_download" time="0.133" /><testcase classname="backend.tests.test_new_features_iteration63.TestContactForm" name="test_contact_form_requires_email_and_message" time="0.142" /><testcase classname="backend.tests.test_new_features_iteration63.TestContactForm" name="test_contact_form_submission" time="0.340" /><testcase classname="backend.tests.test_new_features_iteration63.TestReportSchedules" name="test_list_report_schedules" time="0.415" /><testcase classname="backend.tests.test_new_features_iteration63.TestReportSchedules" name="test_create_report_schedule" time="0.362" /><testcase classname="backend.tests.test_new_features_iteration63.TestReportSchedules" name="test_update_report_schedule" time="0.755" /><testcase classname="backend.tests.test_new_features_iteration63.TestReportSchedules" name="test_delete_report_schedule" time="0.614" /><testcase classname="backend.tests.test_new_features_iteration63.TestReportSchedules" name="test_send_report_now" time="0.771" /><testcase classname="backend.tests.test_new_features_iteration63.TestPaymentSchedules" name="test_list_payment_schedules" time="0.374" /><testcase classname="backend.tests.test_new_features_iteration63.TestPaymentSchedules" name="test_get_due_today" time="0.388" /><testcase classname="backend.tests.test_new_features_iteration63.TestExistingExports" name="test_export_pdf_financial" time="0.870" /><testcase classname="backend.tests.test_new_features_iteration63.TestExistingExports" name="test_export_csv_financial" time="0.671" /><testcase classname="backend.tests.test_new_features_iteration63.TestDashboardAndSettings" name="test_dashboard_analytics" time="0.426" /><testcase classname="backend.tests.test_new_features_iteration63.TestDashboardAndSettings" name="test_admin_credits_no_credits_shown" time="0.404" /><testcase classname="backend.tests.test_new_features_iteration63.TestActivityLog" name="test_activity_log" time="0.407" /></testsuite></testsuites>