<?xml version="1.0" encoding="utf-8"?><testsuites name="pytest tests"><testsuite name="pytest" errors="0" failures="0" skipped="0" tests="7" time="2.569" timestamp="2026-02-16T08:28:40.924019+00:00" hostname="agent-env-c37bf81e-6edb-4f7a-a331-449a2fbdf2ae"><testcase classname="backend.tests.test_paid_loans.TestPaidLoans" name="test_get_paid_loans_list" time="0.408" /><testcase classname="backend.tests.test_paid_loans.TestPaidLoans" name="test_archive_loan_with_outstanding_balance_fails" time="0.462" /><testcase classname="backend.tests.test_paid_loans.TestPaidLoans" name="test_archive_nonexistent_client_fails" time="0.317" /><testcase classname="backend.tests.test_paid_loans.TestPaidLoans" name="test_archive_loan_without_token_fails" time="0.286" /><testcase classname="backend.tests.test_paid_loans.TestPaidLoans" name="test_get_paid_loans_without_token_fails" time="0.358" /><testcase classname="backend.tests.test_paid_loans.TestPaidLoans" name="test_paid_loans_pagination" time="0.277" /><testcase classname="backend.tests.test_paid_loans.TestArchiveFlow" name="test_full_archive_workflow_via_db_setup" time="0.344" /></testsuite></testsuites>