<?xml version="1.0" encoding="utf-8"?><testsuites name="pytest tests"><testsuite name="pytest" errors="0" failures="0" skipped="0" tests="13" time="11.825" timestamp="2026-02-14T06:53:17.999675+00:00" hostname="agent-env-2382fb63-0180-404a-bd42-beb0d8a3e56f"><testcase classname="backend.tests.test_payment_reminders.TestPaymentReminderEndpoints" name="test_get_pending_reminders_success" time="3.184" /><testcase classname="backend.tests.test_payment_reminders.TestPaymentReminderEndpoints" name="test_get_pending_reminders_without_token" time="0.505" /><testcase classname="backend.tests.test_payment_reminders.TestPaymentReminderEndpoints" name="test_get_pending_reminders_invalid_token" time="0.432" /><testcase classname="backend.tests.test_payment_reminders.TestPaymentReminderEndpoints" name="test_get_pending_reminders_data_fields" time="0.352" /><testcase classname="backend.tests.test_payment_reminders.TestPaymentReminderEndpoints" name="test_send_push_reminders_success" time="0.229" /><testcase classname="backend.tests.test_payment_reminders.TestPaymentReminderEndpoints" name="test_send_push_reminders_without_token" time="0.182" /><testcase classname="backend.tests.test_payment_reminders.TestPaymentReminderEndpoints" name="test_send_push_reminders_invalid_token" time="0.126" /><testcase classname="backend.tests.test_payment_reminders.TestPaymentReminderEndpoints" name="test_send_single_reminder_client_not_found" time="0.353" /><testcase classname="backend.tests.test_payment_reminders.TestPaymentReminderEndpoints" name="test_send_single_reminder_without_push_token" time="0.805" /><testcase classname="backend.tests.test_payment_reminders.TestPaymentReminderEndpoints" name="test_send_single_reminder_without_token" time="0.141" /><testcase classname="backend.tests.test_payment_reminders.TestPaymentReminderEndpoints" name="test_send_single_reminder_invalid_token" time="0.677" /><testcase classname="backend.tests.test_payment_reminders.TestPaymentReminderIntegration" name="test_pending_reminders_summary_counts_match" time="2.877" /><testcase classname="backend.tests.test_payment_reminders.TestPaymentReminderIntegration" name="test_send_push_processes_clients" time="0.831" /></testsuite></testsuites>