<?xml version="1.0" encoding="utf-8"?><testsuites name="pytest tests"><testsuite name="pytest" errors="0" failures="0" skipped="0" tests="17" time="42.791" timestamp="2026-03-14T06:05:43.519898+00:00" hostname="agent-env-7b086249-e207-44c6-b105-9e640879021b"><testcase classname="backend.tests.test_permissions_sessions_vault_iteration76.TestSuperAdminLogin" name="test_super_admin_login_creates_session" time="2.326" /><testcase classname="backend.tests.test_permissions_sessions_vault_iteration76.TestRegisterPermissions" name="test_super_admin_can_create_admin" time="2.174" /><testcase classname="backend.tests.test_permissions_sessions_vault_iteration76.TestRegisterPermissions" name="test_super_admin_can_create_user" time="1.348" /><testcase classname="backend.tests.test_permissions_sessions_vault_iteration76.TestAdminRolePermissions" name="test_admin_can_create_user" time="4.308" /><testcase classname="backend.tests.test_permissions_sessions_vault_iteration76.TestAdminRolePermissions" name="test_admin_cannot_create_admin" time="0.627" /><testcase classname="backend.tests.test_permissions_sessions_vault_iteration76.TestUserRolePermissions" name="test_user_cannot_create_anyone" time="3.756" /><testcase classname="backend.tests.test_permissions_sessions_vault_iteration76.TestListAdminsPermissions" name="test_super_admin_sees_all_users" time="1.590" /><testcase classname="backend.tests.test_permissions_sessions_vault_iteration76.TestListAdminsPermissions" name="test_admin_sees_enterprise_members" time="2.685" /><testcase classname="backend.tests.test_permissions_sessions_vault_iteration76.TestListAdminsPermissions" name="test_user_gets_403_on_list" time="2.489" /><testcase classname="backend.tests.test_permissions_sessions_vault_iteration76.TestPlanManagementPermissions" name="test_super_admin_can_change_any_plan" time="3.635" /><testcase classname="backend.tests.test_permissions_sessions_vault_iteration76.TestPlanManagementPermissions" name="test_admin_can_change_user_plan" time="1.868" /><testcase classname="backend.tests.test_permissions_sessions_vault_iteration76.TestPlanManagementPermissions" name="test_admin_cannot_change_admin_plan" time="0.503" /><testcase classname="backend.tests.test_permissions_sessions_vault_iteration76.TestUserCannotManagePlans" name="test_user_cannot_manage_plans" time="4.730" /><testcase classname="backend.tests.test_permissions_sessions_vault_iteration76.TestDeletePermissions" name="test_admin_can_delete_user" time="4.984" /><testcase classname="backend.tests.test_permissions_sessions_vault_iteration76.TestDeletePermissions" name="test_admin_cannot_delete_admin" time="1.473" /><testcase classname="backend.tests.test_permissions_sessions_vault_iteration76.TestSessionsAPI" name="test_login_creates_session" time="1.579" /><testcase classname="backend.tests.test_permissions_sessions_vault_iteration76.TestDocumentVaultUpload" name="test_document_upload_saves_file" time="2.539" /></testsuite></testsuites>