<?xml version="1.0" encoding="utf-8"?><testsuites name="pytest tests"><testsuite name="pytest" errors="0" failures="0" skipped="0" tests="21" time="20.982" timestamp="2026-02-25T22:18:50.670285+00:00" hostname="agent-env-d0646c97-626e-4741-a4db-1ffe3b341191"><testcase classname="backend.tests.test_plans_reminders_iteration54.TestPlanLimits" name="test_plan_limits_returns_plan_info" time="0.165" /><testcase classname="backend.tests.test_plans_reminders_iteration54.TestPlanLimits" name="test_plan_limits_requires_token" time="0.179" /><testcase classname="backend.tests.test_plans_reminders_iteration54.TestPlanFeatures" name="test_plan_features_returns_all_plans" time="0.162" /><testcase classname="backend.tests.test_plans_reminders_iteration54.TestPlanFeatures" name="test_plan_features_structure" time="0.289" /><testcase classname="backend.tests.test_plans_reminders_iteration54.TestReminderConfig" name="test_reminder_config_returns_status" time="0.237" /><testcase classname="backend.tests.test_plans_reminders_iteration54.TestReminderConfig" name="test_reminder_config_requires_token" time="0.217" /><testcase classname="backend.tests.test_plans_reminders_iteration54.TestEmailReminder" name="test_email_reminder_returns_response" time="0.499" /><testcase classname="backend.tests.test_plans_reminders_iteration54.TestEmailReminder" name="test_email_reminder_client_not_found" time="0.189" /><testcase classname="backend.tests.test_plans_reminders_iteration54.TestEmailReminder" name="test_email_reminder_requires_token" time="0.134" /><testcase classname="backend.tests.test_plans_reminders_iteration54.TestTelegramReminder" name="test_telegram_reminder_returns_response" time="0.690" /><testcase classname="backend.tests.test_plans_reminders_iteration54.TestTelegramReminder" name="test_telegram_reminder_client_not_found" time="0.304" /><testcase classname="backend.tests.test_plans_reminders_iteration54.TestTelegramReminder" name="test_telegram_reminder_requires_token" time="0.168" /><testcase classname="backend.tests.test_plans_reminders_iteration54.TestBankStatementFileTypes" name="test_bank_statement_rejects_unsupported_format" time="0.155" /><testcase classname="backend.tests.test_plans_reminders_iteration54.TestBankStatementFileTypes" name="test_bank_statement_accepts_csv_extension" time="8.027" /><testcase classname="backend.tests.test_plans_reminders_iteration54.TestBankStatementFileTypes" name="test_bank_statement_accepts_xml_extension" time="5.766" /><testcase classname="backend.tests.test_plans_reminders_iteration54.TestDeviceCodeGeneration" name="test_device_owner_generates_9_char_code" time="0.343" /><testcase classname="backend.tests.test_plans_reminders_iteration54.TestDeviceCodeGeneration" name="test_device_admin_generates_8_char_code" time="0.428" /><testcase classname="backend.tests.test_plans_reminders_iteration54.TestDeviceStatus" name="test_device_status_returns_lock_mode" time="1.131" /><testcase classname="backend.tests.test_plans_reminders_iteration54.TestBackupEndpoints" name="test_backup_create" time="0.456" /><testcase classname="backend.tests.test_plans_reminders_iteration54.TestBackupEndpoints" name="test_backup_list" time="0.323" /><testcase classname="backend.tests.test_plans_reminders_iteration54.TestProvisioningQRCode" name="test_qr_code_generation" time="0.317" /></testsuite></testsuites>