<?xml version="1.0" encoding="utf-8"?><testsuites name="pytest tests"><testsuite name="pytest" errors="0" failures="0" skipped="0" tests="9" time="5.515" timestamp="2026-03-14T15:30:07.442548+00:00" hostname="agent-env-30dd9c63-91e1-4a50-859e-ff50eb759a5e"><testcase classname="backend.tests.test_plan_gating_iteration77.TestFeatureAccessEndpoint" name="test_superadmin_feature_access" time="0.447" /><testcase classname="backend.tests.test_plan_gating_iteration77.TestFeatureAccessEndpoint" name="test_starter_user_feature_access" time="0.424" /><testcase classname="backend.tests.test_plan_gating_iteration77.TestHeartbeatAPIGating" name="test_starter_user_blocked_from_heartbeat" time="0.394" /><testcase classname="backend.tests.test_plan_gating_iteration77.TestHeartbeatAPIGating" name="test_superadmin_can_access_heartbeat" time="0.662" /><testcase classname="backend.tests.test_plan_gating_iteration77.TestDashboardAnalyticsAPIGating" name="test_starter_user_blocked_from_dashboard_analytics" time="0.389" /><testcase classname="backend.tests.test_plan_gating_iteration77.TestDashboardAnalyticsAPIGating" name="test_superadmin_can_access_dashboard_analytics" time="0.919" /><testcase classname="backend.tests.test_plan_gating_iteration77.TestPlanHierarchyVerification" name="test_feature_access_consistency" time="0.790" /><testcase classname="backend.tests.test_plan_gating_iteration77.TestTokenValidityForGating" name="test_superadmin_token_returns_custom_plan" time="0.670" /><testcase classname="backend.tests.test_plan_gating_iteration77.TestTokenValidityForGating" name="test_starter_token_returns_starter_plan" time="0.647" /></testsuite></testsuites>