<?xml version="1.0" encoding="utf-8"?><testsuites name="pytest tests"><testsuite name="pytest" errors="0" failures="0" skipped="2" tests="21" time="19.692" timestamp="2026-02-25T22:17:50.480027+00:00" hostname="agent-env-d0646c97-626e-4741-a4db-1ffe3b341191"><testcase classname="backend.tests.test_plans_reminders_iteration54.TestPlanLimits" name="test_plan_limits_returns_plan_info" time="0.200" /><testcase classname="backend.tests.test_plans_reminders_iteration54.TestPlanLimits" name="test_plan_limits_requires_token" time="0.130" /><testcase classname="backend.tests.test_plans_reminders_iteration54.TestPlanFeatures" name="test_plan_features_returns_all_plans" time="0.249" /><testcase classname="backend.tests.test_plans_reminders_iteration54.TestPlanFeatures" name="test_plan_features_structure" time="0.305" /><testcase classname="backend.tests.test_plans_reminders_iteration54.TestReminderConfig" name="test_reminder_config_returns_status" time="0.308" /><testcase classname="backend.tests.test_plans_reminders_iteration54.TestReminderConfig" name="test_reminder_config_requires_token" time="0.217" /><testcase classname="backend.tests.test_plans_reminders_iteration54.TestEmailReminder" name="test_email_reminder_returns_response" time="0.001"><skipped type="pytest.skip" message="No test client available">/app/backend/tests/test_plans_reminders_iteration54.py:220: No test client available</skipped></testcase><testcase classname="backend.tests.test_plans_reminders_iteration54.TestEmailReminder" name="test_email_reminder_client_not_found" time="0.216" /><testcase classname="backend.tests.test_plans_reminders_iteration54.TestEmailReminder" name="test_email_reminder_requires_token" time="0.163" /><testcase classname="backend.tests.test_plans_reminders_iteration54.TestTelegramReminder" name="test_telegram_reminder_returns_response" time="0.000"><skipped type="pytest.skip" message="No test client available">/app/backend/tests/test_plans_reminders_iteration54.py:260: No test client available</skipped></testcase><testcase classname="backend.tests.test_plans_reminders_iteration54.TestTelegramReminder" name="test_telegram_reminder_client_not_found" time="0.132" /><testcase classname="backend.tests.test_plans_reminders_iteration54.TestTelegramReminder" name="test_telegram_reminder_requires_token" time="0.148" /><testcase classname="backend.tests.test_plans_reminders_iteration54.TestBankStatementFileTypes" name="test_bank_statement_rejects_unsupported_format" time="0.160" /><testcase classname="backend.tests.test_plans_reminders_iteration54.TestBankStatementFileTypes" name="test_bank_statement_accepts_csv_extension" time="8.812" /><testcase classname="backend.tests.test_plans_reminders_iteration54.TestBankStatementFileTypes" name="test_bank_statement_accepts_xml_extension" time="4.790" /><testcase classname="backend.tests.test_plans_reminders_iteration54.TestDeviceCodeGeneration" name="test_device_owner_generates_9_char_code" time="0.375" /><testcase classname="backend.tests.test_plans_reminders_iteration54.TestDeviceCodeGeneration" name="test_device_admin_generates_8_char_code" time="0.619" /><testcase classname="backend.tests.test_plans_reminders_iteration54.TestDeviceStatus" name="test_device_status_returns_lock_mode" time="0.988" /><testcase classname="backend.tests.test_plans_reminders_iteration54.TestBackupEndpoints" name="test_backup_create" time="0.145" /><testcase classname="backend.tests.test_plans_reminders_iteration54.TestBackupEndpoints" name="test_backup_list" time="0.373" /><testcase classname="backend.tests.test_plans_reminders_iteration54.TestProvisioningQRCode" name="test_qr_code_generation" time="0.619" /></testsuite></testsuites>