<?xml version="1.0" encoding="utf-8"?><testsuites name="pytest tests"><testsuite name="pytest" errors="0" failures="0" skipped="0" tests="10" time="13.155" timestamp="2026-03-18T12:51:20.009350+00:00" hostname="agent-env-f36f045f-5405-45da-80f6-54f98957db79"><testcase classname="backend.tests.test_platform_fee_device_status_iteration83.TestHealthAndStartup" name="test_health_endpoint" time="0.650" /><testcase classname="backend.tests.test_platform_fee_device_status_iteration83.TestHealthAndStartup" name="test_api_root" time="0.280" /><testcase classname="backend.tests.test_platform_fee_device_status_iteration83.TestSuperAdminLogin" name="test_superadmin_login" time="2.114" /><testcase classname="backend.tests.test_platform_fee_device_status_iteration83.TestPlatformFeeEndpoints" name="test_get_platform_fee_superadmin" time="1.763" /><testcase classname="backend.tests.test_platform_fee_device_status_iteration83.TestPlatformFeeEndpoints" name="test_set_platform_fee_superadmin" time="2.336" /><testcase classname="backend.tests.test_platform_fee_device_status_iteration83.TestPlatformFeeEndpoints" name="test_set_platform_fee_validation" time="0.292" /><testcase classname="backend.tests.test_platform_fee_device_status_iteration83.TestPlatformFeeEndpoints" name="test_get_platform_fee_non_superadmin" time="0.280" /><testcase classname="backend.tests.test_platform_fee_device_status_iteration83.TestDeviceStatusAdminPlan" name="test_device_status_returns_admin_plan" time="2.613" /><testcase classname="backend.tests.test_platform_fee_device_status_iteration83.TestClientsIsRegisteredAndLastHeartbeat" name="test_clients_list_has_required_fields" time="2.484" /><testcase classname="backend.tests.test_platform_fee_device_status_iteration83.TestSubscriptionRenewalTaskStartup" name="test_backend_logs_mention_subscription_renewals" time="0.150" /></testsuite></testsuites>