<?xml version="1.0" encoding="utf-8"?><testsuites name="pytest tests"><testsuite name="pytest" errors="0" failures="0" skipped="0" tests="16" time="3.272" timestamp="2026-02-26T01:37:43.596637+00:00" hostname="agent-env-8677fa2c-d09a-4ab4-af67-fbefc7e1ae31"><testcase classname="backend.tests.test_portal_nfc_features_iteration56.TestAdminAuthAndPortal" name="test_admin_login" time="0.422" /><testcase classname="backend.tests.test_portal_nfc_features_iteration56.TestAdminAuthAndPortal" name="test_portal_returns_html" time="0.155" /><testcase classname="backend.tests.test_portal_nfc_features_iteration56.TestDashboardAndClients" name="test_dashboard_analytics" time="0.158" /><testcase classname="backend.tests.test_portal_nfc_features_iteration56.TestDashboardAndClients" name="test_clients_list" time="0.182" /><testcase classname="backend.tests.test_portal_nfc_features_iteration56.TestReports" name="test_collection_report" time="0.146" /><testcase classname="backend.tests.test_portal_nfc_features_iteration56.TestReports" name="test_financial_report" time="0.180" /><testcase classname="backend.tests.test_portal_nfc_features_iteration56.TestReports" name="test_clients_report" time="0.157" /><testcase classname="backend.tests.test_portal_nfc_features_iteration56.TestReminders" name="test_pending_reminders" time="0.188" /><testcase classname="backend.tests.test_portal_nfc_features_iteration56.TestReminders" name="test_reminder_config" time="0.156" /><testcase classname="backend.tests.test_portal_nfc_features_iteration56.TestProvisioning" name="test_qr_provisioning" time="0.257" /><testcase classname="backend.tests.test_portal_nfc_features_iteration56.TestProvisioning" name="test_nfc_provisioning" time="0.153" /><testcase classname="backend.tests.test_portal_nfc_features_iteration56.TestFeatureSuggestions" name="test_feature_suggestions" time="0.157" /><testcase classname="backend.tests.test_portal_nfc_features_iteration56.TestHeartbeatAndPlans" name="test_heartbeat_summary" time="0.156" /><testcase classname="backend.tests.test_portal_nfc_features_iteration56.TestHeartbeatAndPlans" name="test_loan_plans" time="0.203" /><testcase classname="backend.tests.test_portal_nfc_features_iteration56.TestAdminSettings" name="test_admin_settings" time="0.153" /><testcase classname="backend.tests.test_portal_nfc_features_iteration56.TestReminderAmountBugFix" name="test_pending_reminders_uses_outstanding_balance" time="0.228" /></testsuite></testsuites>