<?xml version="1.0" encoding="utf-8"?><testsuites name="pytest tests"><testsuite name="pytest" errors="0" failures="3" skipped="0" tests="16" time="3.437" timestamp="2026-02-26T01:37:07.164498+00:00" hostname="agent-env-8677fa2c-d09a-4ab4-af67-fbefc7e1ae31"><testcase classname="backend.tests.test_portal_nfc_features_iteration56.TestAdminAuthAndPortal" name="test_admin_login" time="0.525" /><testcase classname="backend.tests.test_portal_nfc_features_iteration56.TestAdminAuthAndPortal" name="test_portal_returns_html" time="0.161" /><testcase classname="backend.tests.test_portal_nfc_features_iteration56.TestDashboardAndClients" name="test_dashboard_analytics" time="0.253" /><testcase classname="backend.tests.test_portal_nfc_features_iteration56.TestDashboardAndClients" name="test_clients_list" time="0.269"><failure message="AssertionError: Clients response should be a list&#10;assert False&#10; +  where False = isinstance({'clients': [{'admin_id': 'a3ff139d-bc1e-4886-9bf0-6e9a8cf5cd99', 'admin_mode_active': False, 'auto_lock_enabled': True, 'auto_lock_grace_days': 3, ...}, {'admin_id': 'a3ff139d-bc1e-4886-9bf0-6e9a8cf5cd99', 'admin_mode_active': False, 'auto_lock_enabled': True, 'auto_lock_grace_days': 3, ...}, {'admin_id': 'a3ff139d-bc1e-4886-9bf0-6e9a8cf5cd99', 'admin_mode_active': False, 'auto_lock_enabled': True, 'auto_lock_grace_days': 3, ...}, {'admin_id': 'a3ff139d-bc1e-4886-9bf0-6e9a8cf5cd99', 'admin_mode_active': False, 'auto_lock_enabled': True, 'auto_lock_grace_days': 3, ...}, {'admin_id': 'a3ff139d-bc1e-4886-9bf0-6e9a8cf5cd99', 'admin_mode_active': False, 'auto_lock_enabled': True, 'auto_lock_grace_days': 3, ...}, {'address': 'Järveääre tee 22, mändjala küla , Saaremaa, 93871', 'admin_id': 'a3ff139d-bc1e-4886-9bf0-6e9a8cf5cd99', 'admin_mode_active': False, 'auto_lock_enabled': False, ...}, ...]}, list)">backend/tests/test_portal_nfc_features_iteration56.py:112: in test_clients_list
    assert isinstance(data, list), "Clients response should be a list"
E   AssertionError: Clients response should be a list
E   assert False
E    +  where False = isinstance({'clients': [{'admin_id': 'a3ff139d-bc1e-4886-9bf0-6e9a8cf5cd99', 'admin_mode_active': False, 'auto_lock_enabled': True, 'auto_lock_grace_days': 3, ...}, {'admin_id': 'a3ff139d-bc1e-4886-9bf0-6e9a8cf5cd99', 'admin_mode_active': False, 'auto_lock_enabled': True, 'auto_lock_grace_days': 3, ...}, {'admin_id': 'a3ff139d-bc1e-4886-9bf0-6e9a8cf5cd99', 'admin_mode_active': False, 'auto_lock_enabled': True, 'auto_lock_grace_days': 3, ...}, {'admin_id': 'a3ff139d-bc1e-4886-9bf0-6e9a8cf5cd99', 'admin_mode_active': False, 'auto_lock_enabled': True, 'auto_lock_grace_days': 3, ...}, {'admin_id': 'a3ff139d-bc1e-4886-9bf0-6e9a8cf5cd99', 'admin_mode_active': False, 'auto_lock_enabled': True, 'auto_lock_grace_days': 3, ...}, {'address': 'Järveääre tee 22, mändjala küla , Saaremaa, 93871', 'admin_id': 'a3ff139d-bc1e-4886-9bf0-6e9a8cf5cd99', 'admin_mode_active': False, 'auto_lock_enabled': False, ...}, ...]}, list)</failure></testcase><testcase classname="backend.tests.test_portal_nfc_features_iteration56.TestReports" name="test_collection_report" time="0.160" /><testcase classname="backend.tests.test_portal_nfc_features_iteration56.TestReports" name="test_financial_report" time="0.126" /><testcase classname="backend.tests.test_portal_nfc_features_iteration56.TestReports" name="test_clients_report" time="0.129" /><testcase classname="backend.tests.test_portal_nfc_features_iteration56.TestReminders" name="test_pending_reminders" time="0.151"><failure message="AssertionError: Pending reminders failed: 500&#10;assert 500 == 200&#10; +  where 500 = &lt;Response [500]&gt;.status_code">backend/tests/test_portal_nfc_features_iteration56.py:197: in test_pending_reminders
    assert response.status_code == 200, f"Pending reminders failed: {response.status_code}"
E   AssertionError: Pending reminders failed: 500
E   assert 500 == 200
E    +  where 500 = &lt;Response [500]&gt;.status_code</failure></testcase><testcase classname="backend.tests.test_portal_nfc_features_iteration56.TestReminders" name="test_reminder_config" time="0.214" /><testcase classname="backend.tests.test_portal_nfc_features_iteration56.TestProvisioning" name="test_qr_provisioning" time="0.206" /><testcase classname="backend.tests.test_portal_nfc_features_iteration56.TestProvisioning" name="test_nfc_provisioning" time="0.183" /><testcase classname="backend.tests.test_portal_nfc_features_iteration56.TestFeatureSuggestions" name="test_feature_suggestions" time="0.136" /><testcase classname="backend.tests.test_portal_nfc_features_iteration56.TestHeartbeatAndPlans" name="test_heartbeat_summary" time="0.196" /><testcase classname="backend.tests.test_portal_nfc_features_iteration56.TestHeartbeatAndPlans" name="test_loan_plans" time="0.156" /><testcase classname="backend.tests.test_portal_nfc_features_iteration56.TestAdminSettings" name="test_admin_settings" time="0.197" /><testcase classname="backend.tests.test_portal_nfc_features_iteration56.TestReminderAmountBugFix" name="test_pending_reminders_uses_outstanding_balance" time="0.135"><failure message="assert 500 == 200&#10; +  where 500 = &lt;Response [500]&gt;.status_code">backend/tests/test_portal_nfc_features_iteration56.py:430: in test_pending_reminders_uses_outstanding_balance
    assert response.status_code == 200
E   assert 500 == 200
E    +  where 500 = &lt;Response [500]&gt;.status_code</failure></testcase></testsuite></testsuites>