<?xml version="1.0" encoding="utf-8"?><testsuites name="pytest tests"><testsuite name="pytest" errors="0" failures="0" skipped="0" tests="13" time="5.568" timestamp="2026-02-13T12:06:59.029541+00:00" hostname="agent-env-d228f27c-8c7f-4d79-9d02-24bc7e8480f7"><testcase classname="backend.tests.test_emi_admin_api.TestAdminLogin" name="test_login_success" time="0.707" /><testcase classname="backend.tests.test_emi_admin_api.TestAdminLogin" name="test_login_invalid_credentials" time="1.029" /><testcase classname="backend.tests.test_emi_admin_api.TestStatsEndpoint" name="test_stats_without_admin_id_returns_error" time="0.169" /><testcase classname="backend.tests.test_emi_admin_api.TestStatsEndpoint" name="test_stats_with_admin_id_returns_user_specific_data" time="0.208" /><testcase classname="backend.tests.test_emi_admin_api.TestCollectionReport" name="test_collection_report_without_admin_id_returns_error" time="0.190" /><testcase classname="backend.tests.test_emi_admin_api.TestCollectionReport" name="test_collection_report_with_admin_id" time="0.559" /><testcase classname="backend.tests.test_emi_admin_api.TestClientReport" name="test_client_report_without_admin_id_returns_error" time="0.842" /><testcase classname="backend.tests.test_emi_admin_api.TestClientReport" name="test_client_report_with_admin_id" time="0.157" /><testcase classname="backend.tests.test_emi_admin_api.TestFinancialReport" name="test_financial_report_without_admin_id_still_works" time="0.156" /><testcase classname="backend.tests.test_emi_admin_api.TestFinancialReport" name="test_financial_report_with_admin_id_includes_admin_info" time="0.283" /><testcase classname="backend.tests.test_emi_admin_api.TestClientCreation" name="test_create_client_with_admin_token" time="0.653" /><testcase classname="backend.tests.test_emi_admin_api.TestClientCreation" name="test_create_client_without_token" time="0.195" /><testcase classname="backend.tests.test_emi_admin_api.TestHealthCheck" name="test_health_endpoint" time="0.163" /></testsuite></testsuites>