<?xml version="1.0" encoding="utf-8"?><testsuites name="pytest tests"><testsuite name="pytest" errors="0" failures="0" skipped="0" tests="13" time="6.210" timestamp="2026-02-14T03:43:44.642910+00:00" hostname="agent-env-bc3c82b2-8417-4ce1-8c6b-d90f4789075a"><testcase classname="backend.tests.test_loan_plans_and_auth.TestAdminLoginAndAuth" name="test_login_success_returns_token_id_role" time="0.556" /><testcase classname="backend.tests.test_loan_plans_and_auth.TestAdminLoginAndAuth" name="test_login_invalid_credentials_returns_401" time="0.160" /><testcase classname="backend.tests.test_loan_plans_and_auth.TestTokenVerification" name="test_verify_valid_token" time="0.440" /><testcase classname="backend.tests.test_loan_plans_and_auth.TestTokenVerification" name="test_verify_invalid_token_returns_401" time="0.129" /><testcase classname="backend.tests.test_loan_plans_and_auth.TestLoanPlanCRUD" name="test_full_loan_plan_crud_flow" time="1.167" /><testcase classname="backend.tests.test_loan_plans_and_auth.TestLoanPlanCRUD" name="test_loan_plan_operations_with_invalid_token_return_401" time="0.796" /><testcase classname="backend.tests.test_loan_plans_and_auth.TestLoanPlanCRUD" name="test_list_loan_plans_requires_admin_id" time="0.200" /><testcase classname="backend.tests.test_loan_plans_and_auth.TestAddClient" name="test_create_client_with_admin_token" time="0.542" /><testcase classname="backend.tests.test_loan_plans_and_auth.TestAddClient" name="test_create_client_with_invalid_token_returns_401" time="0.184" /><testcase classname="backend.tests.test_loan_plans_and_auth.TestDeviceStatusAndAdminMode" name="test_device_status_and_admin_mode_flow" time="1.199" /><testcase classname="backend.tests.test_loan_plans_and_auth.TestDeviceStatusAndAdminMode" name="test_device_status_for_nonexistent_client_returns_404" time="0.170" /><testcase classname="backend.tests.test_loan_plans_and_auth.TestDeviceStatusAndAdminMode" name="test_report_admin_status_for_nonexistent_client_returns_404" time="0.137" /><testcase classname="backend.tests.test_loan_plans_and_auth.TestHealthCheck" name="test_health_endpoint" time="0.156" /></testsuite></testsuites>