<?xml version="1.0" encoding="utf-8"?><testsuites name="pytest tests"><testsuite name="pytest" errors="0" failures="0" skipped="0" tests="12" time="7.783" timestamp="2026-03-16T12:28:56.160502+00:00" hostname="agent-env-30dd9c63-91e1-4a50-859e-ff50eb759a5e"><testcase classname="backend.tests.test_registration_flow.TestRegistrationFlow" name="test_01_register_creates_pending_registration" time="1.144" /><testcase classname="backend.tests.test_registration_flow.TestRegistrationFlow" name="test_02_duplicate_username_rejected" time="0.393" /><testcase classname="backend.tests.test_registration_flow.TestRegistrationFlow" name="test_03_duplicate_email_rejected" time="0.636" /><testcase classname="backend.tests.test_registration_flow.TestRegistrationFlow" name="test_04_verify_email_with_wrong_code_fails" time="0.265" /><testcase classname="backend.tests.test_registration_flow.TestRegistrationFlow" name="test_05_verify_email_success_creates_admin" time="0.795" /><testcase classname="backend.tests.test_registration_flow.TestRegistrationFlow" name="test_06_verify_token_works" time="0.815" /><testcase classname="backend.tests.test_registration_flow.TestRegistrationFlow" name="test_07_demo_user_feature_access" time="0.371" /><testcase classname="backend.tests.test_registration_flow.TestRegistrationFlow" name="test_08_login_with_new_account" time="1.031" /><testcase classname="backend.tests.test_registration_flow.TestResendVerification" name="test_01_register_for_resend" time="1.094" /><testcase classname="backend.tests.test_registration_flow.TestResendVerification" name="test_02_resend_verification_success" time="0.585" /><testcase classname="backend.tests.test_registration_flow.TestResendVerification" name="test_03_resend_for_nonexistent_email_fails" time="0.257" /><testcase classname="backend.tests.test_registration_flow.TestVerifyEmailEdgeCases" name="test_verify_nonexistent_email" time="0.266" /></testsuite></testsuites>