<?xml version="1.0" encoding="utf-8"?><testsuites name="pytest tests"><testsuite name="pytest" errors="0" failures="3" skipped="0" tests="15" time="8.983" timestamp="2026-02-25T22:56:18.102166+00:00" hostname="agent-env-d0646c97-626e-4741-a4db-1ffe3b341191"><testcase classname="backend.tests.test_reminders_whatsapp_iteration55.TestReminderConfig" name="test_reminder_config_email_configured" time="0.147" /><testcase classname="backend.tests.test_reminders_whatsapp_iteration55.TestEmailReminder" name="test_send_email_reminder_success" time="0.618" /><testcase classname="backend.tests.test_reminders_whatsapp_iteration55.TestEmailReminder" name="test_send_email_reminder_no_email" time="0.171"><failure message="assert 422 == 200&#10; +  where 422 = &lt;Response [422]&gt;.status_code">backend/tests/test_reminders_whatsapp_iteration55.py:168: in test_send_email_reminder_no_email
    assert resp.status_code == 200
E   assert 422 == 200
E    +  where 422 = &lt;Response [422]&gt;.status_code</failure></testcase><testcase classname="backend.tests.test_reminders_whatsapp_iteration55.TestEmailReminder" name="test_send_email_reminder_not_found" time="0.769" /><testcase classname="backend.tests.test_reminders_whatsapp_iteration55.TestWhatsAppLink" name="test_whatsapp_link_returns_deep_link" time="0.724" /><testcase classname="backend.tests.test_reminders_whatsapp_iteration55.TestWhatsAppLink" name="test_whatsapp_link_no_phone" time="0.202"><failure message="assert 422 == 200&#10; +  where 422 = &lt;Response [422]&gt;.status_code">backend/tests/test_reminders_whatsapp_iteration55.py:281: in test_whatsapp_link_no_phone
    assert resp.status_code == 200
E   assert 422 == 200
E    +  where 422 = &lt;Response [422]&gt;.status_code</failure></testcase><testcase classname="backend.tests.test_reminders_whatsapp_iteration55.TestWhatsAppLink" name="test_whatsapp_link_not_found" time="0.354" /><testcase classname="backend.tests.test_reminders_whatsapp_iteration55.TestWhatsAppSend" name="test_send_whatsapp_returns_deep_link" time="0.282" /><testcase classname="backend.tests.test_reminders_whatsapp_iteration55.TestWhatsAppSend" name="test_send_whatsapp_no_phone" time="0.295"><failure message="assert 422 == 200&#10; +  where 422 = &lt;Response [422]&gt;.status_code">backend/tests/test_reminders_whatsapp_iteration55.py:387: in test_send_whatsapp_no_phone
    assert resp.status_code == 200
E   assert 422 == 200
E    +  where 422 = &lt;Response [422]&gt;.status_code</failure></testcase><testcase classname="backend.tests.test_reminders_whatsapp_iteration55.TestBulkEmail" name="test_bulk_email_returns_counts" time="3.196" /><testcase classname="backend.tests.test_reminders_whatsapp_iteration55.TestBackupRegression" name="test_backup_create" time="0.224" /><testcase classname="backend.tests.test_reminders_whatsapp_iteration55.TestPlansRegression" name="test_plans_limits_superadmin" time="0.179" /><testcase classname="backend.tests.test_reminders_whatsapp_iteration55.TestPlansRegression" name="test_plans_features_starter" time="0.160" /><testcase classname="backend.tests.test_reminders_whatsapp_iteration55.TestDeviceModeRegression" name="test_generate_code_with_lock_mode" time="0.338" /><testcase classname="backend.tests.test_reminders_whatsapp_iteration55.TestDeviceModeRegression" name="test_device_status_returns_lock_mode" time="0.684" /></testsuite></testsuites>