<?xml version="1.0" encoding="utf-8"?><testsuites name="pytest tests"><testsuite name="pytest" errors="0" failures="0" skipped="0" tests="15" time="13.163" timestamp="2026-02-25T22:57:08.812879+00:00" hostname="agent-env-d0646c97-626e-4741-a4db-1ffe3b341191"><testcase classname="backend.tests.test_reminders_whatsapp_iteration55.TestReminderConfig" name="test_reminder_config_email_configured" time="0.275" /><testcase classname="backend.tests.test_reminders_whatsapp_iteration55.TestEmailReminder" name="test_send_email_reminder_success" time="1.052" /><testcase classname="backend.tests.test_reminders_whatsapp_iteration55.TestEmailReminder" name="test_send_email_reminder_no_email" time="0.696" /><testcase classname="backend.tests.test_reminders_whatsapp_iteration55.TestEmailReminder" name="test_send_email_reminder_not_found" time="0.396" /><testcase classname="backend.tests.test_reminders_whatsapp_iteration55.TestWhatsAppLink" name="test_whatsapp_link_returns_deep_link" time="0.473" /><testcase classname="backend.tests.test_reminders_whatsapp_iteration55.TestWhatsAppLink" name="test_whatsapp_link_no_phone" time="1.091" /><testcase classname="backend.tests.test_reminders_whatsapp_iteration55.TestWhatsAppLink" name="test_whatsapp_link_not_found" time="0.455" /><testcase classname="backend.tests.test_reminders_whatsapp_iteration55.TestWhatsAppSend" name="test_send_whatsapp_returns_deep_link" time="0.447" /><testcase classname="backend.tests.test_reminders_whatsapp_iteration55.TestWhatsAppSend" name="test_send_whatsapp_no_phone" time="0.890" /><testcase classname="backend.tests.test_reminders_whatsapp_iteration55.TestBulkEmail" name="test_bulk_email_returns_counts" time="4.255" /><testcase classname="backend.tests.test_reminders_whatsapp_iteration55.TestBackupRegression" name="test_backup_create" time="0.583" /><testcase classname="backend.tests.test_reminders_whatsapp_iteration55.TestPlansRegression" name="test_plans_limits_superadmin" time="0.223" /><testcase classname="backend.tests.test_reminders_whatsapp_iteration55.TestPlansRegression" name="test_plans_features_starter" time="0.237" /><testcase classname="backend.tests.test_reminders_whatsapp_iteration55.TestDeviceModeRegression" name="test_generate_code_with_lock_mode" time="0.417" /><testcase classname="backend.tests.test_reminders_whatsapp_iteration55.TestDeviceModeRegression" name="test_device_status_returns_lock_mode" time="0.872" /></testsuite></testsuites>