<?xml version="1.0" encoding="utf-8"?><testsuites name="pytest tests"><testsuite name="pytest" errors="0" failures="0" skipped="0" tests="26" time="199.172" timestamp="2026-02-22T10:09:24.817005+00:00" hostname="agent-env-61056e00-ac73-467d-a8eb-a5f7f5f72a05"><testcase classname="backend.tests.test_reports_and_seb_iteration39.TestFinancialReport" name="test_financial_report_returns_200" time="0.591" /><testcase classname="backend.tests.test_reports_and_seb_iteration39.TestFinancialReport" name="test_financial_report_has_totals_block" time="0.124" /><testcase classname="backend.tests.test_reports_and_seb_iteration39.TestFinancialReport" name="test_financial_report_interest_earned_nonzero" time="0.157" /><testcase classname="backend.tests.test_reports_and_seb_iteration39.TestFinancialReport" name="test_financial_report_has_monthly_interest_list" time="0.119" /><testcase classname="backend.tests.test_reports_and_seb_iteration39.TestFinancialReport" name="test_financial_report_monthly_trend_has_interest" time="0.128" /><testcase classname="backend.tests.test_reports_and_seb_iteration39.TestCollectionReport" name="test_collection_report_returns_200" time="0.173" /><testcase classname="backend.tests.test_reports_and_seb_iteration39.TestCollectionReport" name="test_collection_report_nested_overview" time="0.117" /><testcase classname="backend.tests.test_reports_and_seb_iteration39.TestCollectionReport" name="test_collection_report_nested_financial" time="0.131" /><testcase classname="backend.tests.test_reports_and_seb_iteration39.TestCollectionReport" name="test_collection_report_nested_this_month" time="0.128" /><testcase classname="backend.tests.test_reports_and_seb_iteration39.TestCollectionReport" name="test_collection_report_flat_fields_backward_compat" time="0.115" /><testcase classname="backend.tests.test_reports_and_seb_iteration39.TestClientsReport" name="test_clients_report_returns_200" time="0.116" /><testcase classname="backend.tests.test_reports_and_seb_iteration39.TestClientsReport" name="test_clients_report_has_summary" time="0.126" /><testcase classname="backend.tests.test_reports_and_seb_iteration39.TestClientsReport" name="test_clients_report_has_details" time="0.122" /><testcase classname="backend.tests.test_reports_and_seb_iteration39.TestClientsReport" name="test_clients_report_summary_counts_are_integers" time="0.120" /><testcase classname="backend.tests.test_reports_and_seb_iteration39.TestClientsReport" name="test_clients_report_is_not_flat_array" time="0.117" /><testcase classname="backend.tests.test_reports_and_seb_iteration39.TestSEBBankStatement" name="test_seb_upload_returns_200" time="39.158" /><testcase classname="backend.tests.test_reports_and_seb_iteration39.TestSEBBankStatement" name="test_seb_bank_name_detected" time="41.826" /><testcase classname="backend.tests.test_reports_and_seb_iteration39.TestSEBBankStatement" name="test_seb_summary_non_zero" time="35.854" /><testcase classname="backend.tests.test_reports_and_seb_iteration39.TestSEBBankStatement" name="test_seb_has_period" time="32.977" /><testcase classname="backend.tests.test_reports_and_seb_iteration39.TestSEBBankStatement" name="test_seb_has_income_and_expense_categories" time="46.028" /><testcase classname="backend.tests.test_reports_and_seb_iteration39.TestAnalyticsDashboard" name="test_dashboard_returns_200" time="0.206" /><testcase classname="backend.tests.test_reports_and_seb_iteration39.TestAnalyticsDashboard" name="test_dashboard_has_monthly_interest" time="0.120" /><testcase classname="backend.tests.test_reports_and_seb_iteration39.TestAnalyticsDashboard" name="test_dashboard_monthly_interest_has_entries" time="0.119" /><testcase classname="backend.tests.test_reports_and_seb_iteration39.TestAnalyticsDashboard" name="test_dashboard_monthly_interest_has_nonzero_value" time="0.112" /><testcase classname="backend.tests.test_reports_and_seb_iteration39.TestAnalyticsDashboard" name="test_dashboard_has_overview" time="0.115" /><testcase classname="backend.tests.test_reports_and_seb_iteration39.TestAnalyticsDashboard" name="test_dashboard_has_financial" time="0.117" /></testsuite></testsuites>