<?xml version="1.0" encoding="utf-8"?><testsuites name="pytest tests"><testsuite name="pytest" errors="0" failures="0" skipped="0" tests="11" time="6.471" timestamp="2026-02-27T02:12:32.549573+00:00" hostname="agent-env-0b8885d6-9f80-4f8b-ae1b-15bb748b90cf"><testcase classname="backend.tests.test_stripe_tracker_iteration70.TestAdminAuth" name="test_admin_login" time="0.946" /><testcase classname="backend.tests.test_stripe_tracker_iteration70.TestStripePaymentTracker" name="test_payment_tracker_returns_payments_list" time="0.518" /><testcase classname="backend.tests.test_stripe_tracker_iteration70.TestStripePaymentTracker" name="test_payment_tracker_summary_has_required_fields" time="0.523" /><testcase classname="backend.tests.test_stripe_tracker_iteration70.TestStripePaymentTracker" name="test_payment_tracker_payment_item_structure" time="0.516" /><testcase classname="backend.tests.test_stripe_tracker_iteration70.TestStripePaymentTracker" name="test_payment_tracker_limit_parameter" time="0.523" /><testcase classname="backend.tests.test_stripe_tracker_iteration70.TestStripePaymentTracker" name="test_payment_tracker_requires_auth" time="0.175" /><testcase classname="backend.tests.test_stripe_tracker_iteration70.TestRefreshStripePayment" name="test_refresh_payment_success" time="1.423" /><testcase classname="backend.tests.test_stripe_tracker_iteration70.TestRefreshStripePayment" name="test_refresh_payment_not_found" time="0.416" /><testcase classname="backend.tests.test_stripe_tracker_iteration70.TestRefreshStripePayment" name="test_refresh_payment_requires_auth" time="0.129" /><testcase classname="backend.tests.test_stripe_tracker_iteration70.TestPaymentTrackerDataIntegrity" name="test_summary_counts_match_payments" time="0.520" /><testcase classname="backend.tests.test_stripe_tracker_iteration70.TestPaymentTrackerDataIntegrity" name="test_summary_amounts_are_correct" time="0.519" /></testsuite></testsuites>