<?xml version="1.0" encoding="utf-8"?><testsuites name="pytest tests"><testsuite name="pytest" errors="0" failures="0" skipped="0" tests="14" time="14.482" timestamp="2026-02-27T01:53:50.048095+00:00" hostname="agent-env-0b8885d6-9f80-4f8b-ae1b-15bb748b90cf"><testcase classname="backend.tests.test_stripe_payment_automation_iteration69.TestAdminLogin" name="test_login_success" time="0.826" /><testcase classname="backend.tests.test_stripe_payment_automation_iteration69.TestCreatePaymentLink" name="test_create_payment_link_success" time="1.809" /><testcase classname="backend.tests.test_stripe_payment_automation_iteration69.TestCreatePaymentLink" name="test_create_payment_link_invalid_client" time="0.424" /><testcase classname="backend.tests.test_stripe_payment_automation_iteration69.TestCreatePaymentLink" name="test_create_payment_link_zero_amount" time="0.386" /><testcase classname="backend.tests.test_stripe_payment_automation_iteration69.TestToggleAutopay" name="test_toggle_autopay_enable" time="1.380" /><testcase classname="backend.tests.test_stripe_payment_automation_iteration69.TestToggleAutopay" name="test_toggle_autopay_disable" time="0.548" /><testcase classname="backend.tests.test_stripe_payment_automation_iteration69.TestToggleAutopay" name="test_toggle_autopay_invalid_client" time="0.431" /><testcase classname="backend.tests.test_stripe_payment_automation_iteration69.TestGetPaymentMethods" name="test_get_payment_methods_success" time="1.367" /><testcase classname="backend.tests.test_stripe_payment_automation_iteration69.TestGetPaymentMethods" name="test_get_payment_methods_invalid_client" time="0.394" /><testcase classname="backend.tests.test_stripe_payment_automation_iteration69.TestAdminSettingsAutoCharge" name="test_get_admin_settings_has_auto_charge" time="1.186" /><testcase classname="backend.tests.test_stripe_payment_automation_iteration69.TestAdminSettingsAutoCharge" name="test_update_admin_settings_enable_auto_charge" time="0.517" /><testcase classname="backend.tests.test_stripe_payment_automation_iteration69.TestAdminSettingsAutoCharge" name="test_update_admin_settings_disable_auto_charge" time="0.517" /><testcase classname="backend.tests.test_stripe_payment_automation_iteration69.TestAdminSettingsAutoCharge" name="test_verify_auto_charge_persisted" time="1.060" /><testcase classname="backend.tests.test_stripe_payment_automation_iteration69.TestPaymentLinkWithAutoPay" name="test_integration_autopay_flow" time="3.491" /></testsuite></testsuites>