<?xml version="1.0" encoding="utf-8"?><testsuites name="pytest tests"><testsuite name="pytest" errors="0" failures="0" skipped="0" tests="7" time="2.733" timestamp="2026-02-24T05:52:25.296293+00:00" hostname="agent-env-41418ccc-1aaa-4918-a1d4-7d1e2fe2491a"><testcase classname="backend.tests.test_swappa_price_scraper_iteration46.TestAdminLogin" name="test_login_returns_token" time="0.342" /><testcase classname="backend.tests.test_swappa_price_scraper_iteration46.TestClientsWithCreditScore" name="test_clients_have_credit_score" time="0.402" /><testcase classname="backend.tests.test_swappa_price_scraper_iteration46.TestSwappaPriceFetchWithForce" name="test_fetch_price_with_force_for_sm_a326b" time="0.566" /><testcase classname="backend.tests.test_swappa_price_scraper_iteration46.TestSwappaPriceFetchCached" name="test_fetch_price_returns_cached_without_force" time="0.119" /><testcase classname="backend.tests.test_swappa_price_scraper_iteration46.TestSwappaPriceErrorForGenericModel" name="test_fetch_price_returns_404_for_generic_samsung_galaxy" time="0.544" /><testcase classname="backend.tests.test_swappa_price_scraper_iteration46.TestPriceDataPersistence" name="test_price_data_fields_in_response" time="0.127" /><testcase classname="backend.tests.test_swappa_price_scraper_iteration46.TestAnotherSamsungModel" name="test_fetch_price_for_z_fold6" time="0.443" /></testsuite></testsuites>