<?xml version="1.0" encoding="utf-8"?><testsuites name="pytest tests"><testsuite name="pytest" errors="0" failures="0" skipped="0" tests="27" time="11.935" timestamp="2026-02-26T23:25:52.124112+00:00" hostname="agent-env-42dc9f97-5699-4de2-90db-820aeb765b78"><testcase classname="tests.test_website_portal_automation.TestHealthAndBasicAPI" name="test_health_endpoint" time="0.259" /><testcase classname="tests.test_website_portal_automation.TestHealthAndBasicAPI" name="test_api_root" time="0.171" /><testcase classname="tests.test_website_portal_automation.TestWebsitePages" name="test_website_homepage" time="0.153" /><testcase classname="tests.test_website_portal_automation.TestWebsitePages" name="test_website_pricing_page" time="0.150" /><testcase classname="tests.test_website_portal_automation.TestWebsitePages" name="test_website_how_it_works_page" time="0.144" /><testcase classname="tests.test_website_portal_automation.TestWebsitePages" name="test_website_contact_page" time="0.121" /><testcase classname="tests.test_website_portal_automation.TestWebsitePages" name="test_website_privacy_policy_page" time="0.210" /><testcase classname="tests.test_website_portal_automation.TestWebsitePages" name="test_website_terms_of_use_page" time="0.195" /><testcase classname="tests.test_website_portal_automation.TestWebsitePages" name="test_website_css_loads" time="0.148" /><testcase classname="tests.test_website_portal_automation.TestWebsitePages" name="test_website_js_loads" time="0.121" /><testcase classname="tests.test_website_portal_automation.TestWebsitePages" name="test_website_zip_download" time="0.151" /><testcase classname="tests.test_website_portal_automation.TestWebsitePages" name="test_website_has_portal_link" time="0.132" /><testcase classname="tests.test_website_portal_automation.TestPortalAccess" name="test_portal_html_loads" time="0.145" /><testcase classname="tests.test_website_portal_automation.TestPortalAccess" name="test_portal_css_loads" time="0.137" /><testcase classname="tests.test_website_portal_automation.TestPortalAccess" name="test_portal_js_loads" time="0.147" /><testcase classname="tests.test_website_portal_automation.TestPortalAccess" name="test_portal_translations_loads" time="0.155" /><testcase classname="tests.test_website_portal_automation.TestAdminLogin" name="test_admin_login_success" time="0.809" /><testcase classname="tests.test_website_portal_automation.TestAdminLogin" name="test_admin_login_invalid_credentials" time="0.269" /><testcase classname="tests.test_website_portal_automation.TestPaymentAutomationSettingsAPI" name="test_get_settings_returns_automation_fields" time="1.217" /><testcase classname="tests.test_website_portal_automation.TestPaymentAutomationSettingsAPI" name="test_update_payment_auto_reminder_enabled" time="1.103" /><testcase classname="tests.test_website_portal_automation.TestPaymentAutomationSettingsAPI" name="test_update_payment_auto_reminder_days_before" time="1.052" /><testcase classname="tests.test_website_portal_automation.TestPaymentAutomationSettingsAPI" name="test_update_payment_auto_lock_enabled" time="1.103" /><testcase classname="tests.test_website_portal_automation.TestPaymentAutomationSettingsAPI" name="test_update_payment_auto_late_fee_enabled" time="1.063" /><testcase classname="tests.test_website_portal_automation.TestPaymentAutomationSettingsAPI" name="test_update_payment_late_fee_frequency_days" time="1.059" /><testcase classname="tests.test_website_portal_automation.TestPaymentAutomationSettingsAPI" name="test_update_payment_reminder_channels" time="1.104" /><testcase classname="tests.test_website_portal_automation.TestPaymentAutomationSettingsAPI" name="test_settings_require_auth" time="0.237" /><testcase classname="tests.test_website_portal_automation.TestPortalJSHasPaymentAutomationSection" name="test_portal_js_has_payment_automation_ui" time="0.177" /></testsuite></testsuites>